2023-06-09 07:30:15,818 [INFO] Activator:176 - 


2023-06-09 07:30:15,822 [INFO] Activator:177 - !SESSION log4j initialized
2023-06-09 07:30:19,590 [INFO] LogOutputStream:77 - [STDOUT_REDIRECT] 
2023-06-09 07:30:40,751 [ERROR] LogOutputStream:75 - [STDERR_REDIRECT] SLF4J: Failed to load class "org.slf4j.impl.StaticLoggerBinder".
2023-06-09 07:30:40,752 [ERROR] LogOutputStream:75 - [STDERR_REDIRECT] SLF4J: Defaulting to no-operation (NOP) logger implementation
2023-06-09 07:30:40,752 [ERROR] LogOutputStream:75 - [STDERR_REDIRECT] SLF4J: See http://www.slf4j.org/codes.html#StaticLoggerBinder for further details.
2023-06-09 08:37:33,859 [INFO] ApplicationProperties:184 - Using Application install path: /opt/st/stm32cubeide_1.12.1/plugins/com.st.stm32cube.common.mx_6.8.1.202304191431
2023-06-09 08:37:33,879 [INFO] DbMcusXml:78 - Set database path to: /opt/st/stm32cubeide_1.12.1/plugins/com.st.stm32cube.common.mx_6.8.1.202304191431//db//mcu/
2023-06-09 08:37:33,880 [INFO] ApiDb:274 - Set plugin database path to: /opt/st/stm32cubeide_1.12.1/plugins/com.st.stm32cube.common.mx_6.8.1.202304191431//db//plugins/boardmanager/
2023-06-09 08:37:33,883 [WARN] ApiDb:259 - Overriding images path with different value:  => /opt/st/stm32cubeide_1.12.1/plugins/com.st.stm32cube.common.mx_6.8.1.202304191431//db//plugins/mcufinder/images/
2023-06-09 08:37:33,900 [INFO] ApiDb:250 - Set database path to: /home/thales/.stmcufinder/plugins/mcufinder//mcu/
2023-06-09 08:37:33,902 [INFO] DbMcusAds:125 - Set database path to: /home/thales/.stmcufinder/plugins/mcufinder//mcu/
2023-06-09 08:37:34,465 [INFO] CrossReferenceDbSqlite:203 - Set database path to: /home/thales/.stmcufinder/plugins/mcufinder//mcu/cs/
2023-06-09 08:37:34,572 [INFO] RulesReader:64 - Compatibility file has been processed (293 Rules)
2023-06-09 08:37:34,630 [INFO] DbMcusXml:78 - Set database path to: /opt/st/stm32cubeide_1.12.1/plugins/com.st.stm32cube.common.mx_6.8.1.202304191431//db//mcu/
2023-06-09 08:37:34,630 [INFO] ApiDb:274 - Set plugin database path to: /opt/st/stm32cubeide_1.12.1/plugins/com.st.stm32cube.common.mx_6.8.1.202304191431//db//plugins/boardmanager/
2023-06-09 08:37:34,631 [INFO] ApiDb:261 - Set plugin images path to: /opt/st/stm32cubeide_1.12.1/plugins/com.st.stm32cube.common.mx_6.8.1.202304191431//db//plugins/mcufinder/images/
2023-06-09 08:37:34,631 [WARN] DbFile:41 - Overriding database path with different value: /home/thales/.stmcufinder/plugins/mcufinder/ => /home/thales/.stmcufinder/plugins/mcufinder
2023-06-09 08:37:34,631 [INFO] ApiDb:250 - Set database path to: /home/thales/.stmcufinder/plugins/mcufinder//mcu/
2023-06-09 08:37:34,631 [WARN] DbFile:41 - Overriding database path with different value: /home/thales/.stmcufinder/plugins/mcufinder/ => /home/thales/.stmcufinder/plugins/mcufinder
2023-06-09 08:37:34,631 [INFO] DbMcusAds:125 - Set database path to: /home/thales/.stmcufinder/plugins/mcufinder//mcu/
2023-06-09 08:37:34,631 [WARN] DbFile:41 - Overriding database path with different value: /home/thales/.stmcufinder/plugins/mcufinder/ => /home/thales/.stmcufinder/plugins/mcufinder
2023-06-09 08:37:34,632 [WARN] DbFile:41 - Overriding database path with different value: /home/thales/.stmcufinder/plugins/mcufinder/ => /home/thales/.stmcufinder/plugins/mcufinder
2023-06-09 08:37:34,632 [INFO] CrossReferenceDbSqlite:203 - Set database path to: /home/thales/.stmcufinder/plugins/mcufinder//mcu/cs/
2023-06-09 08:37:34,696 [INFO] MainPanel:253 - HeapMemory: 403701760
2023-06-09 08:37:34,781 [INFO] DbMcusXml:78 - Set database path to: /opt/st/stm32cubeide_1.12.1/plugins/com.st.stm32cube.common.mx_6.8.1.202304191431//db//mcu/
2023-06-09 08:37:34,781 [INFO] ApiDb:274 - Set plugin database path to: /opt/st/stm32cubeide_1.12.1/plugins/com.st.stm32cube.common.mx_6.8.1.202304191431//db//plugins/boardmanager/
2023-06-09 08:37:34,781 [INFO] ApiDb:261 - Set plugin images path to: /opt/st/stm32cubeide_1.12.1/plugins/com.st.stm32cube.common.mx_6.8.1.202304191431//db//plugins/mcufinder/images/
2023-06-09 08:37:34,782 [WARN] DbFile:41 - Overriding database path with different value: /home/thales/.stmcufinder/plugins/mcufinder/ => /home/thales/.stmcufinder/plugins/mcufinder
2023-06-09 08:37:34,782 [INFO] ApiDb:250 - Set database path to: /home/thales/.stmcufinder/plugins/mcufinder//mcu/
2023-06-09 08:37:34,782 [WARN] DbFile:41 - Overriding database path with different value: /home/thales/.stmcufinder/plugins/mcufinder/ => /home/thales/.stmcufinder/plugins/mcufinder
2023-06-09 08:37:34,782 [INFO] DbMcusAds:125 - Set database path to: /home/thales/.stmcufinder/plugins/mcufinder//mcu/
2023-06-09 08:37:34,782 [WARN] DbFile:41 - Overriding database path with different value: /home/thales/.stmcufinder/plugins/mcufinder/ => /home/thales/.stmcufinder/plugins/mcufinder
2023-06-09 08:37:34,782 [WARN] DbFile:41 - Overriding database path with different value: /home/thales/.stmcufinder/plugins/mcufinder/ => /home/thales/.stmcufinder/plugins/mcufinder
2023-06-09 08:37:34,782 [INFO] CrossReferenceDbSqlite:203 - Set database path to: /home/thales/.stmcufinder/plugins/mcufinder//mcu/cs/
2023-06-09 08:37:34,797 [INFO] ApplicationProperties:184 - Using Application install path: /opt/st/stm32cubeide_1.12.1/plugins/com.st.stm32cube.common.mx_6.8.1.202304191431
2023-06-09 08:37:34,798 [INFO] PluginManage:196 - Search for loadable plugins [exclusion list=, ]
2023-06-09 08:37:34,799 [INFO] PluginManage:310 - Check plugin analytics
2023-06-09 08:37:34,926 [INFO] AnalyticsPlugin:253 - Accepted Software Licenses: 
2023-06-09 08:37:34,926 [INFO] AnalyticsPlugin:255 - Accepted CMSIS Pack Licenses: 
2023-06-09 08:37:34,926 [INFO] AnalyticsPlugin:257 - Accepted Firmware Licenses: 
2023-06-09 08:37:34,933 [INFO] PluginManage:359 - Loaded plugin analytics (category:tool,tabindex:-1)
2023-06-09 08:37:34,934 [INFO] PluginManage:310 - Check plugin cadmodel
2023-06-09 08:37:34,978 [INFO] CADModel:105 - Init CAD model plugin
2023-06-09 08:37:34,978 [INFO] PluginManage:359 - Loaded plugin cadmodel (category:power,tabindex:5)
2023-06-09 08:37:34,978 [INFO] PluginManage:310 - Check plugin clock
2023-06-09 08:37:34,988 [INFO] PluginManage:359 - Loaded plugin clock (category:base,tabindex:2)
2023-06-09 08:37:34,988 [INFO] PluginManage:310 - Check plugin ddr
2023-06-09 08:37:34,991 [INFO] PluginManage:359 - Loaded plugin ddr (category:tool,tabindex:6)
2023-06-09 08:37:34,991 [INFO] PluginManage:310 - Check plugin filemanager
2023-06-09 08:37:35,112 [INFO] PluginManage:359 - Loaded plugin filemanager (category:base,tabindex:10)
2023-06-09 08:37:35,112 [INFO] PluginManage:310 - Check plugin ipmanager
2023-06-09 08:37:35,118 [INFO] PluginManage:359 - Loaded plugin ipmanager (category:base,tabindex:5)
2023-06-09 08:37:35,118 [INFO] PluginManage:310 - Check plugin lpbam
2023-06-09 08:37:35,127 [INFO] PluginManage:359 - Loaded plugin lpbam (category:base,tabindex:0)
2023-06-09 08:37:35,127 [INFO] PluginManage:310 - Check plugin pinoutandconfiguration
2023-06-09 08:37:35,134 [INFO] PluginManage:359 - Loaded plugin pinoutandconfiguration (category:base,tabindex:1)
2023-06-09 08:37:35,134 [INFO] PluginManage:310 - Check plugin pinoutconfig
2023-06-09 08:37:35,196 [WARN] SupportedApi:132 - Cannot load RTOS API schema: s4s-elt-must-match.1: The content of 'definitions' must match (annotation?, (simpleType | complexType)?, (unique | key | keyref)*)). A problem was found starting at: attribute.
2023-06-09 08:37:35,307 [INFO] PluginManage:359 - Loaded plugin pinoutconfig (category:base,tabindex:0)
2023-06-09 08:37:35,307 [INFO] PluginManage:310 - Check plugin power
2023-06-09 08:37:35,319 [INFO] PluginManage:359 - Loaded plugin power (category:power,tabindex:4)
2023-06-09 08:37:35,319 [INFO] PluginManage:310 - Check plugin projectmanager
2023-06-09 08:37:35,331 [INFO] PluginManage:359 - Loaded plugin projectmanager (category:projectmanager,tabindex:3)
2023-06-09 08:37:35,332 [INFO] PluginManage:310 - Check plugin thirdparty
2023-06-09 08:37:35,420 [INFO] PluginManage:359 - Loaded plugin thirdparty (category:base,tabindex:-1)
2023-06-09 08:37:35,420 [WARN] IntegrityCheckThread:84 - waiting for thirdparty lock release [integrity check]
2023-06-09 08:37:35,420 [INFO] PluginManage:310 - Check plugin tools
2023-06-09 08:37:35,420 [INFO] IntegrityCheckThread:86 - entering critical section [integrity check]
2023-06-09 08:37:35,422 [INFO] ThirdPartyUpdaterWithRetryManager:70 - Updater plugin not ready yet. [1/15]
2023-06-09 08:37:35,423 [INFO] PluginManage:359 - Loaded plugin tools (category:base,tabindex:7)
2023-06-09 08:37:35,423 [INFO] PluginManage:310 - Check plugin tutovideos
2023-06-09 08:37:35,576 [INFO] PluginManage:359 - Loaded plugin tutovideos (category:base,tabindex:-1)
2023-06-09 08:37:35,576 [INFO] PluginManage:310 - Check plugin updater
2023-06-09 08:37:35,592 [INFO] PluginManage:359 - Loaded plugin updater (category:base,tabindex:12)
2023-06-09 08:37:35,592 [INFO] PluginManage:283 - PluginManage : Loaded plugins [15]
2023-06-09 08:37:35,767 [INFO] PinOutPanel:1499 - setPackage(No Configuration,No Configuration)
2023-06-09 08:37:35,813 [INFO] CADModel:165 - CPN selected for project level
2023-06-09 08:37:35,814 [INFO] CADModel:114 - Register for checkConnection events
2023-06-09 08:37:35,823 [INFO] IPUIPlugin:80 - create IPUIPlugin
2023-06-09 08:37:35,823 [INFO] PluginManager:220 - loadIPPluginJar : add quadspi
2023-06-09 08:37:35,828 [INFO] IPUIPlugin:80 - create IPUIPlugin
2023-06-09 08:37:35,828 [INFO] PluginManager:220 - loadIPPluginJar : add gfxmmu
2023-06-09 08:37:35,832 [INFO] IPUIPlugin:80 - create IPUIPlugin
2023-06-09 08:37:35,832 [INFO] PluginManager:220 - loadIPPluginJar : add gpio
2023-06-09 08:37:35,835 [INFO] IPUIPlugin:80 - create IPUIPlugin
2023-06-09 08:37:35,835 [INFO] PluginManager:220 - loadIPPluginJar : add ipddr
2023-06-09 08:37:35,837 [INFO] IPUIPlugin:80 - create IPUIPlugin
2023-06-09 08:37:35,838 [INFO] PluginManager:220 - loadIPPluginJar : add dfsdm
2023-06-09 08:37:35,839 [INFO] IPUIPlugin:80 - create IPUIPlugin
2023-06-09 08:37:35,839 [INFO] PluginManager:220 - loadIPPluginJar : add ltdc
2023-06-09 08:37:35,842 [INFO] IPUIPlugin:80 - create IPUIPlugin
2023-06-09 08:37:35,843 [INFO] PluginManager:220 - loadIPPluginJar : add nvic
2023-06-09 08:37:35,844 [INFO] IPUIPlugin:80 - create IPUIPlugin
2023-06-09 08:37:35,845 [INFO] PluginManager:220 - loadIPPluginJar : add ts
2023-06-09 08:37:35,849 [INFO] IPUIPlugin:80 - create IPUIPlugin
2023-06-09 08:37:35,849 [INFO] PluginManager:220 - loadIPPluginJar : add gic
2023-06-09 08:37:35,851 [INFO] IPUIPlugin:80 - create IPUIPlugin
2023-06-09 08:37:35,851 [INFO] PluginManager:220 - loadIPPluginJar : add aes
2023-06-09 08:37:35,855 [INFO] IPUIPlugin:80 - create IPUIPlugin
2023-06-09 08:37:35,855 [INFO] PluginManager:220 - loadIPPluginJar : add opamp
2023-06-09 08:37:35,860 [INFO] IPUIPlugin:80 - create IPUIPlugin
2023-06-09 08:37:35,861 [INFO] PluginManager:220 - loadIPPluginJar : add adc
2023-06-09 08:37:35,863 [INFO] IPUIPlugin:80 - create IPUIPlugin
2023-06-09 08:37:35,863 [INFO] PluginManager:220 - loadIPPluginJar : add pdm2pcm
2023-06-09 08:37:35,868 [INFO] IPUIPlugin:80 - create IPUIPlugin
2023-06-09 08:37:35,868 [INFO] PluginManager:220 - loadIPPluginJar : add stm32_wpan
2023-06-09 08:37:35,869 [INFO] IPUIPlugin:80 - create IPUIPlugin
2023-06-09 08:37:35,870 [INFO] PluginManager:220 - loadIPPluginJar : add tracer_emb
2023-06-09 08:37:35,872 [INFO] IPUIPlugin:80 - create IPUIPlugin
2023-06-09 08:37:35,872 [INFO] PluginManager:220 - loadIPPluginJar : add i2s
2023-06-09 08:37:35,874 [INFO] IPUIPlugin:80 - create IPUIPlugin
2023-06-09 08:37:35,875 [INFO] PluginManager:220 - loadIPPluginJar : add i2c
2023-06-09 08:37:35,881 [INFO] IPUIPlugin:80 - create IPUIPlugin
2023-06-09 08:37:35,881 [INFO] PluginManager:220 - loadIPPluginJar : add linkedlist
2023-06-09 08:37:35,883 [INFO] IPUIPlugin:80 - create IPUIPlugin
2023-06-09 08:37:35,883 [INFO] PluginManager:220 - loadIPPluginJar : add hash
2023-06-09 08:37:35,885 [INFO] IPUIPlugin:80 - create IPUIPlugin
2023-06-09 08:37:35,886 [INFO] PluginManager:220 - loadIPPluginJar : add touchsensing
2023-06-09 08:37:35,887 [INFO] IPUIPlugin:80 - create IPUIPlugin
2023-06-09 08:37:35,887 [INFO] PluginManager:220 - loadIPPluginJar : add ucpd
2023-06-09 08:37:35,889 [INFO] IPUIPlugin:80 - create IPUIPlugin
2023-06-09 08:37:35,889 [INFO] PluginManager:220 - loadIPPluginJar : add fatfs
2023-06-09 08:37:35,891 [INFO] IPUIPlugin:80 - create IPUIPlugin
2023-06-09 08:37:35,891 [INFO] PluginManager:220 - loadIPPluginJar : add i3c
2023-06-09 08:37:35,893 [INFO] IPUIPlugin:80 - create IPUIPlugin
2023-06-09 08:37:35,893 [INFO] PluginManager:220 - loadIPPluginJar : add tsc
2023-06-09 08:37:35,898 [INFO] IPUIPlugin:80 - create IPUIPlugin
2023-06-09 08:37:35,899 [INFO] PluginManager:220 - loadIPPluginJar : add freertos
2023-06-09 08:37:35,905 [INFO] IPUIPlugin:80 - create IPUIPlugin
2023-06-09 08:37:35,908 [INFO] PluginManager:220 - loadIPPluginJar : add plateformsettings
2023-06-09 08:37:35,910 [INFO] IPUIPlugin:80 - create IPUIPlugin
2023-06-09 08:37:35,910 [INFO] PluginManager:220 - loadIPPluginJar : add comp
2023-06-09 08:37:35,912 [INFO] IPUIPlugin:80 - create IPUIPlugin
2023-06-09 08:37:35,913 [INFO] PluginManager:220 - loadIPPluginJar : add usbx
2023-06-09 08:37:35,915 [INFO] IPUIPlugin:80 - create IPUIPlugin
2023-06-09 08:37:35,915 [INFO] PluginManager:220 - loadIPPluginJar : add usart
2023-06-09 08:37:35,917 [INFO] IPUIPlugin:80 - create IPUIPlugin
2023-06-09 08:37:35,917 [INFO] PluginManager:220 - loadIPPluginJar : add can
2023-06-09 08:37:35,921 [INFO] IPUIPlugin:80 - create IPUIPlugin
2023-06-09 08:37:35,921 [INFO] PluginManager:220 - loadIPPluginJar : add gtzc
2023-06-09 08:37:35,924 [INFO] IPUIPlugin:80 - create IPUIPlugin
2023-06-09 08:37:35,924 [INFO] PluginManager:220 - loadIPPluginJar : add lorawan
2023-06-09 08:37:35,926 [INFO] IPUIPlugin:80 - create IPUIPlugin
2023-06-09 08:37:35,926 [INFO] PluginManager:220 - loadIPPluginJar : add genericplugin
2023-06-09 08:37:35,932 [INFO] IPUIPlugin:80 - create IPUIPlugin
2023-06-09 08:37:35,932 [INFO] PluginManager:220 - loadIPPluginJar : add mdma
2023-06-09 08:37:35,934 [INFO] IPUIPlugin:80 - create IPUIPlugin
2023-06-09 08:37:35,934 [INFO] PluginManager:220 - loadIPPluginJar : add cryp
2023-06-09 08:37:35,936 [INFO] IPUIPlugin:80 - create IPUIPlugin
2023-06-09 08:37:35,937 [INFO] PluginManager:220 - loadIPPluginJar : add spi
2023-06-09 08:37:35,939 [INFO] IPUIPlugin:80 - create IPUIPlugin
2023-06-09 08:37:35,939 [INFO] PluginManager:220 - loadIPPluginJar : add dma3
2023-06-09 08:37:35,942 [INFO] IPUIPlugin:80 - create IPUIPlugin
2023-06-09 08:37:35,942 [INFO] PluginManager:220 - loadIPPluginJar : add sai
2023-06-09 08:37:35,944 [INFO] IPUIPlugin:80 - create IPUIPlugin
2023-06-09 08:37:35,944 [INFO] PluginManager:220 - loadIPPluginJar : add openamp
2023-06-09 08:37:35,950 [INFO] IPUIPlugin:80 - create IPUIPlugin
2023-06-09 08:37:35,950 [INFO] PluginManager:220 - loadIPPluginJar : add dma
2023-06-09 08:37:35,954 [INFO] IPUIPlugin:80 - create IPUIPlugin
2023-06-09 08:37:35,954 [INFO] PluginManager:220 - loadIPPluginJar : add resmgrutility
2023-06-09 08:37:35,958 [INFO] IPUIPlugin:80 - create IPUIPlugin
2023-06-09 08:37:35,958 [INFO] PluginManager:220 - loadIPPluginJar : add fmc
2023-06-09 08:37:35,960 [INFO] IPUIPlugin:80 - create IPUIPlugin
2023-06-09 08:37:35,960 [INFO] PluginManager:220 - loadIPPluginJar : add tim
2023-06-09 08:37:36,072 [INFO] CADModel:165 - CPN selected for project level
2023-06-09 08:37:36,072 [INFO] CADModel:114 - Register for checkConnection events
2023-06-09 08:37:36,072 [FATAL] Updater:308 - Updater called before beeing initialized
2023-06-09 08:37:36,072 [ERROR] CADModel:125 - Updater not yet initialized, retry later 
2023-06-09 08:37:36,187 [INFO] CADModel:165 - CPN selected for project level
2023-06-09 08:37:36,187 [INFO] CADModel:114 - Register for checkConnection events
2023-06-09 08:37:36,187 [FATAL] Updater:308 - Updater called before beeing initialized
2023-06-09 08:37:36,187 [ERROR] CADModel:125 - Updater not yet initialized, retry later 
2023-06-09 08:37:36,191 [FATAL] Updater:308 - Updater called before beeing initialized
2023-06-09 08:37:36,262 [FATAL] Updater:308 - Updater called before beeing initialized
2023-06-09 08:37:36,268 [INFO] DbMcusAds:53 - JSON generation date=Tue Mar 07 04:50:55 AMT 2023 (1678179055335)
2023-06-09 08:37:36,268 [FATAL] Updater:308 - Updater called before beeing initialized
2023-06-09 08:37:36,306 [WARN] DetailPanel:346 - Failed to get advertising image, set to default
2023-06-09 08:37:36,398 [FATAL] Updater:308 - Updater called before beeing initialized
2023-06-09 08:37:36,400 [FATAL] Updater:308 - Updater called before beeing initialized
2023-06-09 08:37:36,400 [FATAL] Updater:308 - Updater called before beeing initialized
2023-06-09 08:37:36,400 [WARN] DetailPanel:346 - Failed to get advertising image, set to default
2023-06-09 08:37:36,401 [FATAL] Updater:308 - Updater called before beeing initialized
2023-06-09 08:37:36,425 [ERROR] Updater:1120 - MainUpdater not yet initialized. External WinMGr cannot be set.
2023-06-09 08:37:36,426 [INFO] Updater:1056 - Updater Version found : 6.8.1
2023-06-09 08:37:36,444 [INFO] ApplicationProperties:184 - Using Application install path: /opt/st/stm32cubeide_1.12.1/plugins/com.st.stm32cube.common.mx_6.8.1.202304191431
2023-06-09 08:37:36,552 [INFO] MainUpdater:2854 - connection check result : 10
2023-06-09 08:37:36,552 [INFO] MainUpdater:3548 - Updater definition file requires update
2023-06-09 08:37:36,553 [INFO] MainUpdater:283 - Updater Check For Update Now.
2023-06-09 08:37:36,553 [INFO] MicroXplorer:498 - Change Database Version : DB.6.0.81
2023-06-09 08:37:36,629 [INFO] ServerAccessManage:473 - Download File updaters.zip
2023-06-09 08:37:36,694 [INFO] FileExtend:240 - Unzip File : updaters.zip
2023-06-09 08:37:36,694 [INFO] FileExtend:255 - Standard Zip Deflate
2023-06-09 08:37:36,879 [INFO] ServerAccessManage:473 - Download File PacksControlFlags.xml
2023-06-09 08:37:36,982 [INFO] ServerAccessManage:473 - Download File cubemx.pidx
2023-06-09 08:37:37,082 [INFO] LoadServerUpdatesThread:373 - End of LoadServerUpdate Thread
2023-06-09 08:37:37,231 [INFO] CheckServerUpdateThread:120 - End of CheckServer Thread
2023-06-09 08:37:37,360 [INFO] MainUpdater:2854 - connection check result : 10
2023-06-09 08:37:37,365 [INFO] McuFinderGlobals:66 - Set McuFinderConnectedMode to true
2023-06-09 08:37:37,944 [INFO] ServerAccessManage:473 - Download File mcusAds.json._tmp_
2023-06-09 08:37:38,058 [INFO] LoadUrlFilesThread:156 - End of LoadUrlFiles Thread
2023-06-09 08:37:38,244 [INFO] ServerAccessManage:473 - Download File cube-finder-db.zip
2023-06-09 08:37:38,423 [WARN] MainUpdater:1187 - Updater busy. Cannot search thirdparties
2023-06-09 08:37:38,423 [INFO] ThirdPartyUpdaterWithRetryManager:96 - Updater plugin is busy. [1/15]
2023-06-09 08:37:38,955 [INFO] FileExtend:240 - Unzip File : cube-finder-db.zip
2023-06-09 08:37:38,956 [INFO] FileExtend:255 - Standard Zip Deflate
2023-06-09 08:37:39,755 [INFO] LoadUrlFilesThread:156 - End of LoadUrlFiles Thread
2023-06-09 08:37:40,142 [INFO] ServerAccessManage:473 - Download File crdb.zip
2023-06-09 08:37:40,398 [INFO] FileExtend:240 - Unzip File : crdb.zip
2023-06-09 08:37:40,398 [INFO] FileExtend:255 - Standard Zip Deflate
2023-06-09 08:37:40,532 [INFO] LoadUrlFilesThread:156 - End of LoadUrlFiles Thread
2023-06-09 08:37:40,706 [INFO] ServerAccessManage:473 - Download File tutoVideoDB.zip
2023-06-09 08:37:40,712 [INFO] FileExtend:240 - Unzip File : tutoVideoDB.zip
2023-06-09 08:37:40,712 [INFO] FileExtend:255 - Standard Zip Deflate
2023-06-09 08:37:40,833 [INFO] LoadUrlFilesThread:156 - End of LoadUrlFiles Thread
2023-06-09 08:37:40,838 [WARN] DbFile:41 - Overriding database path with different value: /home/thales/.stmcufinder/plugins/mcufinder/ => /home/thales/.stmcufinder/plugins/mcufinder
2023-06-09 08:37:41,003 [INFO] ServerAccessManage:473 - Download File api_config.json
2023-06-09 08:37:41,108 [INFO] LoadUrlFilesThread:156 - End of LoadUrlFiles Thread
2023-06-09 08:37:41,109 [INFO] DbMcusAds:53 - JSON generation date=Tue Mar 07 04:50:55 AMT 2023 (1678179055335)
2023-06-09 08:37:41,166 [INFO] LoadUrlFilesThread:185 - End of LoadServerUrlFiles without Thread
2023-06-09 08:37:41,167 [INFO] TargetSelectorAdapter:259 - Refresh data is successful
2023-06-09 08:37:41,225 [INFO] ApiDb:581 - Connected to CubeFinder SQLite database (/home/thales/.stmcufinder/plugins/mcufinder/mcu/cube-finder-db.db)
2023-06-09 08:37:41,267 [INFO] ApiDb:668 - CubeFinder database Data Model version=2.1
2023-06-09 08:37:41,267 [INFO] ApiDb:669 - CubeFinder database Configuration version=3.0.35
2023-06-09 08:37:41,267 [INFO] ApiDb:670 - CubeFinder database generation date=2023-05-12 (1683877179)
2023-06-09 08:37:41,267 [INFO] ApiDb:671 - CubeFinder database FW Pack versions=[FP-ATR-ASTRA1_V2.0.0, FP-SNS-FLIGHT1_V5.0.0, FP-SNS-MOTENV1_V4.3.0, STM32Cube_FW_C0_V1.0.1, STM32Cube_FW_F0_V1.11.4, STM32Cube_FW_F3_V1.11.4, STM32Cube_FW_F4_V1.27.1, STM32Cube_FW_F7_V1.17.0, STM32Cube_FW_G0_V1.6.1, STM32Cube_FW_G4_V1.5.1, STM32Cube_FW_H5_V0.5.1, STM32Cube_FW_H5_V1.0.0, STM32Cube_FW_H7_V1.11.0, STM32Cube_FW_L0_V1.12.2, STM32Cube_FW_L5_V1.5.0, STM32Cube_FW_U5_V1.2.0, STM32Cube_FW_WBA_V1.0.0, STM32Cube_FW_WBA_V1.0.0RC1, STM32Cube_FW_WBA_V1.0.0RC3, STM32Cube_FW_WB_V1.15.0RC1, STM32Cube_FW_WB_V1.16.0, STM32Cube_FW_WB_V1.16.0RC2, STM32Cube_FW_WL_V1.3.0, X-CUBE-ALGOBUILD_V1.3.0, X-CUBE-ALS_V1.0.1, X-CUBE-AZRTOS-F4_V1.1.0, X-CUBE-AZRTOS-F7_V1.1.0, X-CUBE-AZRTOS-G0_V1.1.0, X-CUBE-AZRTOS-G4_V2.0.0, X-CUBE-AZRTOS-H7_V3.1.0, X-CUBE-AZRTOS-L4_V1.0.0, X-CUBE-AZRTOS-L5_V1.1.0, X-CUBE-AZRTOS-WB_V1.1.0, X-CUBE-AZRTOS-WL_V1.0.0, X-CUBE-BLE1_V6.2.4, X-CUBE-BLE2_V3.3.0, X-CUBE-BLEMGR_V2.0.0, X-CUBE-EEPRMA1_V4.1.0, X-CUBE-FREERTOS_V1.0.1, X-CUBE-GNSS1_V6.0.0, X-CUBE-MEMS1_V9.1.0, X-CUBE-MEMS1_V9.4.0, X-CUBE-MEMS1_V9.6.0, X-CUBE-NFC4_V3.0.0, X-CUBE-NFC7_V1.0.0, X-CUBE-SFXS2LP1_V4.0.0, X-CUBE-SUBG2_V5.0.0]
2023-06-09 08:37:41,520 [WARN] PackLoader:240 - Cannot read IP mode file for STMicroelectronics.X-CUBE-GNSS1.6.0.0
2023-06-09 08:37:41,548 [WARN] PackLoader:240 - Cannot read IP mode file for STMicroelectronics.X-CUBE-AZRTOS-F4.1.1.0
2023-06-09 08:37:41,557 [WARN] PackLoader:240 - Cannot read IP mode file for STMicroelectronics.X-CUBE-SMBUS.2.1.0
2023-06-09 08:37:41,560 [WARN] PackLoader:240 - Cannot read IP mode file for wolfSSL.I-CUBE-wolfSSL.5.6.0
2023-06-09 08:37:41,578 [WARN] PackLoader:240 - Cannot read IP mode file for STMicroelectronics.X-CUBE-AZRTOS-F7.1.1.0
2023-06-09 08:37:41,633 [WARN] PackLoader:240 - Cannot read IP mode file for STMicroelectronics.X-CUBE-MEMS1.9.6.0
2023-06-09 08:37:41,815 [ERROR] RealEvaluatedCondition:428 - Found unsupported composite condition: GROUP='STM32_MetaDataManager' CLASS='Data Exchange'
2023-06-09 08:37:41,815 [ERROR] RealEvaluatedCondition:428 - Found unsupported composite condition: GROUP='STM32_MetaDataManager' CLASS='Data Exchange'
2023-06-09 08:37:41,817 [WARN] PackLoader:240 - Cannot read IP mode file for STMicroelectronics.FP-SNS-MOTENV1.4.3.1
2023-06-09 08:37:41,822 [WARN] PackLoader:240 - Cannot read IP mode file for STMicroelectronics.FP-SNS-FLIGHT1.5.0.1
2023-06-09 08:37:41,826 [WARN] PackLoader:240 - Cannot read IP mode file for STMicroelectronics.X-CUBE-BLE1.6.2.4
2023-06-09 08:37:41,834 [WARN] PackLoader:240 - Cannot read IP mode file for emotas.I-CUBE-CANOPEN.1.1.3
2023-06-09 08:37:41,842 [WARN] PackLoader:240 - Cannot read IP mode file for STMicroelectronics.X-CUBE-BLEMGR.2.0.0
2023-06-09 08:37:41,864 [WARN] ConditionMgr:438 - getConditionDescription Invalid condition id : UX DEVICE CLASS RTOS Condition cause : null
2023-06-09 08:37:41,864 [WARN] ConditionMgr:438 - getConditionDescription Invalid condition id : UX DEVICE CLASS RTOS Condition cause : null
2023-06-09 08:37:41,869 [WARN] PackLoader:240 - Cannot read IP mode file for STMicroelectronics.X-CUBE-AZRTOS-H7.3.1.0
2023-06-09 08:37:41,870 [WARN] ConditionMgr:1039 - genDependencies : Invalid condition id : UX DEVICE CLASS RTOS Condition cause : null
2023-06-09 08:37:41,871 [WARN] ConditionMgr:1039 - genDependencies : Invalid condition id : UX DEVICE CLASS RTOS Condition cause : null
2023-06-09 08:37:41,872 [WARN] ConditionMgr:1039 - genDependencies : Invalid condition id : UX DEVICE CLASS RTOS Condition cause : null
2023-06-09 08:37:41,872 [WARN] ConditionMgr:1039 - genDependencies : Invalid condition id : UX DEVICE CLASS RTOS Condition cause : null
2023-06-09 08:37:41,872 [WARN] ConditionMgr:1039 - genDependencies : Invalid condition id : UX DEVICE CLASS RTOS Condition cause : null
2023-06-09 08:37:41,880 [WARN] PackLoader:240 - Cannot read IP mode file for STMicroelectronics.X-CUBE-DISPLAY.3.0.0
2023-06-09 08:37:41,889 [WARN] PackLoader:240 - Cannot read IP mode file for STMicroelectronics.X-CUBE-NFC7.1.0.0
2023-06-09 08:37:41,895 [WARN] PackLoader:240 - Cannot read IP mode file for STMicroelectronics.X-CUBE-EEPRMA1.4.1.0
2023-06-09 08:37:41,918 [WARN] ConditionMgr:438 - getConditionDescription Invalid condition id : LAN8742 Phy interface Condition cause : null
2023-06-09 08:37:41,919 [WARN] PackLoader:240 - Cannot read IP mode file for STMicroelectronics.X-CUBE-AZRTOS-L4.2.0.0
2023-06-09 08:37:41,920 [WARN] ConditionMgr:1039 - genDependencies : Invalid condition id : LAN8742 Phy interface Condition cause : null
2023-06-09 08:37:41,921 [WARN] ConditionMgr:1039 - genDependencies : Invalid condition id : LAN8742 Phy interface Condition cause : null
2023-06-09 08:37:41,921 [WARN] ConditionMgr:1039 - genDependencies : Invalid condition id : LAN8742 Phy interface Condition cause : null
2023-06-09 08:37:41,928 [WARN] PackLoader:240 - Cannot read IP mode file for WES.I-CUBE-Cesium.1.3.0
2023-06-09 08:37:41,935 [WARN] PackLoader:240 - Cannot read IP mode file for STMicroelectronics.X-CUBE-SFXS2LP1.4.0.0
2023-06-09 08:37:41,939 [WARN] PackLoader:240 - Cannot read IP mode file for STMicroelectronics.X-CUBE-BLE2.3.3.0
2023-06-09 08:37:41,942 [WARN] PackLoader:240 - Cannot read IP mode file for STMicroelectronics.X-CUBE-ISPU.1.1.0
2023-06-09 08:37:41,947 [WARN] PackLoader:240 - Cannot read IP mode file for STMicroelectronics.X-CUBE-FREERTOS.1.0.1
2023-06-09 08:37:41,951 [WARN] PackLoader:240 - Cannot read IP mode file for STMicroelectronics.X-CUBE-TOUCHGFX.4.21.4
2023-06-09 08:37:41,956 [WARN] PackLoader:240 - Cannot read IP mode file for STMicroelectronics.X-CUBE-ALGOBUILD.1.3.0
2023-06-09 08:37:41,971 [WARN] PackLoader:240 - Cannot read IP mode file for STMicroelectronics.X-CUBE-AZRTOS-L5.1.1.0
2023-06-09 08:37:41,989 [WARN] PackLoader:240 - Cannot read IP mode file for STMicroelectronics.X-CUBE-AZRTOS-G0.1.1.0
2023-06-09 08:37:41,994 [WARN] PackLoader:240 - Cannot read IP mode file for STMicroelectronics.X-CUBE-AI.8.0.1
2023-06-09 08:37:42,004 [WARN] PackLoader:240 - Cannot read IP mode file for STMicroelectronics.X-CUBE-SUBG2.5.0.0
2023-06-09 08:37:42,015 [WARN] PackLoader:240 - Cannot read IP mode file for STMicroelectronics.X-CUBE-NFC4.3.0.0
2023-06-09 08:37:42,030 [WARN] PackLoader:240 - Cannot read IP mode file for STMicroelectronics.X-CUBE-AZRTOS-G4.2.0.0
2023-06-09 08:37:42,050 [WARN] PackLoader:240 - Cannot read IP mode file for STMicroelectronics.X-CUBE-TOF1.3.3.0
2023-06-09 08:37:42,061 [WARN] PackLoader:240 - Cannot read IP mode file for STMicroelectronics.FP-ATR-SIGFOX1.3.2.0
2023-06-09 08:37:42,065 [WARN] PackLoader:240 - Cannot read IP mode file for portGmbH.I-Cube-SoM-uGOAL.1.1.0
2023-06-09 08:37:42,068 [WARN] PackLoader:240 - Cannot read IP mode file for STMicroelectronics.X-CUBE-ALS.1.0.1
2023-06-09 08:37:42,079 [WARN] PackLoader:240 - Cannot read IP mode file for STMicroelectronics.X-CUBE-AZRTOS-WB.1.1.0
2023-06-09 08:37:42,109 [WARN] PackLoader:240 - Cannot read IP mode file for SEGGER.I-CUBE-embOS.1.3.1
2023-06-09 08:37:42,146 [WARN] PackLoader:240 - Cannot read IP mode file for STMicroelectronics.FP-ATR-ASTRA1.2.0.0
2023-06-09 08:37:42,147 [INFO] ThirdParty:978 - Integrity check success = true
2023-06-09 08:37:42,147 [INFO] IntegrityCheckThread:100 - exiting critical section [integrity check]
2023-06-09 08:37:42,147 [INFO] IntegrityCheckThread:103 - End integrity checks thread
2023-06-09 08:37:43,038 [INFO] ApiDb:240 - Found 297 in-development CPN: [B-G473E-ZEST1S, B-WB1M-WPAN1, B-WL5M-SUBG1, NUCLEO-C031C6, NUCLEO-H503RB, NUCLEO-H563ZI, NUCLEO-U545RE-Q, NUCLEO-U5A5ZJ-Q, NUCLEO-WBA52CG, STEVAL-PROTEUS1, STEVAL-STWINBX1, STM320518-EVAL, STM32C0116-DK, STM32C011D6Y3TR, STM32C011D6Y6TR, STM32C011F4P3, STM32C011F4P6, STM32C011F4U3, STM32C011F4U6TR, STM32C011F6P3, STM32C011F6P6, STM32C011F6U3, STM32C011F6U6TR, STM32C011J4M3, STM32C011J4M6, STM32C011J6M3, STM32C011J6M6, STM32C0316-DK, STM32C031C4T3, STM32C031C4T6, STM32C031C4U3, STM32C031C4U6, STM32C031C6T3, STM32C031C6T6, STM32C031C6U3, STM32C031C6U6, STM32C031F4P3, STM32C031F4P6, STM32C031F6P3, STM32C031F6P6, STM32C031G4U3, STM32C031G4U6, STM32C031G6U3, STM32C031G6U6, STM32C031K4T3, STM32C031K4T6, STM32C031K4U3, STM32C031K4U6, STM32C031K6T3, STM32C031K6T6, STM32C031K6U3, STM32C031K6U6, STM32G071K8TXN, STM32G071K8UXN, STM32G081GBU6N, STM32G081KBT6N, STM32G081KBUXN, STM32G0B1CCT6N, STM32G0B1KCT6, STM32G0B1NEY6TR, STM32G0B1RCT6N, STM32G0C1CCT6, STM32G0C1CCT6N, STM32G0C1CCU6N, STM32G0C1CET6N, STM32G0C1CEU6N, STM32G0C1KCT6, STM32G0C1NEY6TR, STM32G0C1RCI6N, STM32G0C1RCT6N, STM32G0C1REI6N, STM32G0C1RET6N, STM32G0C1VCI6, STM32G0C1VEI6, STM32G471CCT6, STM32G471CCU6, STM32G471CET3, STM32G471CET6, STM32G471CEU3, STM32G471CEU6, STM32G471MCT6, STM32G471MET3, STM32G471MET6, STM32G471MEY6TR, STM32G471QCT6, STM32G471QET3, STM32G471RCT6, STM32G471RET3, STM32G471RET6, STM32G471VCH6, STM32G471VCI6, STM32G471VCT6, STM32G471VEH3, STM32G471VEH6, STM32G471VEI3, STM32G471VEI6, STM32G471VET3, STM32G471VET6, STM32G474CCT6, STM32H503CBT6, STM32H503CBU6, STM32H503EBY6TR, STM32H503KBU6, STM32H503RBT6, STM32H562AGI6, STM32H562AII6, STM32H562IGK6, STM32H562IGT6, STM32H562IIK6, STM32H562IIT6, STM32H562RGT6, STM32H562RGV6, STM32H562RIT6, STM32H562RIV6, STM32H562VGT6, STM32H562VIT6, STM32H562ZGT6, STM32H562ZIT6, STM32H563AGI6, STM32H563AII3Q, STM32H563AII6, STM32H563IGK6, STM32H563IGT6, STM32H563IIK3Q, STM32H563IIK6, STM32H563IIT3Q, STM32H563IIT6, STM32H563MIY3QTR, STM32H563RGT6, STM32H563RGV6, STM32H563RIT6, STM32H563RIV6, STM32H563VGT6, STM32H563VIT3Q, STM32H563VIT6, STM32H563ZGT6, STM32H563ZIT3Q, STM32H563ZIT6, STM32H573AII3Q, STM32H573AII6, STM32H573I-DK, STM32H573IIK3Q, STM32H573IIK6, STM32H573IIT3Q, STM32H573IIT6, STM32H573MIY3QTR, STM32H573RIT6, STM32H573RIV6, STM32H573VIT3Q, STM32H573VIT6, STM32H573ZIT3Q, STM32H573ZIT6, STM32L4R5QGI6STR, STM32MP131AAE3, STM32MP131AAF3, STM32MP131AAG3, STM32MP131CAE3, STM32MP131CAF3, STM32MP131CAG3, STM32MP131DAE7, STM32MP131DAF7, STM32MP131DAG7, STM32MP131FAE7, STM32MP131FAF7, STM32MP131FAG7, STM32MP133AAE3, STM32MP133AAF3, STM32MP133AAG3, STM32MP133CAE3, STM32MP133CAF3, STM32MP133CAG3, STM32MP133DAE7, STM32MP133DAF7, STM32MP133DAG7, STM32MP133FAE7, STM32MP133FAF7, STM32MP133FAG7, STM32MP135AAE3, STM32MP135AAF3, STM32MP135AAG3, STM32MP135CAE3, STM32MP135CAF3, STM32MP135CAG3, STM32MP135DAE7, STM32MP135DAF7, STM32MP135DAG7, STM32MP135F-DK, STM32MP135FAE7, STM32MP135FAF7, STM32MP135FAF7T, STM32MP135FAF7U, STM32MP135FAG7, STM32U535CBT6, STM32U535CBT6Q, STM32U535CBU6, STM32U535CBU6Q, STM32U535CCT6, STM32U535CCT6Q, STM32U535CCU6, STM32U535CCU6Q, STM32U535CET6, STM32U535CET6Q, STM32U535CEU6, STM32U535CEU6Q, STM32U535JEY6QTR, STM32U535NCY6QTR, STM32U535NEY6QTR, STM32U535RBI6, STM32U535RBI6Q, STM32U535RBT6, STM32U535RBT6Q, STM32U535RCI6, STM32U535RCI6Q, STM32U535RCT6, STM32U535RCT6Q, STM32U535REI6, STM32U535REI6Q, STM32U535RET6, STM32U535RET6Q, STM32U535VCI6, STM32U535VCI6Q, STM32U535VCT6, STM32U535VCT6Q, STM32U535VEI6, STM32U535VEI6Q, STM32U535VET6, STM32U535VET6Q, STM32U545CET6, STM32U545CET6Q, STM32U545CEU6, STM32U545CEU6Q, STM32U545JEY6QTR, STM32U545NEY6QTR, STM32U545REI6, STM32U545REI6Q, STM32U545RET6, STM32U545RET6Q, STM32U545VEI6, STM32U545VEI6Q, STM32U545VET6, STM32U545VET6Q, STM32U595AIH6, STM32U595AIH6Q, STM32U595AJH6, STM32U595AJH6Q, STM32U595QII6, STM32U595QII6Q, STM32U595QJI6, STM32U595QJI6Q, STM32U595RIT6, STM32U595RIT6Q, STM32U595RJT6, STM32U595RJT6Q, STM32U595VIT6, STM32U595VIT6Q, STM32U595VJT6, STM32U595VJT6Q, STM32U595ZIT6, STM32U595ZIT6Q, STM32U595ZIY6QTR, STM32U595ZJT6, STM32U595ZJT6Q, STM32U595ZJY6QTR, STM32U599BJY6QTR, STM32U599NIH6Q, STM32U599NJH6Q, STM32U599VIT6Q, STM32U599VJT6, STM32U599VJT6Q, STM32U599ZIT6Q, STM32U599ZIY6QTR, STM32U599ZJT6Q, STM32U599ZJY6QTR, STM32U5A5AJH6, STM32U5A5AJH6Q, STM32U5A5QJI6, STM32U5A5QJI6Q, STM32U5A5RJT6, STM32U5A5RJT6Q, STM32U5A5VJT6, STM32U5A5VJT6Q, STM32U5A5ZJT6, STM32U5A5ZJT6Q, STM32U5A5ZJY6QTR, STM32U5A9BJY6QTR, STM32U5A9J-DK, STM32U5A9NJH6Q, STM32U5A9VJT6Q, STM32U5A9ZJT6Q, STM32U5A9ZJY6QTR, STM32WB1MMCH6, STM32WBA52CEU6, STM32WBA52CEU6T, STM32WBA52CGU6, STM32WBA52CGU6T, STM32WL5MOCH6, STM32WL5MOCH6TR]
2023-06-09 08:37:43,044 [INFO] DbMcus:216 - Found 3775 MCUs, 3775 are supported
2023-06-09 08:37:43,047 [INFO] ApiDb:423 - Load user favorites file /home/thales/.stm32cubeide/favorites.mcus.txt: 0 item(s)
2023-06-09 08:37:43,047 [INFO] ApiDb:427 - User favorites MCUs=[]
2023-06-09 08:37:43,047 [INFO] DbMcus:222 - Set 0 / 0 favorites MCUs
2023-06-09 08:37:43,292 [INFO] ApiDb:668 - CubeFinder database Data Model version=2.1
2023-06-09 08:37:43,292 [INFO] ApiDb:669 - CubeFinder database Configuration version=3.0.35
2023-06-09 08:37:43,292 [INFO] ApiDb:670 - CubeFinder database generation date=2023-05-12 (1683877179)
2023-06-09 08:37:43,292 [INFO] ApiDb:671 - CubeFinder database FW Pack versions=[FP-ATR-ASTRA1_V2.0.0, FP-SNS-FLIGHT1_V5.0.0, FP-SNS-MOTENV1_V4.3.0, STM32Cube_FW_C0_V1.0.1, STM32Cube_FW_F0_V1.11.4, STM32Cube_FW_F3_V1.11.4, STM32Cube_FW_F4_V1.27.1, STM32Cube_FW_F7_V1.17.0, STM32Cube_FW_G0_V1.6.1, STM32Cube_FW_G4_V1.5.1, STM32Cube_FW_H5_V0.5.1, STM32Cube_FW_H5_V1.0.0, STM32Cube_FW_H7_V1.11.0, STM32Cube_FW_L0_V1.12.2, STM32Cube_FW_L5_V1.5.0, STM32Cube_FW_U5_V1.2.0, STM32Cube_FW_WBA_V1.0.0, STM32Cube_FW_WBA_V1.0.0RC1, STM32Cube_FW_WBA_V1.0.0RC3, STM32Cube_FW_WB_V1.15.0RC1, STM32Cube_FW_WB_V1.16.0, STM32Cube_FW_WB_V1.16.0RC2, STM32Cube_FW_WL_V1.3.0, X-CUBE-ALGOBUILD_V1.3.0, X-CUBE-ALS_V1.0.1, X-CUBE-AZRTOS-F4_V1.1.0, X-CUBE-AZRTOS-F7_V1.1.0, X-CUBE-AZRTOS-G0_V1.1.0, X-CUBE-AZRTOS-G4_V2.0.0, X-CUBE-AZRTOS-H7_V3.1.0, X-CUBE-AZRTOS-L4_V1.0.0, X-CUBE-AZRTOS-L5_V1.1.0, X-CUBE-AZRTOS-WB_V1.1.0, X-CUBE-AZRTOS-WL_V1.0.0, X-CUBE-BLE1_V6.2.4, X-CUBE-BLE2_V3.3.0, X-CUBE-BLEMGR_V2.0.0, X-CUBE-EEPRMA1_V4.1.0, X-CUBE-FREERTOS_V1.0.1, X-CUBE-GNSS1_V6.0.0, X-CUBE-MEMS1_V9.1.0, X-CUBE-MEMS1_V9.4.0, X-CUBE-MEMS1_V9.6.0, X-CUBE-NFC4_V3.0.0, X-CUBE-NFC7_V1.0.0, X-CUBE-SFXS2LP1_V4.0.0, X-CUBE-SUBG2_V5.0.0]
2023-06-09 08:37:43,329 [INFO] DbBoardsSqlite:226 - include board P-NUCLEO-WB55-NUCLEO as a kit item of type 'Nucleo-64'
2023-06-09 08:37:43,330 [INFO] DbBoardsSqlite:226 - include board P-NUCLEO-WB55-USBDONGLE as a kit item of type 'Nucleo USB Dongle'
2023-06-09 08:37:43,330 [INFO] DbBoardsSqlite:226 - include board STEVAL-IDP005V1 as a kit item of type 'Evaluation Board'
2023-06-09 08:37:43,330 [INFO] DbBoardsSqlite:226 - include board STEVAL-IDP005V2 as a kit item of type 'Evaluation Board'
2023-06-09 08:37:43,357 [INFO] ApiDb:240 - Found 297 in-development CPN: [B-G473E-ZEST1S, B-WB1M-WPAN1, B-WL5M-SUBG1, NUCLEO-C031C6, NUCLEO-H503RB, NUCLEO-H563ZI, NUCLEO-U545RE-Q, NUCLEO-U5A5ZJ-Q, NUCLEO-WBA52CG, STEVAL-PROTEUS1, STEVAL-STWINBX1, STM320518-EVAL, STM32C0116-DK, STM32C011D6Y3TR, STM32C011D6Y6TR, STM32C011F4P3, STM32C011F4P6, STM32C011F4U3, STM32C011F4U6TR, STM32C011F6P3, STM32C011F6P6, STM32C011F6U3, STM32C011F6U6TR, STM32C011J4M3, STM32C011J4M6, STM32C011J6M3, STM32C011J6M6, STM32C0316-DK, STM32C031C4T3, STM32C031C4T6, STM32C031C4U3, STM32C031C4U6, STM32C031C6T3, STM32C031C6T6, STM32C031C6U3, STM32C031C6U6, STM32C031F4P3, STM32C031F4P6, STM32C031F6P3, STM32C031F6P6, STM32C031G4U3, STM32C031G4U6, STM32C031G6U3, STM32C031G6U6, STM32C031K4T3, STM32C031K4T6, STM32C031K4U3, STM32C031K4U6, STM32C031K6T3, STM32C031K6T6, STM32C031K6U3, STM32C031K6U6, STM32G071K8TXN, STM32G071K8UXN, STM32G081GBU6N, STM32G081KBT6N, STM32G081KBUXN, STM32G0B1CCT6N, STM32G0B1KCT6, STM32G0B1NEY6TR, STM32G0B1RCT6N, STM32G0C1CCT6, STM32G0C1CCT6N, STM32G0C1CCU6N, STM32G0C1CET6N, STM32G0C1CEU6N, STM32G0C1KCT6, STM32G0C1NEY6TR, STM32G0C1RCI6N, STM32G0C1RCT6N, STM32G0C1REI6N, STM32G0C1RET6N, STM32G0C1VCI6, STM32G0C1VEI6, STM32G471CCT6, STM32G471CCU6, STM32G471CET3, STM32G471CET6, STM32G471CEU3, STM32G471CEU6, STM32G471MCT6, STM32G471MET3, STM32G471MET6, STM32G471MEY6TR, STM32G471QCT6, STM32G471QET3, STM32G471RCT6, STM32G471RET3, STM32G471RET6, STM32G471VCH6, STM32G471VCI6, STM32G471VCT6, STM32G471VEH3, STM32G471VEH6, STM32G471VEI3, STM32G471VEI6, STM32G471VET3, STM32G471VET6, STM32G474CCT6, STM32H503CBT6, STM32H503CBU6, STM32H503EBY6TR, STM32H503KBU6, STM32H503RBT6, STM32H562AGI6, STM32H562AII6, STM32H562IGK6, STM32H562IGT6, STM32H562IIK6, STM32H562IIT6, STM32H562RGT6, STM32H562RGV6, STM32H562RIT6, STM32H562RIV6, STM32H562VGT6, STM32H562VIT6, STM32H562ZGT6, STM32H562ZIT6, STM32H563AGI6, STM32H563AII3Q, STM32H563AII6, STM32H563IGK6, STM32H563IGT6, STM32H563IIK3Q, STM32H563IIK6, STM32H563IIT3Q, STM32H563IIT6, STM32H563MIY3QTR, STM32H563RGT6, STM32H563RGV6, STM32H563RIT6, STM32H563RIV6, STM32H563VGT6, STM32H563VIT3Q, STM32H563VIT6, STM32H563ZGT6, STM32H563ZIT3Q, STM32H563ZIT6, STM32H573AII3Q, STM32H573AII6, STM32H573I-DK, STM32H573IIK3Q, STM32H573IIK6, STM32H573IIT3Q, STM32H573IIT6, STM32H573MIY3QTR, STM32H573RIT6, STM32H573RIV6, STM32H573VIT3Q, STM32H573VIT6, STM32H573ZIT3Q, STM32H573ZIT6, STM32L4R5QGI6STR, STM32MP131AAE3, STM32MP131AAF3, STM32MP131AAG3, STM32MP131CAE3, STM32MP131CAF3, STM32MP131CAG3, STM32MP131DAE7, STM32MP131DAF7, STM32MP131DAG7, STM32MP131FAE7, STM32MP131FAF7, STM32MP131FAG7, STM32MP133AAE3, STM32MP133AAF3, STM32MP133AAG3, STM32MP133CAE3, STM32MP133CAF3, STM32MP133CAG3, STM32MP133DAE7, STM32MP133DAF7, STM32MP133DAG7, STM32MP133FAE7, STM32MP133FAF7, STM32MP133FAG7, STM32MP135AAE3, STM32MP135AAF3, STM32MP135AAG3, STM32MP135CAE3, STM32MP135CAF3, STM32MP135CAG3, STM32MP135DAE7, STM32MP135DAF7, STM32MP135DAG7, STM32MP135F-DK, STM32MP135FAE7, STM32MP135FAF7, STM32MP135FAF7T, STM32MP135FAF7U, STM32MP135FAG7, STM32U535CBT6, STM32U535CBT6Q, STM32U535CBU6, STM32U535CBU6Q, STM32U535CCT6, STM32U535CCT6Q, STM32U535CCU6, STM32U535CCU6Q, STM32U535CET6, STM32U535CET6Q, STM32U535CEU6, STM32U535CEU6Q, STM32U535JEY6QTR, STM32U535NCY6QTR, STM32U535NEY6QTR, STM32U535RBI6, STM32U535RBI6Q, STM32U535RBT6, STM32U535RBT6Q, STM32U535RCI6, STM32U535RCI6Q, STM32U535RCT6, STM32U535RCT6Q, STM32U535REI6, STM32U535REI6Q, STM32U535RET6, STM32U535RET6Q, STM32U535VCI6, STM32U535VCI6Q, STM32U535VCT6, STM32U535VCT6Q, STM32U535VEI6, STM32U535VEI6Q, STM32U535VET6, STM32U535VET6Q, STM32U545CET6, STM32U545CET6Q, STM32U545CEU6, STM32U545CEU6Q, STM32U545JEY6QTR, STM32U545NEY6QTR, STM32U545REI6, STM32U545REI6Q, STM32U545RET6, STM32U545RET6Q, STM32U545VEI6, STM32U545VEI6Q, STM32U545VET6, STM32U545VET6Q, STM32U595AIH6, STM32U595AIH6Q, STM32U595AJH6, STM32U595AJH6Q, STM32U595QII6, STM32U595QII6Q, STM32U595QJI6, STM32U595QJI6Q, STM32U595RIT6, STM32U595RIT6Q, STM32U595RJT6, STM32U595RJT6Q, STM32U595VIT6, STM32U595VIT6Q, STM32U595VJT6, STM32U595VJT6Q, STM32U595ZIT6, STM32U595ZIT6Q, STM32U595ZIY6QTR, STM32U595ZJT6, STM32U595ZJT6Q, STM32U595ZJY6QTR, STM32U599BJY6QTR, STM32U599NIH6Q, STM32U599NJH6Q, STM32U599VIT6Q, STM32U599VJT6, STM32U599VJT6Q, STM32U599ZIT6Q, STM32U599ZIY6QTR, STM32U599ZJT6Q, STM32U599ZJY6QTR, STM32U5A5AJH6, STM32U5A5AJH6Q, STM32U5A5QJI6, STM32U5A5QJI6Q, STM32U5A5RJT6, STM32U5A5RJT6Q, STM32U5A5VJT6, STM32U5A5VJT6Q, STM32U5A5ZJT6, STM32U5A5ZJT6Q, STM32U5A5ZJY6QTR, STM32U5A9BJY6QTR, STM32U5A9J-DK, STM32U5A9NJH6Q, STM32U5A9VJT6Q, STM32U5A9ZJT6Q, STM32U5A9ZJY6QTR, STM32WB1MMCH6, STM32WBA52CEU6, STM32WBA52CEU6T, STM32WBA52CGU6, STM32WBA52CGU6T, STM32WL5MOCH6, STM32WL5MOCH6TR]
2023-06-09 08:37:43,450 [INFO] BoardInfo:880 - No configuration file found for board P-NUCLEO-WB55
2023-06-09 08:37:43,450 [INFO] DbBoards:157 - Kit is not supported: P-NUCLEO-WB55
2023-06-09 08:37:43,454 [INFO] BoardInfo:880 - No configuration file found for board STEVAL-BFA001V1B
2023-06-09 08:37:43,454 [INFO] DbBoards:157 - Kit is not supported: STEVAL-BFA001V1B
2023-06-09 08:37:43,455 [INFO] BoardInfo:880 - No configuration file found for board STEVAL-BFA001V2B
2023-06-09 08:37:43,455 [INFO] DbBoards:157 - Kit is not supported: STEVAL-BFA001V2B
2023-06-09 08:37:43,599 [INFO] DbBoards:161 - Found 187 boards, 184 are supported
2023-06-09 08:37:43,602 [INFO] ApiDb:423 - Load user favorites file /home/thales/.stm32cubeide/favorites.boards.txt: 1 item(s)
2023-06-09 08:37:43,602 [INFO] ApiDb:427 - User favorites Boards=[NUCLEO-F411RE]
2023-06-09 08:37:43,602 [INFO] DbBoards:190 - Set 1 / 1 favorites Boards
2023-06-09 08:37:43,605 [INFO] ApiDb:668 - CubeFinder database Data Model version=2.1
2023-06-09 08:37:43,605 [INFO] ApiDb:669 - CubeFinder database Configuration version=3.0.35
2023-06-09 08:37:43,605 [INFO] ApiDb:670 - CubeFinder database generation date=2023-05-12 (1683877179)
2023-06-09 08:37:43,606 [INFO] ApiDb:671 - CubeFinder database FW Pack versions=[FP-ATR-ASTRA1_V2.0.0, FP-SNS-FLIGHT1_V5.0.0, FP-SNS-MOTENV1_V4.3.0, STM32Cube_FW_C0_V1.0.1, STM32Cube_FW_F0_V1.11.4, STM32Cube_FW_F3_V1.11.4, STM32Cube_FW_F4_V1.27.1, STM32Cube_FW_F7_V1.17.0, STM32Cube_FW_G0_V1.6.1, STM32Cube_FW_G4_V1.5.1, STM32Cube_FW_H5_V0.5.1, STM32Cube_FW_H5_V1.0.0, STM32Cube_FW_H7_V1.11.0, STM32Cube_FW_L0_V1.12.2, STM32Cube_FW_L5_V1.5.0, STM32Cube_FW_U5_V1.2.0, STM32Cube_FW_WBA_V1.0.0, STM32Cube_FW_WBA_V1.0.0RC1, STM32Cube_FW_WBA_V1.0.0RC3, STM32Cube_FW_WB_V1.15.0RC1, STM32Cube_FW_WB_V1.16.0, STM32Cube_FW_WB_V1.16.0RC2, STM32Cube_FW_WL_V1.3.0, X-CUBE-ALGOBUILD_V1.3.0, X-CUBE-ALS_V1.0.1, X-CUBE-AZRTOS-F4_V1.1.0, X-CUBE-AZRTOS-F7_V1.1.0, X-CUBE-AZRTOS-G0_V1.1.0, X-CUBE-AZRTOS-G4_V2.0.0, X-CUBE-AZRTOS-H7_V3.1.0, X-CUBE-AZRTOS-L4_V1.0.0, X-CUBE-AZRTOS-L5_V1.1.0, X-CUBE-AZRTOS-WB_V1.1.0, X-CUBE-AZRTOS-WL_V1.0.0, X-CUBE-BLE1_V6.2.4, X-CUBE-BLE2_V3.3.0, X-CUBE-BLEMGR_V2.0.0, X-CUBE-EEPRMA1_V4.1.0, X-CUBE-FREERTOS_V1.0.1, X-CUBE-GNSS1_V6.0.0, X-CUBE-MEMS1_V9.1.0, X-CUBE-MEMS1_V9.4.0, X-CUBE-MEMS1_V9.6.0, X-CUBE-NFC4_V3.0.0, X-CUBE-NFC7_V1.0.0, X-CUBE-SFXS2LP1_V4.0.0, X-CUBE-SUBG2_V5.0.0]
2023-06-09 08:37:44,237 [INFO] DbExamplesSqlite:376 - Ignored 45 examples not supported by CubeIDE
2023-06-09 08:37:44,238 [INFO] DbExamplesSqlite:377 - Found 7342 examples active
2023-06-09 08:37:44,238 [INFO] DbExamplesSqlite:378 - Found 1107 examples obsolete
2023-06-09 08:37:44,238 [INFO] DbExamplesSqlite:379 - Found 0 examples under development
2023-06-09 08:37:44,238 [INFO] DbExamplesSqlite:380 - Found 77 examples not building
2023-06-09 08:37:44,239 [INFO] DbExamples:125 - Found 7374 examples
2023-06-09 08:37:44,252 [INFO] DbExamples:222 - Found 92 boards with related examples
2023-06-09 08:37:44,252 [INFO] DbExamples:235 - Found 78 MCUs with related examples
2023-06-09 08:37:44,270 [INFO] ApiDb:423 - Load user favorites file /home/thales/.stm32cubeide/favorites.examples.txt: 0 item(s)
2023-06-09 08:37:44,270 [INFO] ApiDb:427 - User favorites Examples=[]
2023-06-09 08:37:44,271 [INFO] DbExamples:250 - Set 0 / 0 favorites Examples
2023-06-09 08:37:44,375 [INFO] McuFinderGlobals:66 - Set McuFinderConnectedMode to true
2023-06-09 08:37:44,384 [INFO] MultiScanPanel:200 - Auto-refresh data requested => check proxy status ongoing
2023-06-09 08:37:44,387 [INFO] FinderPluginLoader:95 - Searching for filters in installed packs
2023-06-09 08:37:45,723 [INFO] LoadUrlFilesThread:185 - End of LoadServerUrlFiles without Thread
2023-06-09 08:37:45,802 [INFO] DetailPanel:341 - Set advertising image to /home/thales/STM32Cube/Repository//en.prom-stm32h5-mcu-finder.jpg
2023-06-09 08:37:55,653 [INFO] MultiScanPanel:200 - Auto-refresh data requested => check proxy status ongoing
2023-06-09 08:37:55,779 [INFO] LoadUrlFilesThread:185 - End of LoadServerUrlFiles without Thread
2023-06-09 08:37:55,779 [INFO] DetailPanel:341 - Set advertising image to /home/thales/STM32Cube/Repository//en.prom-stm32h5-mcu-finder.jpg
2023-06-09 08:38:28,638 [INFO] McuFinderGlobals:66 - Set McuFinderConnectedMode to true
2023-06-09 08:38:28,641 [INFO] ApiDb:448 - Save user favorites file /home/thales/.stm32cubeide/favorites.mcus.txt: 0 item(s)
2023-06-09 08:38:28,642 [INFO] ApiDb:452 - User favorites MCUs=[]
2023-06-09 08:38:28,643 [INFO] ApiDb:448 - Save user favorites file /home/thales/.stm32cubeide/favorites.boards.txt: 1 item(s)
2023-06-09 08:38:28,644 [INFO] ApiDb:452 - User favorites Boards=[NUCLEO-F411RE]
2023-06-09 09:05:29,705 [ERROR] LogOutputStream:75 - [STDERR_REDIRECT] Warning: NLS missing message: ExternalToolsPreferencePage_External_tool_project_builders_migration_2 in: org.eclipse.ui.externaltools.internal.ui.ExternalToolsUIMessages
2023-06-09 09:05:29,705 [ERROR] LogOutputStream:75 - [STDERR_REDIRECT] Warning: NLS missing message: ExternalToolsPreferencePage_Prompt_before_migrating_3 in: org.eclipse.ui.externaltools.internal.ui.ExternalToolsUIMessages
2023-06-09 09:05:29,705 [ERROR] LogOutputStream:75 - [STDERR_REDIRECT] Warning: NLS missing message: ExternalToolsPreferencePage_1 in: org.eclipse.ui.externaltools.internal.ui.ExternalToolsUIMessages
