2023-05-31 10:48:18,572 [INFO] Activator:176 - 


2023-05-31 10:48:18,573 [INFO] Activator:177 - !SESSION log4j initialized
2023-05-31 10:48:21,028 [INFO] LogOutputStream:77 - [STDOUT_REDIRECT] 
2023-05-31 10:48:42,462 [ERROR] LogOutputStream:75 - [STDERR_REDIRECT] SLF4J: Failed to load class "org.slf4j.impl.StaticLoggerBinder".
2023-05-31 10:48:42,463 [ERROR] LogOutputStream:75 - [STDERR_REDIRECT] SLF4J: Defaulting to no-operation (NOP) logger implementation
2023-05-31 10:48:42,464 [ERROR] LogOutputStream:75 - [STDERR_REDIRECT] SLF4J: See http://www.slf4j.org/codes.html#StaticLoggerBinder for further details.
2023-05-31 10:57:36,286 [INFO] ApplicationProperties:184 - Using Application install path: /opt/st/stm32cubeide_1.12.1/plugins/com.st.stm32cube.common.mx_6.8.1.202304191431
2023-05-31 10:57:36,307 [INFO] DbMcusXml:78 - Set database path to: /opt/st/stm32cubeide_1.12.1/plugins/com.st.stm32cube.common.mx_6.8.1.202304191431//db//mcu/
2023-05-31 10:57:36,307 [INFO] ApiDb:274 - Set plugin database path to: /opt/st/stm32cubeide_1.12.1/plugins/com.st.stm32cube.common.mx_6.8.1.202304191431//db//plugins/boardmanager/
2023-05-31 10:57:36,310 [WARN] ApiDb:259 - Overriding images path with different value:  => /opt/st/stm32cubeide_1.12.1/plugins/com.st.stm32cube.common.mx_6.8.1.202304191431//db//plugins/mcufinder/images/
2023-05-31 10:57:37,035 [WARN] ApiFinderProperties:113 - /home/thales/.stmcufinder/plugins/mcufinder/mcu/mcuFinder.mfd doesn't exist
2023-05-31 10:57:37,036 [INFO] ApiDb:250 - Set database path to: /home/thales/.stmcufinder/plugins/mcufinder//mcu/
2023-05-31 10:57:37,037 [INFO] DbMcusAds:125 - Set database path to: /home/thales/.stmcufinder/plugins/mcufinder//mcu/
2023-05-31 10:57:37,300 [INFO] CrossReferenceDbSqlite:203 - Set database path to: /home/thales/.stmcufinder/plugins/mcufinder//mcu/cs/
2023-05-31 10:57:37,431 [INFO] RulesReader:64 - Compatibility file has been processed (293 Rules)
2023-05-31 10:57:37,486 [INFO] DbMcusXml:78 - Set database path to: /opt/st/stm32cubeide_1.12.1/plugins/com.st.stm32cube.common.mx_6.8.1.202304191431//db//mcu/
2023-05-31 10:57:37,487 [INFO] ApiDb:274 - Set plugin database path to: /opt/st/stm32cubeide_1.12.1/plugins/com.st.stm32cube.common.mx_6.8.1.202304191431//db//plugins/boardmanager/
2023-05-31 10:57:37,487 [INFO] ApiDb:261 - Set plugin images path to: /opt/st/stm32cubeide_1.12.1/plugins/com.st.stm32cube.common.mx_6.8.1.202304191431//db//plugins/mcufinder/images/
2023-05-31 10:57:37,487 [WARN] DbFile:41 - Overriding database path with different value: /home/thales/.stmcufinder/plugins/mcufinder/ => /home/thales/.stmcufinder/plugins/mcufinder
2023-05-31 10:57:37,487 [INFO] ApiDb:250 - Set database path to: /home/thales/.stmcufinder/plugins/mcufinder//mcu/
2023-05-31 10:57:37,487 [WARN] DbFile:41 - Overriding database path with different value: /home/thales/.stmcufinder/plugins/mcufinder/ => /home/thales/.stmcufinder/plugins/mcufinder
2023-05-31 10:57:37,487 [INFO] DbMcusAds:125 - Set database path to: /home/thales/.stmcufinder/plugins/mcufinder//mcu/
2023-05-31 10:57:37,488 [WARN] DbFile:41 - Overriding database path with different value: /home/thales/.stmcufinder/plugins/mcufinder/ => /home/thales/.stmcufinder/plugins/mcufinder
2023-05-31 10:57:37,488 [WARN] DbFile:41 - Overriding database path with different value: /home/thales/.stmcufinder/plugins/mcufinder/ => /home/thales/.stmcufinder/plugins/mcufinder
2023-05-31 10:57:37,488 [INFO] CrossReferenceDbSqlite:203 - Set database path to: /home/thales/.stmcufinder/plugins/mcufinder//mcu/cs/
2023-05-31 10:57:37,563 [INFO] MainPanel:253 - HeapMemory: 378535936
2023-05-31 10:57:37,666 [INFO] DbMcusXml:78 - Set database path to: /opt/st/stm32cubeide_1.12.1/plugins/com.st.stm32cube.common.mx_6.8.1.202304191431//db//mcu/
2023-05-31 10:57:37,666 [INFO] ApiDb:274 - Set plugin database path to: /opt/st/stm32cubeide_1.12.1/plugins/com.st.stm32cube.common.mx_6.8.1.202304191431//db//plugins/boardmanager/
2023-05-31 10:57:37,666 [INFO] ApiDb:261 - Set plugin images path to: /opt/st/stm32cubeide_1.12.1/plugins/com.st.stm32cube.common.mx_6.8.1.202304191431//db//plugins/mcufinder/images/
2023-05-31 10:57:37,667 [WARN] DbFile:41 - Overriding database path with different value: /home/thales/.stmcufinder/plugins/mcufinder/ => /home/thales/.stmcufinder/plugins/mcufinder
2023-05-31 10:57:37,667 [INFO] ApiDb:250 - Set database path to: /home/thales/.stmcufinder/plugins/mcufinder//mcu/
2023-05-31 10:57:37,667 [WARN] DbFile:41 - Overriding database path with different value: /home/thales/.stmcufinder/plugins/mcufinder/ => /home/thales/.stmcufinder/plugins/mcufinder
2023-05-31 10:57:37,667 [INFO] DbMcusAds:125 - Set database path to: /home/thales/.stmcufinder/plugins/mcufinder//mcu/
2023-05-31 10:57:37,667 [WARN] DbFile:41 - Overriding database path with different value: /home/thales/.stmcufinder/plugins/mcufinder/ => /home/thales/.stmcufinder/plugins/mcufinder
2023-05-31 10:57:37,667 [WARN] DbFile:41 - Overriding database path with different value: /home/thales/.stmcufinder/plugins/mcufinder/ => /home/thales/.stmcufinder/plugins/mcufinder
2023-05-31 10:57:37,667 [INFO] CrossReferenceDbSqlite:203 - Set database path to: /home/thales/.stmcufinder/plugins/mcufinder//mcu/cs/
2023-05-31 10:57:37,684 [INFO] ApplicationProperties:184 - Using Application install path: /opt/st/stm32cubeide_1.12.1/plugins/com.st.stm32cube.common.mx_6.8.1.202304191431
2023-05-31 10:57:37,685 [INFO] PluginManage:196 - Search for loadable plugins [exclusion list=, ]
2023-05-31 10:57:37,686 [INFO] PluginManage:310 - Check plugin analytics
2023-05-31 10:57:37,819 [INFO] AnalyticsPlugin:253 - Accepted Software Licenses: 
2023-05-31 10:57:37,819 [INFO] AnalyticsPlugin:255 - Accepted CMSIS Pack Licenses: 
2023-05-31 10:57:37,819 [INFO] AnalyticsPlugin:257 - Accepted Firmware Licenses: 
2023-05-31 10:57:37,825 [INFO] PluginManage:359 - Loaded plugin analytics (category:tool,tabindex:-1)
2023-05-31 10:57:37,826 [INFO] PluginManage:310 - Check plugin cadmodel
2023-05-31 10:57:37,981 [INFO] CADModel:105 - Init CAD model plugin
2023-05-31 10:57:37,981 [INFO] PluginManage:359 - Loaded plugin cadmodel (category:power,tabindex:5)
2023-05-31 10:57:37,982 [INFO] PluginManage:310 - Check plugin clock
2023-05-31 10:57:37,995 [INFO] PluginManage:359 - Loaded plugin clock (category:base,tabindex:2)
2023-05-31 10:57:37,995 [INFO] PluginManage:310 - Check plugin ddr
2023-05-31 10:57:37,998 [INFO] PluginManage:359 - Loaded plugin ddr (category:tool,tabindex:6)
2023-05-31 10:57:37,998 [INFO] PluginManage:310 - Check plugin filemanager
2023-05-31 10:57:38,158 [INFO] PluginManage:359 - Loaded plugin filemanager (category:base,tabindex:10)
2023-05-31 10:57:38,158 [INFO] PluginManage:310 - Check plugin ipmanager
2023-05-31 10:57:38,165 [INFO] PluginManage:359 - Loaded plugin ipmanager (category:base,tabindex:5)
2023-05-31 10:57:38,165 [INFO] PluginManage:310 - Check plugin lpbam
2023-05-31 10:57:38,177 [INFO] PluginManage:359 - Loaded plugin lpbam (category:base,tabindex:0)
2023-05-31 10:57:38,177 [INFO] PluginManage:310 - Check plugin pinoutandconfiguration
2023-05-31 10:57:38,198 [INFO] PluginManage:359 - Loaded plugin pinoutandconfiguration (category:base,tabindex:1)
2023-05-31 10:57:38,198 [INFO] PluginManage:310 - Check plugin pinoutconfig
2023-05-31 10:57:38,283 [WARN] SupportedApi:132 - Cannot load RTOS API schema: s4s-elt-must-match.1: The content of 'definitions' must match (annotation?, (simpleType | complexType)?, (unique | key | keyref)*)). A problem was found starting at: attribute.
2023-05-31 10:57:38,419 [INFO] PluginManage:359 - Loaded plugin pinoutconfig (category:base,tabindex:0)
2023-05-31 10:57:38,419 [INFO] PluginManage:310 - Check plugin power
2023-05-31 10:57:38,429 [INFO] PluginManage:359 - Loaded plugin power (category:power,tabindex:4)
2023-05-31 10:57:38,429 [INFO] PluginManage:310 - Check plugin projectmanager
2023-05-31 10:57:38,443 [INFO] PluginManage:359 - Loaded plugin projectmanager (category:projectmanager,tabindex:3)
2023-05-31 10:57:38,443 [INFO] PluginManage:310 - Check plugin thirdparty
2023-05-31 10:57:38,534 [INFO] PluginManage:359 - Loaded plugin thirdparty (category:base,tabindex:-1)
2023-05-31 10:57:38,534 [INFO] PluginManage:310 - Check plugin tools
2023-05-31 10:57:38,534 [WARN] IntegrityCheckThread:84 - waiting for thirdparty lock release [integrity check]
2023-05-31 10:57:38,534 [INFO] IntegrityCheckThread:86 - entering critical section [integrity check]
2023-05-31 10:57:38,536 [INFO] ThirdPartyUpdaterWithRetryManager:70 - Updater plugin not ready yet. [1/15]
2023-05-31 10:57:38,536 [INFO] PluginManage:359 - Loaded plugin tools (category:base,tabindex:7)
2023-05-31 10:57:38,536 [INFO] PluginManage:310 - Check plugin tutovideos
2023-05-31 10:57:38,691 [INFO] PluginManage:359 - Loaded plugin tutovideos (category:base,tabindex:-1)
2023-05-31 10:57:38,691 [INFO] PluginManage:310 - Check plugin updater
2023-05-31 10:57:38,705 [INFO] PluginManage:359 - Loaded plugin updater (category:base,tabindex:12)
2023-05-31 10:57:38,705 [INFO] PluginManage:283 - PluginManage : Loaded plugins [15]
2023-05-31 10:57:38,905 [INFO] PinOutPanel:1499 - setPackage(No Configuration,No Configuration)
2023-05-31 10:57:38,960 [INFO] CADModel:165 - CPN selected for project level
2023-05-31 10:57:38,960 [INFO] CADModel:114 - Register for checkConnection events
2023-05-31 10:57:38,976 [INFO] IPUIPlugin:80 - create IPUIPlugin
2023-05-31 10:57:38,978 [INFO] PluginManager:220 - loadIPPluginJar : add quadspi
2023-05-31 10:57:38,984 [INFO] IPUIPlugin:80 - create IPUIPlugin
2023-05-31 10:57:38,985 [INFO] PluginManager:220 - loadIPPluginJar : add gfxmmu
2023-05-31 10:57:38,991 [INFO] IPUIPlugin:80 - create IPUIPlugin
2023-05-31 10:57:38,992 [INFO] PluginManager:220 - loadIPPluginJar : add gpio
2023-05-31 10:57:38,997 [INFO] IPUIPlugin:80 - create IPUIPlugin
2023-05-31 10:57:38,997 [INFO] PluginManager:220 - loadIPPluginJar : add ipddr
2023-05-31 10:57:39,000 [INFO] IPUIPlugin:80 - create IPUIPlugin
2023-05-31 10:57:39,001 [INFO] PluginManager:220 - loadIPPluginJar : add dfsdm
2023-05-31 10:57:39,003 [INFO] IPUIPlugin:80 - create IPUIPlugin
2023-05-31 10:57:39,003 [INFO] PluginManager:220 - loadIPPluginJar : add ltdc
2023-05-31 10:57:39,008 [INFO] IPUIPlugin:80 - create IPUIPlugin
2023-05-31 10:57:39,009 [INFO] PluginManager:220 - loadIPPluginJar : add nvic
2023-05-31 10:57:39,011 [INFO] IPUIPlugin:80 - create IPUIPlugin
2023-05-31 10:57:39,012 [INFO] PluginManager:220 - loadIPPluginJar : add ts
2023-05-31 10:57:39,019 [INFO] IPUIPlugin:80 - create IPUIPlugin
2023-05-31 10:57:39,019 [INFO] PluginManager:220 - loadIPPluginJar : add gic
2023-05-31 10:57:39,022 [INFO] IPUIPlugin:80 - create IPUIPlugin
2023-05-31 10:57:39,023 [INFO] PluginManager:220 - loadIPPluginJar : add aes
2023-05-31 10:57:39,029 [INFO] IPUIPlugin:80 - create IPUIPlugin
2023-05-31 10:57:39,030 [INFO] PluginManager:220 - loadIPPluginJar : add opamp
2023-05-31 10:57:39,038 [INFO] IPUIPlugin:80 - create IPUIPlugin
2023-05-31 10:57:39,038 [INFO] PluginManager:220 - loadIPPluginJar : add adc
2023-05-31 10:57:39,042 [INFO] IPUIPlugin:80 - create IPUIPlugin
2023-05-31 10:57:39,042 [INFO] PluginManager:220 - loadIPPluginJar : add pdm2pcm
2023-05-31 10:57:39,050 [INFO] IPUIPlugin:80 - create IPUIPlugin
2023-05-31 10:57:39,050 [INFO] PluginManager:220 - loadIPPluginJar : add stm32_wpan
2023-05-31 10:57:39,053 [INFO] IPUIPlugin:80 - create IPUIPlugin
2023-05-31 10:57:39,053 [INFO] PluginManager:220 - loadIPPluginJar : add tracer_emb
2023-05-31 10:57:39,056 [INFO] IPUIPlugin:80 - create IPUIPlugin
2023-05-31 10:57:39,056 [INFO] PluginManager:220 - loadIPPluginJar : add i2s
2023-05-31 10:57:39,060 [INFO] IPUIPlugin:80 - create IPUIPlugin
2023-05-31 10:57:39,060 [INFO] PluginManager:220 - loadIPPluginJar : add i2c
2023-05-31 10:57:39,070 [INFO] IPUIPlugin:80 - create IPUIPlugin
2023-05-31 10:57:39,071 [INFO] PluginManager:220 - loadIPPluginJar : add linkedlist
2023-05-31 10:57:39,074 [INFO] IPUIPlugin:80 - create IPUIPlugin
2023-05-31 10:57:39,074 [INFO] PluginManager:220 - loadIPPluginJar : add hash
2023-05-31 10:57:39,079 [INFO] IPUIPlugin:80 - create IPUIPlugin
2023-05-31 10:57:39,079 [INFO] PluginManager:220 - loadIPPluginJar : add touchsensing
2023-05-31 10:57:39,081 [INFO] IPUIPlugin:80 - create IPUIPlugin
2023-05-31 10:57:39,082 [INFO] PluginManager:220 - loadIPPluginJar : add ucpd
2023-05-31 10:57:39,084 [INFO] IPUIPlugin:80 - create IPUIPlugin
2023-05-31 10:57:39,084 [INFO] PluginManager:220 - loadIPPluginJar : add fatfs
2023-05-31 10:57:39,088 [INFO] IPUIPlugin:80 - create IPUIPlugin
2023-05-31 10:57:39,088 [INFO] PluginManager:220 - loadIPPluginJar : add i3c
2023-05-31 10:57:39,090 [INFO] IPUIPlugin:80 - create IPUIPlugin
2023-05-31 10:57:39,090 [INFO] PluginManager:220 - loadIPPluginJar : add tsc
2023-05-31 10:57:39,099 [INFO] IPUIPlugin:80 - create IPUIPlugin
2023-05-31 10:57:39,099 [INFO] PluginManager:220 - loadIPPluginJar : add freertos
2023-05-31 10:57:39,109 [INFO] IPUIPlugin:80 - create IPUIPlugin
2023-05-31 10:57:39,114 [INFO] PluginManager:220 - loadIPPluginJar : add plateformsettings
2023-05-31 10:57:39,116 [INFO] IPUIPlugin:80 - create IPUIPlugin
2023-05-31 10:57:39,116 [INFO] PluginManager:220 - loadIPPluginJar : add comp
2023-05-31 10:57:39,120 [INFO] IPUIPlugin:80 - create IPUIPlugin
2023-05-31 10:57:39,121 [INFO] PluginManager:220 - loadIPPluginJar : add usbx
2023-05-31 10:57:39,124 [INFO] IPUIPlugin:80 - create IPUIPlugin
2023-05-31 10:57:39,125 [INFO] PluginManager:220 - loadIPPluginJar : add usart
2023-05-31 10:57:39,128 [INFO] IPUIPlugin:80 - create IPUIPlugin
2023-05-31 10:57:39,129 [INFO] PluginManager:220 - loadIPPluginJar : add can
2023-05-31 10:57:39,133 [INFO] IPUIPlugin:80 - create IPUIPlugin
2023-05-31 10:57:39,133 [INFO] PluginManager:220 - loadIPPluginJar : add gtzc
2023-05-31 10:57:39,137 [INFO] IPUIPlugin:80 - create IPUIPlugin
2023-05-31 10:57:39,137 [INFO] PluginManager:220 - loadIPPluginJar : add lorawan
2023-05-31 10:57:39,139 [INFO] IPUIPlugin:80 - create IPUIPlugin
2023-05-31 10:57:39,139 [INFO] PluginManager:220 - loadIPPluginJar : add genericplugin
2023-05-31 10:57:39,149 [INFO] IPUIPlugin:80 - create IPUIPlugin
2023-05-31 10:57:39,149 [INFO] PluginManager:220 - loadIPPluginJar : add mdma
2023-05-31 10:57:39,152 [INFO] IPUIPlugin:80 - create IPUIPlugin
2023-05-31 10:57:39,153 [INFO] PluginManager:220 - loadIPPluginJar : add cryp
2023-05-31 10:57:39,155 [INFO] IPUIPlugin:80 - create IPUIPlugin
2023-05-31 10:57:39,156 [INFO] PluginManager:220 - loadIPPluginJar : add spi
2023-05-31 10:57:39,159 [INFO] IPUIPlugin:80 - create IPUIPlugin
2023-05-31 10:57:39,159 [INFO] PluginManager:220 - loadIPPluginJar : add dma3
2023-05-31 10:57:39,163 [INFO] IPUIPlugin:80 - create IPUIPlugin
2023-05-31 10:57:39,163 [INFO] PluginManager:220 - loadIPPluginJar : add sai
2023-05-31 10:57:39,167 [INFO] IPUIPlugin:80 - create IPUIPlugin
2023-05-31 10:57:39,168 [INFO] PluginManager:220 - loadIPPluginJar : add openamp
2023-05-31 10:57:39,177 [INFO] IPUIPlugin:80 - create IPUIPlugin
2023-05-31 10:57:39,177 [INFO] PluginManager:220 - loadIPPluginJar : add dma
2023-05-31 10:57:39,182 [INFO] IPUIPlugin:80 - create IPUIPlugin
2023-05-31 10:57:39,182 [INFO] PluginManager:220 - loadIPPluginJar : add resmgrutility
2023-05-31 10:57:39,188 [INFO] IPUIPlugin:80 - create IPUIPlugin
2023-05-31 10:57:39,188 [INFO] PluginManager:220 - loadIPPluginJar : add fmc
2023-05-31 10:57:39,191 [INFO] IPUIPlugin:80 - create IPUIPlugin
2023-05-31 10:57:39,191 [INFO] PluginManager:220 - loadIPPluginJar : add tim
2023-05-31 10:57:39,331 [INFO] CADModel:165 - CPN selected for project level
2023-05-31 10:57:39,331 [INFO] CADModel:114 - Register for checkConnection events
2023-05-31 10:57:39,331 [FATAL] Updater:308 - Updater called before beeing initialized
2023-05-31 10:57:39,331 [ERROR] CADModel:125 - Updater not yet initialized, retry later 
2023-05-31 10:57:39,465 [INFO] CADModel:165 - CPN selected for project level
2023-05-31 10:57:39,465 [INFO] CADModel:114 - Register for checkConnection events
2023-05-31 10:57:39,466 [FATAL] Updater:308 - Updater called before beeing initialized
2023-05-31 10:57:39,466 [ERROR] CADModel:125 - Updater not yet initialized, retry later 
2023-05-31 10:57:39,469 [FATAL] Updater:308 - Updater called before beeing initialized
2023-05-31 10:57:39,555 [FATAL] Updater:308 - Updater called before beeing initialized
2023-05-31 10:57:39,561 [INFO] DbMcusAds:53 - JSON generation date=Thu Sep 30 02:55:09 AMT 2021 (1632984909247)
2023-05-31 10:57:39,562 [FATAL] Updater:308 - Updater called before beeing initialized
2023-05-31 10:57:39,604 [WARN] DetailPanel:346 - Failed to get advertising image, set to default
2023-05-31 10:57:39,713 [FATAL] Updater:308 - Updater called before beeing initialized
2023-05-31 10:57:39,715 [FATAL] Updater:308 - Updater called before beeing initialized
2023-05-31 10:57:39,715 [FATAL] Updater:308 - Updater called before beeing initialized
2023-05-31 10:57:39,715 [WARN] DetailPanel:346 - Failed to get advertising image, set to default
2023-05-31 10:57:39,716 [FATAL] Updater:308 - Updater called before beeing initialized
2023-05-31 10:57:39,743 [ERROR] Updater:1120 - MainUpdater not yet initialized. External WinMGr cannot be set.
2023-05-31 10:57:39,745 [INFO] Updater:1056 - Updater Version found : 6.8.1
2023-05-31 10:57:39,761 [INFO] ApplicationProperties:184 - Using Application install path: /opt/st/stm32cubeide_1.12.1/plugins/com.st.stm32cube.common.mx_6.8.1.202304191431
2023-05-31 10:57:39,783 [INFO] MainUpdater:519 - Copy updater definitions from MX database
2023-05-31 10:57:39,800 [INFO] MainUpdater:552 - Copy flag file definitions from MX database
2023-05-31 10:57:39,801 [INFO] MainUpdater:568 - Copy thirdparty index definitions from MX database
2023-05-31 10:57:39,802 [INFO] MainUpdater:587 - Copy default thirdparty db definitions from MX database
2023-05-31 10:57:39,907 [INFO] MainUpdater:2854 - connection check result : 10
2023-05-31 10:57:39,908 [INFO] MainUpdater:3548 - Updater definition file requires update
2023-05-31 10:57:39,909 [INFO] MainUpdater:283 - Updater Check For Update Now.
2023-05-31 10:57:39,911 [INFO] MicroXplorer:498 - Change Database Version : DB.6.0.81
2023-05-31 10:57:39,980 [INFO] ServerAccessManage:473 - Download File updaters.zip
2023-05-31 10:57:40,126 [INFO] FileExtend:240 - Unzip File : updaters.zip
2023-05-31 10:57:40,127 [INFO] FileExtend:255 - Standard Zip Deflate
2023-05-31 10:57:40,380 [INFO] ServerAccessManage:473 - Download File PacksControlFlags.xml
2023-05-31 10:57:40,505 [INFO] ServerAccessManage:473 - Download File cubemx.pidx
2023-05-31 10:57:40,684 [INFO] ServerAccessManage:473 - Download File STMicroelectronics.FP-ATR-ASTRA1.pdsc
2023-05-31 10:57:40,947 [INFO] ServerAccessManage:473 - Download File STMicroelectronics.FP-ATR-SIGFOX1.pdsc
2023-05-31 10:57:41,128 [INFO] ServerAccessManage:473 - Download File STMicroelectronics.FP-SNS-FLIGHT1.pdsc
2023-05-31 10:57:41,247 [INFO] ServerAccessManage:473 - Download File STMicroelectronics.FP-SNS-MOTENV1.pdsc
2023-05-31 10:57:41,487 [INFO] ServerAccessManage:473 - Download File STMicroelectronics.X-CUBE-AI.pdsc
2023-05-31 10:57:41,537 [WARN] MainUpdater:1187 - Updater busy. Cannot search thirdparties
2023-05-31 10:57:41,537 [INFO] ThirdPartyUpdaterWithRetryManager:96 - Updater plugin is busy. [1/15]
2023-05-31 10:57:42,328 [INFO] ServerAccessManage:473 - Download File STMicroelectronics.X-CUBE-ALS.pdsc
2023-05-31 10:57:42,520 [INFO] ServerAccessManage:473 - Download File STMicroelectronics.X-CUBE-BLE1.pdsc
2023-05-31 10:57:43,341 [ERROR] ServerAccessManage:1089 - Problem, file not found on Server
2023-05-31 10:57:43,476 [INFO] ServerAccessManage:473 - Download File STMicroelectronics.X-CUBE-BLE2.pdsc
2023-05-31 10:57:44,192 [INFO] ServerAccessManage:473 - Download File STMicroelectronics.X-CUBE-BLEMGR.pdsc
2023-05-31 10:57:44,538 [WARN] MainUpdater:1187 - Updater busy. Cannot search thirdparties
2023-05-31 10:57:44,538 [INFO] ThirdPartyUpdaterWithRetryManager:96 - Updater plugin is busy. [2/15]
2023-05-31 10:57:44,552 [INFO] ServerAccessManage:473 - Download File STMicroelectronics.X-CUBE-DISPLAY.pdsc
2023-05-31 10:57:45,003 [INFO] ServerAccessManage:473 - Download File STMicroelectronics.X-CUBE-EEPRMA1.pdsc
2023-05-31 10:57:45,453 [ERROR] ServerAccessManage:1089 - Problem, file not found on Server
2023-05-31 10:57:45,726 [INFO] ServerAccessManage:473 - Download File STMicroelectronics.X-CUBE-FREERTOS.pdsc
2023-05-31 10:57:45,904 [INFO] ServerAccessManage:473 - Download File STMicroelectronics.X-CUBE-GNSS1.pdsc
2023-05-31 10:57:46,800 [ERROR] ServerAccessManage:1089 - Problem, file not found on Server
2023-05-31 10:57:46,981 [ERROR] ServerAccessManage:1089 - Problem, file not found on Server
2023-05-31 10:57:47,181 [ERROR] ServerAccessManage:1089 - Problem, file not found on Server
2023-05-31 10:57:47,351 [ERROR] ServerAccessManage:1089 - Problem, file not found on Server
2023-05-31 10:57:47,539 [WARN] MainUpdater:1187 - Updater busy. Cannot search thirdparties
2023-05-31 10:57:47,539 [INFO] ThirdPartyUpdaterWithRetryManager:96 - Updater plugin is busy. [3/15]
2023-05-31 10:57:47,573 [ERROR] ServerAccessManage:1089 - Problem, file not found on Server
2023-05-31 10:57:47,795 [ERROR] ServerAccessManage:1089 - Problem, file not found on Server
2023-05-31 10:57:47,822 [INFO] ServerAccessManage:473 - Download File STMicroelectronics.X-CUBE-ISPU.pdsc
2023-05-31 10:57:47,981 [INFO] ServerAccessManage:473 - Download File STMicroelectronics.X-CUBE-MEMS1.pdsc
2023-05-31 10:57:49,232 [INFO] ServerAccessManage:473 - Download File STMicroelectronics.X-CUBE-NFC4.pdsc
2023-05-31 10:57:49,973 [INFO] ServerAccessManage:473 - Download File STMicroelectronics.X-CUBE-NFC7.pdsc
2023-05-31 10:57:50,134 [INFO] ServerAccessManage:473 - Download File STMicroelectronics.X-CUBE-SFXS2LP1.pdsc
2023-05-31 10:57:50,339 [INFO] ServerAccessManage:473 - Download File STMicroelectronics.X-CUBE-SUBG2.pdsc
2023-05-31 10:57:50,540 [WARN] MainUpdater:1187 - Updater busy. Cannot search thirdparties
2023-05-31 10:57:50,540 [INFO] ThirdPartyUpdaterWithRetryManager:96 - Updater plugin is busy. [4/15]
2023-05-31 10:57:50,896 [INFO] ServerAccessManage:473 - Download File STMicroelectronics.X-CUBE-SMBUS.pdsc
2023-05-31 10:57:51,123 [ERROR] ServerAccessManage:1089 - Problem, file not found on Server
2023-05-31 10:57:51,160 [INFO] ServerAccessManage:473 - Download File STMicroelectronics.X-CUBE-TOF1.pdsc
2023-05-31 10:57:51,664 [ERROR] ServerAccessManage:1089 - Problem, file not found on Server
2023-05-31 10:57:51,795 [INFO] ServerAccessManage:473 - Download File STMicroelectronics.X-CUBE-TOUCHGFX.pdsc
2023-05-31 10:57:52,659 [INFO] ServerAccessManage:473 - Download File STMicroelectronics.X-CUBE-ALGOBUILD.pdsc
2023-05-31 10:57:52,931 [INFO] ServerAccessManage:473 - Download File STMicroelectronics.X-CUBE-AZRTOS-H7.pdsc
2023-05-31 10:57:53,326 [INFO] ServerAccessManage:473 - Download File STMicroelectronics.X-CUBE-AZRTOS-F4.pdsc
2023-05-31 10:57:53,518 [INFO] ServerAccessManage:473 - Download File STMicroelectronics.X-CUBE-AZRTOS-F7.pdsc
2023-05-31 10:57:53,540 [WARN] MainUpdater:1187 - Updater busy. Cannot search thirdparties
2023-05-31 10:57:53,541 [INFO] ThirdPartyUpdaterWithRetryManager:96 - Updater plugin is busy. [5/15]
2023-05-31 10:57:53,736 [INFO] ServerAccessManage:473 - Download File STMicroelectronics.X-CUBE-AZRTOS-L4.pdsc
2023-05-31 10:57:54,000 [INFO] ServerAccessManage:473 - Download File STMicroelectronics.X-CUBE-AZRTOS-L5.pdsc
2023-05-31 10:57:54,270 [INFO] ServerAccessManage:473 - Download File STMicroelectronics.X-CUBE-AZRTOS-G0.pdsc
2023-05-31 10:57:54,506 [INFO] ServerAccessManage:473 - Download File STMicroelectronics.X-CUBE-AZRTOS-G4.pdsc
2023-05-31 10:57:54,726 [INFO] ServerAccessManage:473 - Download File STMicroelectronics.X-CUBE-AZRTOS-WB.pdsc
2023-05-31 10:57:54,901 [INFO] ServerAccessManage:473 - Download File STMicroelectronics.X-CUBE-AZRTOS-WL.pdsc
2023-05-31 10:57:55,087 [ERROR] ServerAccessManage:1089 - Problem, file not found on Server
2023-05-31 10:57:55,801 [INFO] ServerAccessManage:473 - Download File wolfSSL.I-CUBE-wolfSSL.pdsc
2023-05-31 10:57:56,541 [WARN] MainUpdater:1187 - Updater busy. Cannot search thirdparties
2023-05-31 10:57:56,542 [INFO] ThirdPartyUpdaterWithRetryManager:96 - Updater plugin is busy. [6/15]
2023-05-31 10:57:58,863 [ERROR] ServerAccessManage:1089 - Problem, file not found on Server
2023-05-31 10:57:59,312 [ERROR] ServerAccessManage:1089 - Problem, file not found on Server
2023-05-31 10:57:59,542 [WARN] MainUpdater:1187 - Updater busy. Cannot search thirdparties
2023-05-31 10:57:59,543 [INFO] ThirdPartyUpdaterWithRetryManager:96 - Updater plugin is busy. [7/15]
2023-05-31 10:57:59,764 [ERROR] ServerAccessManage:1089 - Problem, file not found on Server
2023-05-31 10:57:59,936 [INFO] MainUpdater:2854 - connection check result : 10
2023-05-31 10:58:00,574 [ERROR] ServerAccessManage:1096 - Problem, Http access forbiden
2023-05-31 10:58:00,576 [ERROR] ServerAccessManage:651 - Problem, Http access forbiden : RoweBots.I-CUBE-UNISONRTOS.pdsc.
2023-05-31 10:58:01,080 [INFO] ServerAccessManage:473 - Download File SEGGER.I-CUBE-embOS.pdsc
2023-05-31 10:58:02,283 [INFO] ServerAccessManage:473 - Download File portGmbH.I-Cube-SoM-uGOAL.pdsc
2023-05-31 10:58:02,543 [WARN] MainUpdater:1187 - Updater busy. Cannot search thirdparties
2023-05-31 10:58:02,543 [INFO] ThirdPartyUpdaterWithRetryManager:96 - Updater plugin is busy. [8/15]
2023-05-31 10:58:03,182 [ERROR] ServerAccessManage:1089 - Problem, file not found on Server
2023-05-31 10:58:03,277 [ERROR] ServerAccessManage:1089 - Problem, file not found on Server
2023-05-31 10:58:03,361 [ERROR] ServerAccessManage:1089 - Problem, file not found on Server
2023-05-31 10:58:03,814 [INFO] ServerAccessManage:473 - Download File emotas.I-CUBE-CANOPEN.pdsc
2023-05-31 10:58:05,254 [INFO] ServerAccessManage:473 - Download File WES.I-CUBE-Cesium.pdsc
2023-05-31 10:58:05,544 [WARN] MainUpdater:1187 - Updater busy. Cannot search thirdparties
2023-05-31 10:58:05,544 [INFO] ThirdPartyUpdaterWithRetryManager:96 - Updater plugin is busy. [9/15]
2023-05-31 10:58:07,232 [ERROR] ServerAccessManage:1089 - Problem, file not found on Server
2023-05-31 10:58:07,899 [ERROR] ServerAccessManage:1089 - Problem, file not found on Server
2023-05-31 10:58:07,971 [WARN] CheckServerUpdateThread:151 - Open CheckUpdateFile Fail
2023-05-31 10:58:07,977 [WARN] PackLoader:240 - Cannot read IP mode file for STMicroelectronics.FP-ATR-ASTRA1.2.0.0
2023-05-31 10:58:07,982 [WARN] PackLoader:240 - Cannot read IP mode file for STMicroelectronics.FP-ATR-SIGFOX1.3.2.0
2023-05-31 10:58:07,986 [WARN] PackLoader:240 - Cannot read IP mode file for STMicroelectronics.FP-SNS-FLIGHT1.5.0.1
2023-05-31 10:58:07,989 [ERROR] RealEvaluatedCondition:428 - Found unsupported composite condition: CLASS='Data Exchange' GROUP='STM32_MetaDataManager'
2023-05-31 10:58:07,989 [ERROR] RealEvaluatedCondition:428 - Found unsupported composite condition: CLASS='Data Exchange' GROUP='STM32_MetaDataManager'
2023-05-31 10:58:07,990 [WARN] PackLoader:240 - Cannot read IP mode file for STMicroelectronics.FP-SNS-MOTENV1.4.3.1
2023-05-31 10:58:07,997 [WARN] PackLoader:240 - Cannot read IP mode file for STMicroelectronics.X-CUBE-AI.8.0.1
2023-05-31 10:58:08,004 [WARN] PackLoader:240 - Cannot read IP mode file for STMicroelectronics.X-CUBE-ALS.1.0.1
2023-05-31 10:58:08,013 [WARN] PackLoader:240 - Cannot read IP mode file for STMicroelectronics.X-CUBE-BLE1.6.2.4
2023-05-31 10:58:08,018 [WARN] PackLoader:240 - Cannot read IP mode file for STMicroelectronics.X-CUBE-BLE2.3.3.0
2023-05-31 10:58:08,031 [WARN] PackLoader:240 - Cannot read IP mode file for STMicroelectronics.X-CUBE-BLEMGR.2.0.0
2023-05-31 10:58:08,050 [WARN] PackLoader:240 - Cannot read IP mode file for STMicroelectronics.X-CUBE-DISPLAY.3.0.0
2023-05-31 10:58:08,068 [WARN] PackLoader:240 - Cannot read IP mode file for STMicroelectronics.X-CUBE-EEPRMA1.4.1.0
2023-05-31 10:58:08,076 [WARN] PackLoader:240 - Cannot read IP mode file for STMicroelectronics.X-CUBE-FREERTOS.1.0.1
2023-05-31 10:58:08,081 [WARN] PackLoader:240 - Cannot read IP mode file for STMicroelectronics.X-CUBE-GNSS1.6.0.0
2023-05-31 10:58:08,086 [WARN] PackLoader:240 - Cannot read IP mode file for STMicroelectronics.X-CUBE-ISPU.1.1.0
2023-05-31 10:58:08,088 [INFO] CheckServerUpdateThread:120 - End of CheckServer Thread
2023-05-31 10:58:08,146 [INFO] McuFinderGlobals:66 - Set McuFinderConnectedMode to true
2023-05-31 10:58:08,156 [WARN] PackLoader:240 - Cannot read IP mode file for STMicroelectronics.X-CUBE-MEMS1.9.6.0
2023-05-31 10:58:08,414 [WARN] PackLoader:240 - Cannot read IP mode file for STMicroelectronics.X-CUBE-NFC4.3.0.0
2023-05-31 10:58:08,419 [WARN] PackLoader:240 - Cannot read IP mode file for STMicroelectronics.X-CUBE-NFC7.1.0.0
2023-05-31 10:58:08,426 [WARN] PackLoader:240 - Cannot read IP mode file for STMicroelectronics.X-CUBE-SFXS2LP1.4.0.0
2023-05-31 10:58:08,436 [WARN] PackLoader:240 - Cannot read IP mode file for STMicroelectronics.X-CUBE-SUBG2.5.0.0
2023-05-31 10:58:08,445 [WARN] PackLoader:240 - Cannot read IP mode file for STMicroelectronics.X-CUBE-SMBUS.2.1.0
2023-05-31 10:58:08,454 [WARN] PackLoader:240 - Cannot read IP mode file for STMicroelectronics.X-CUBE-TOF1.3.3.0
2023-05-31 10:58:08,468 [WARN] PackLoader:240 - Cannot read IP mode file for STMicroelectronics.X-CUBE-TOUCHGFX.4.21.4
2023-05-31 10:58:08,473 [WARN] PackLoader:240 - Cannot read IP mode file for STMicroelectronics.X-CUBE-ALGOBUILD.1.3.0
2023-05-31 10:58:08,491 [WARN] ConditionMgr:438 - getConditionDescription Invalid condition id : UX DEVICE CLASS RTOS Condition cause : null
2023-05-31 10:58:08,491 [WARN] ConditionMgr:438 - getConditionDescription Invalid condition id : UX DEVICE CLASS RTOS Condition cause : null
2023-05-31 10:58:08,496 [WARN] PackLoader:240 - Cannot read IP mode file for STMicroelectronics.X-CUBE-AZRTOS-H7.3.1.0
2023-05-31 10:58:08,497 [WARN] ConditionMgr:1039 - genDependencies : Invalid condition id : UX DEVICE CLASS RTOS Condition cause : null
2023-05-31 10:58:08,498 [WARN] ConditionMgr:1039 - genDependencies : Invalid condition id : UX DEVICE CLASS RTOS Condition cause : null
2023-05-31 10:58:08,498 [WARN] ConditionMgr:1039 - genDependencies : Invalid condition id : UX DEVICE CLASS RTOS Condition cause : null
2023-05-31 10:58:08,499 [WARN] ConditionMgr:1039 - genDependencies : Invalid condition id : UX DEVICE CLASS RTOS Condition cause : null
2023-05-31 10:58:08,499 [WARN] ConditionMgr:1039 - genDependencies : Invalid condition id : UX DEVICE CLASS RTOS Condition cause : null
2023-05-31 10:58:08,532 [WARN] PackLoader:240 - Cannot read IP mode file for STMicroelectronics.X-CUBE-AZRTOS-F4.1.1.0
2023-05-31 10:58:08,544 [WARN] MainUpdater:1187 - Updater busy. Cannot search thirdparties
2023-05-31 10:58:08,544 [INFO] ThirdPartyUpdaterWithRetryManager:96 - Updater plugin is busy. [10/15]
2023-05-31 10:58:08,551 [WARN] PackLoader:240 - Cannot read IP mode file for STMicroelectronics.X-CUBE-AZRTOS-F7.1.1.0
2023-05-31 10:58:08,570 [WARN] ConditionMgr:438 - getConditionDescription Invalid condition id : LAN8742 Phy interface Condition cause : null
2023-05-31 10:58:08,570 [WARN] PackLoader:240 - Cannot read IP mode file for STMicroelectronics.X-CUBE-AZRTOS-L4.2.0.0
2023-05-31 10:58:08,571 [WARN] ConditionMgr:1039 - genDependencies : Invalid condition id : LAN8742 Phy interface Condition cause : null
2023-05-31 10:58:08,572 [WARN] ConditionMgr:1039 - genDependencies : Invalid condition id : LAN8742 Phy interface Condition cause : null
2023-05-31 10:58:08,572 [WARN] ConditionMgr:1039 - genDependencies : Invalid condition id : LAN8742 Phy interface Condition cause : null
2023-05-31 10:58:08,585 [WARN] PackLoader:240 - Cannot read IP mode file for STMicroelectronics.X-CUBE-AZRTOS-L5.1.1.0
2023-05-31 10:58:08,600 [WARN] PackLoader:240 - Cannot read IP mode file for STMicroelectronics.X-CUBE-AZRTOS-G0.1.1.0
2023-05-31 10:58:08,615 [WARN] PackLoader:240 - Cannot read IP mode file for STMicroelectronics.X-CUBE-AZRTOS-G4.2.0.0
2023-05-31 10:58:08,627 [WARN] PackLoader:240 - Cannot read IP mode file for STMicroelectronics.X-CUBE-AZRTOS-WB.1.1.0
2023-05-31 10:58:08,636 [INFO] LogOutputStream:77 - [STDOUT_REDIRECT] 1 : Invalid condition id : UX_CORESTACK_Condition cause : null
2023-05-31 10:58:08,636 [INFO] LogOutputStream:77 - [STDOUT_REDIRECT] 1 : Invalid condition id : UX_CORESTACK_Condition cause : null
2023-05-31 10:58:08,637 [INFO] LogOutputStream:77 - [STDOUT_REDIRECT] 1 : Invalid condition id : UX_CORESTACK_Condition cause : null
2023-05-31 10:58:08,637 [INFO] LogOutputStream:77 - [STDOUT_REDIRECT] 1 : Invalid condition id : UX_CORESTACK_Condition cause : null
2023-05-31 10:58:08,637 [INFO] LogOutputStream:77 - [STDOUT_REDIRECT] 1 : Invalid condition id : UX_CORESTACK_Condition cause : null
2023-05-31 10:58:08,640 [WARN] PackLoader:240 - Cannot read IP mode file for STMicroelectronics.X-CUBE-AZRTOS-WL.2.0.0
2023-05-31 10:58:08,644 [WARN] PackLoader:240 - Cannot read IP mode file for wolfSSL.I-CUBE-wolfSSL.5.6.0
2023-05-31 10:58:08,671 [WARN] PackLoader:240 - Cannot read IP mode file for SEGGER.I-CUBE-embOS.1.3.1
2023-05-31 10:58:08,719 [WARN] PackLoader:240 - Cannot read IP mode file for portGmbH.I-Cube-SoM-uGOAL.1.1.0
2023-05-31 10:58:08,724 [WARN] PackLoader:240 - Cannot read IP mode file for emotas.I-CUBE-CANOPEN.1.1.3
2023-05-31 10:58:08,728 [WARN] PackLoader:240 - Cannot read IP mode file for WES.I-CUBE-Cesium.1.3.0
2023-05-31 10:58:08,728 [INFO] PopulateThirdPartyThread:66 - Ending populate Thread
2023-05-31 10:58:08,732 [INFO] ThirdParty:1030 - CMSIS Pack Vendor :STMicroelectronics X-CUBE-ISPU 1.1.0
2023-05-31 10:58:08,732 [INFO] ThirdParty:1030 - CMSIS Pack Vendor :STMicroelectronics X-CUBE-DISPLAY 3.0.0
2023-05-31 10:58:08,732 [INFO] ThirdParty:1030 - CMSIS Pack Vendor :STMicroelectronics X-CUBE-GNSS1 6.0.0
2023-05-31 10:58:08,732 [INFO] ThirdParty:1030 - CMSIS Pack Vendor :STMicroelectronics X-CUBE-AZRTOS-F4 1.1.0
2023-05-31 10:58:08,732 [INFO] ThirdParty:1030 - CMSIS Pack Vendor :STMicroelectronics FP-ATR-SIGFOX1 3.2.0
2023-05-31 10:58:08,732 [INFO] ThirdParty:1030 - CMSIS Pack Vendor :STMicroelectronics X-CUBE-SMBUS 2.1.0
2023-05-31 10:58:08,732 [INFO] ThirdParty:1030 - CMSIS Pack Vendor :wolfSSL I-CUBE-wolfSSL 5.6.0
2023-05-31 10:58:08,732 [INFO] ThirdParty:1030 - CMSIS Pack Vendor :STMicroelectronics X-CUBE-FREERTOS 1.0.1
2023-05-31 10:58:08,732 [INFO] ThirdParty:1030 - CMSIS Pack Vendor :STMicroelectronics X-CUBE-NFC7 1.0.0
2023-05-31 10:58:08,732 [INFO] ThirdParty:1030 - CMSIS Pack Vendor :STMicroelectronics X-CUBE-TOUCHGFX 4.21.4
2023-05-31 10:58:08,732 [INFO] ThirdParty:1030 - CMSIS Pack Vendor :STMicroelectronics X-CUBE-AZRTOS-F7 1.1.0
2023-05-31 10:58:08,733 [INFO] ThirdParty:1030 - CMSIS Pack Vendor :STMicroelectronics X-CUBE-ALS 1.0.1
2023-05-31 10:58:08,733 [INFO] ThirdParty:1030 - CMSIS Pack Vendor :STMicroelectronics X-CUBE-EEPRMA1 4.1.0
2023-05-31 10:58:08,733 [INFO] ThirdParty:1030 - CMSIS Pack Vendor :portGmbH I-Cube-SoM-uGOAL 1.1.0
2023-05-31 10:58:08,733 [INFO] ThirdParty:1030 - CMSIS Pack Vendor :STMicroelectronics X-CUBE-MEMS1 9.6.0
2023-05-31 10:58:08,733 [INFO] ThirdParty:1030 - CMSIS Pack Vendor :STMicroelectronics X-CUBE-AZRTOS-WB 1.1.0
2023-05-31 10:58:08,733 [INFO] ThirdParty:1030 - CMSIS Pack Vendor :STMicroelectronics FP-SNS-FLIGHT1 5.0.1
2023-05-31 10:58:08,733 [INFO] ThirdParty:1030 - CMSIS Pack Vendor :STMicroelectronics FP-SNS-MOTENV1 4.3.1
2023-05-31 10:58:08,733 [INFO] ThirdParty:1030 - CMSIS Pack Vendor :STMicroelectronics X-CUBE-ALGOBUILD 1.3.0
2023-05-31 10:58:08,733 [INFO] ThirdParty:1030 - CMSIS Pack Vendor :STMicroelectronics X-CUBE-AZRTOS-WL 2.0.0
2023-05-31 10:58:08,733 [INFO] ThirdParty:1030 - CMSIS Pack Vendor :SEGGER I-CUBE-embOS 1.3.1
2023-05-31 10:58:08,733 [INFO] ThirdParty:1030 - CMSIS Pack Vendor :STMicroelectronics X-CUBE-BLE1 6.2.4
2023-05-31 10:58:08,733 [INFO] ThirdParty:1030 - CMSIS Pack Vendor :STMicroelectronics X-CUBE-AZRTOS-L5 1.1.0
2023-05-31 10:58:08,733 [INFO] ThirdParty:1030 - CMSIS Pack Vendor :STMicroelectronics X-CUBE-AZRTOS-G0 1.1.0
2023-05-31 10:58:08,733 [INFO] ThirdParty:1030 - CMSIS Pack Vendor :emotas I-CUBE-CANOPEN 1.1.3
2023-05-31 10:58:08,733 [INFO] ThirdParty:1030 - CMSIS Pack Vendor :STMicroelectronics X-CUBE-AI 8.0.1
2023-05-31 10:58:08,733 [INFO] ThirdParty:1030 - CMSIS Pack Vendor :STMicroelectronics X-CUBE-BLEMGR 2.0.0
2023-05-31 10:58:08,733 [INFO] ThirdParty:1030 - CMSIS Pack Vendor :STMicroelectronics X-CUBE-NFC4 3.0.0
2023-05-31 10:58:08,734 [INFO] ThirdParty:1030 - CMSIS Pack Vendor :STMicroelectronics X-CUBE-SUBG2 5.0.0
2023-05-31 10:58:08,734 [INFO] ThirdParty:1030 - CMSIS Pack Vendor :STMicroelectronics X-CUBE-AZRTOS-L4 2.0.0
2023-05-31 10:58:08,734 [INFO] ThirdParty:1030 - CMSIS Pack Vendor :STMicroelectronics FP-ATR-ASTRA1 2.0.0
2023-05-31 10:58:08,734 [INFO] ThirdParty:1030 - CMSIS Pack Vendor :WES I-CUBE-Cesium 1.3.0
2023-05-31 10:58:08,734 [INFO] ThirdParty:1030 - CMSIS Pack Vendor :STMicroelectronics X-CUBE-SFXS2LP1 4.0.0
2023-05-31 10:58:08,734 [INFO] ThirdParty:1030 - CMSIS Pack Vendor :STMicroelectronics X-CUBE-BLE2 3.3.0
2023-05-31 10:58:08,734 [INFO] ThirdParty:1030 - CMSIS Pack Vendor :STMicroelectronics X-CUBE-AZRTOS-G4 2.0.0
2023-05-31 10:58:08,734 [INFO] ThirdParty:1030 - CMSIS Pack Vendor :STMicroelectronics X-CUBE-TOF1 3.3.0
2023-05-31 10:58:08,734 [INFO] ThirdParty:1030 - CMSIS Pack Vendor :STMicroelectronics X-CUBE-AZRTOS-H7 3.1.0
2023-05-31 10:58:08,735 [INFO] LoadServerUpdatesThread:373 - End of LoadServerUpdate Thread
2023-05-31 10:58:08,944 [INFO] ServerAccessManage:473 - Download File mcusAds.json._tmp_
2023-05-31 10:58:09,049 [INFO] LoadUrlFilesThread:156 - End of LoadUrlFiles Thread
2023-05-31 10:58:09,519 [INFO] ServerAccessManage:473 - Download File cube-finder-db.zip
2023-05-31 10:58:11,545 [WARN] MainUpdater:1187 - Updater busy. Cannot search thirdparties
2023-05-31 10:58:11,545 [INFO] ThirdPartyUpdaterWithRetryManager:96 - Updater plugin is busy. [11/15]
2023-05-31 10:58:14,546 [WARN] MainUpdater:1187 - Updater busy. Cannot search thirdparties
2023-05-31 10:58:14,546 [INFO] ThirdPartyUpdaterWithRetryManager:96 - Updater plugin is busy. [12/15]
2023-05-31 10:58:17,547 [WARN] MainUpdater:1187 - Updater busy. Cannot search thirdparties
2023-05-31 10:58:17,547 [INFO] ThirdPartyUpdaterWithRetryManager:96 - Updater plugin is busy. [13/15]
2023-05-31 10:58:17,983 [INFO] FileExtend:240 - Unzip File : cube-finder-db.zip
2023-05-31 10:58:17,983 [INFO] FileExtend:255 - Standard Zip Deflate
2023-05-31 10:58:18,778 [INFO] LoadUrlFilesThread:156 - End of LoadUrlFiles Thread
2023-05-31 10:58:19,345 [INFO] ServerAccessManage:473 - Download File crdb.zip
2023-05-31 10:58:19,980 [INFO] FileExtend:240 - Unzip File : crdb.zip
2023-05-31 10:58:19,980 [INFO] FileExtend:255 - Standard Zip Deflate
2023-05-31 10:58:20,124 [INFO] LoadUrlFilesThread:156 - End of LoadUrlFiles Thread
2023-05-31 10:58:20,249 [INFO] ServerAccessManage:473 - Download File tutoVideoDB.zip
2023-05-31 10:58:20,295 [INFO] FileExtend:240 - Unzip File : tutoVideoDB.zip
2023-05-31 10:58:20,295 [INFO] FileExtend:255 - Standard Zip Deflate
2023-05-31 10:58:20,408 [INFO] LoadUrlFilesThread:156 - End of LoadUrlFiles Thread
2023-05-31 10:58:20,412 [WARN] DbFile:41 - Overriding database path with different value: /home/thales/.stmcufinder/plugins/mcufinder/ => /home/thales/.stmcufinder/plugins/mcufinder
2023-05-31 10:58:20,547 [WARN] MainUpdater:1187 - Updater busy. Cannot search thirdparties
2023-05-31 10:58:20,548 [INFO] ThirdPartyUpdaterWithRetryManager:96 - Updater plugin is busy. [14/15]
2023-05-31 10:58:20,555 [INFO] ServerAccessManage:473 - Download File api_config.json
2023-05-31 10:58:20,657 [INFO] LoadUrlFilesThread:156 - End of LoadUrlFiles Thread
2023-05-31 10:58:20,658 [INFO] DbMcusAds:53 - JSON generation date=Tue Mar 07 04:50:55 AMT 2023 (1678179055335)
2023-05-31 10:58:20,834 [INFO] ServerAccessManage:473 - Download File 
2023-05-31 10:58:20,853 [INFO] LoadUrlFilesThread:185 - End of LoadServerUrlFiles without Thread
2023-05-31 10:58:20,854 [INFO] TargetSelectorAdapter:259 - Refresh data is successful
2023-05-31 10:58:20,941 [INFO] ApiDb:581 - Connected to CubeFinder SQLite database (/home/thales/.stmcufinder/plugins/mcufinder/mcu/cube-finder-db.db)
2023-05-31 10:58:20,981 [INFO] ApiDb:668 - CubeFinder database Data Model version=2.1
2023-05-31 10:58:20,982 [INFO] ApiDb:669 - CubeFinder database Configuration version=3.0.35
2023-05-31 10:58:20,982 [INFO] ApiDb:670 - CubeFinder database generation date=2023-05-12 (1683877179)
2023-05-31 10:58:20,982 [INFO] ApiDb:671 - CubeFinder database FW Pack versions=[FP-ATR-ASTRA1_V2.0.0, FP-SNS-FLIGHT1_V5.0.0, FP-SNS-MOTENV1_V4.3.0, STM32Cube_FW_C0_V1.0.1, STM32Cube_FW_F0_V1.11.4, STM32Cube_FW_F3_V1.11.4, STM32Cube_FW_F4_V1.27.1, STM32Cube_FW_F7_V1.17.0, STM32Cube_FW_G0_V1.6.1, STM32Cube_FW_G4_V1.5.1, STM32Cube_FW_H5_V0.5.1, STM32Cube_FW_H5_V1.0.0, STM32Cube_FW_H7_V1.11.0, STM32Cube_FW_L0_V1.12.2, STM32Cube_FW_L5_V1.5.0, STM32Cube_FW_U5_V1.2.0, STM32Cube_FW_WBA_V1.0.0, STM32Cube_FW_WBA_V1.0.0RC1, STM32Cube_FW_WBA_V1.0.0RC3, STM32Cube_FW_WB_V1.15.0RC1, STM32Cube_FW_WB_V1.16.0, STM32Cube_FW_WB_V1.16.0RC2, STM32Cube_FW_WL_V1.3.0, X-CUBE-ALGOBUILD_V1.3.0, X-CUBE-ALS_V1.0.1, X-CUBE-AZRTOS-F4_V1.1.0, X-CUBE-AZRTOS-F7_V1.1.0, X-CUBE-AZRTOS-G0_V1.1.0, X-CUBE-AZRTOS-G4_V2.0.0, X-CUBE-AZRTOS-H7_V3.1.0, X-CUBE-AZRTOS-L4_V1.0.0, X-CUBE-AZRTOS-L5_V1.1.0, X-CUBE-AZRTOS-WB_V1.1.0, X-CUBE-AZRTOS-WL_V1.0.0, X-CUBE-BLE1_V6.2.4, X-CUBE-BLE2_V3.3.0, X-CUBE-BLEMGR_V2.0.0, X-CUBE-EEPRMA1_V4.1.0, X-CUBE-FREERTOS_V1.0.1, X-CUBE-GNSS1_V6.0.0, X-CUBE-MEMS1_V9.1.0, X-CUBE-MEMS1_V9.4.0, X-CUBE-MEMS1_V9.6.0, X-CUBE-NFC4_V3.0.0, X-CUBE-NFC7_V1.0.0, X-CUBE-SFXS2LP1_V4.0.0, X-CUBE-SUBG2_V5.0.0]
2023-05-31 10:58:22,490 [INFO] ApiDb:240 - Found 297 in-development CPN: [B-G473E-ZEST1S, B-WB1M-WPAN1, B-WL5M-SUBG1, NUCLEO-C031C6, NUCLEO-H503RB, NUCLEO-H563ZI, NUCLEO-U545RE-Q, NUCLEO-U5A5ZJ-Q, NUCLEO-WBA52CG, STEVAL-PROTEUS1, STEVAL-STWINBX1, STM320518-EVAL, STM32C0116-DK, STM32C011D6Y3TR, STM32C011D6Y6TR, STM32C011F4P3, STM32C011F4P6, STM32C011F4U3, STM32C011F4U6TR, STM32C011F6P3, STM32C011F6P6, STM32C011F6U3, STM32C011F6U6TR, STM32C011J4M3, STM32C011J4M6, STM32C011J6M3, STM32C011J6M6, STM32C0316-DK, STM32C031C4T3, STM32C031C4T6, STM32C031C4U3, STM32C031C4U6, STM32C031C6T3, STM32C031C6T6, STM32C031C6U3, STM32C031C6U6, STM32C031F4P3, STM32C031F4P6, STM32C031F6P3, STM32C031F6P6, STM32C031G4U3, STM32C031G4U6, STM32C031G6U3, STM32C031G6U6, STM32C031K4T3, STM32C031K4T6, STM32C031K4U3, STM32C031K4U6, STM32C031K6T3, STM32C031K6T6, STM32C031K6U3, STM32C031K6U6, STM32G071K8TXN, STM32G071K8UXN, STM32G081GBU6N, STM32G081KBT6N, STM32G081KBUXN, STM32G0B1CCT6N, STM32G0B1KCT6, STM32G0B1NEY6TR, STM32G0B1RCT6N, STM32G0C1CCT6, STM32G0C1CCT6N, STM32G0C1CCU6N, STM32G0C1CET6N, STM32G0C1CEU6N, STM32G0C1KCT6, STM32G0C1NEY6TR, STM32G0C1RCI6N, STM32G0C1RCT6N, STM32G0C1REI6N, STM32G0C1RET6N, STM32G0C1VCI6, STM32G0C1VEI6, STM32G471CCT6, STM32G471CCU6, STM32G471CET3, STM32G471CET6, STM32G471CEU3, STM32G471CEU6, STM32G471MCT6, STM32G471MET3, STM32G471MET6, STM32G471MEY6TR, STM32G471QCT6, STM32G471QET3, STM32G471RCT6, STM32G471RET3, STM32G471RET6, STM32G471VCH6, STM32G471VCI6, STM32G471VCT6, STM32G471VEH3, STM32G471VEH6, STM32G471VEI3, STM32G471VEI6, STM32G471VET3, STM32G471VET6, STM32G474CCT6, STM32H503CBT6, STM32H503CBU6, STM32H503EBY6TR, STM32H503KBU6, STM32H503RBT6, STM32H562AGI6, STM32H562AII6, STM32H562IGK6, STM32H562IGT6, STM32H562IIK6, STM32H562IIT6, STM32H562RGT6, STM32H562RGV6, STM32H562RIT6, STM32H562RIV6, STM32H562VGT6, STM32H562VIT6, STM32H562ZGT6, STM32H562ZIT6, STM32H563AGI6, STM32H563AII3Q, STM32H563AII6, STM32H563IGK6, STM32H563IGT6, STM32H563IIK3Q, STM32H563IIK6, STM32H563IIT3Q, STM32H563IIT6, STM32H563MIY3QTR, STM32H563RGT6, STM32H563RGV6, STM32H563RIT6, STM32H563RIV6, STM32H563VGT6, STM32H563VIT3Q, STM32H563VIT6, STM32H563ZGT6, STM32H563ZIT3Q, STM32H563ZIT6, STM32H573AII3Q, STM32H573AII6, STM32H573I-DK, STM32H573IIK3Q, STM32H573IIK6, STM32H573IIT3Q, STM32H573IIT6, STM32H573MIY3QTR, STM32H573RIT6, STM32H573RIV6, STM32H573VIT3Q, STM32H573VIT6, STM32H573ZIT3Q, STM32H573ZIT6, STM32L4R5QGI6STR, STM32MP131AAE3, STM32MP131AAF3, STM32MP131AAG3, STM32MP131CAE3, STM32MP131CAF3, STM32MP131CAG3, STM32MP131DAE7, STM32MP131DAF7, STM32MP131DAG7, STM32MP131FAE7, STM32MP131FAF7, STM32MP131FAG7, STM32MP133AAE3, STM32MP133AAF3, STM32MP133AAG3, STM32MP133CAE3, STM32MP133CAF3, STM32MP133CAG3, STM32MP133DAE7, STM32MP133DAF7, STM32MP133DAG7, STM32MP133FAE7, STM32MP133FAF7, STM32MP133FAG7, STM32MP135AAE3, STM32MP135AAF3, STM32MP135AAG3, STM32MP135CAE3, STM32MP135CAF3, STM32MP135CAG3, STM32MP135DAE7, STM32MP135DAF7, STM32MP135DAG7, STM32MP135F-DK, STM32MP135FAE7, STM32MP135FAF7, STM32MP135FAF7T, STM32MP135FAF7U, STM32MP135FAG7, STM32U535CBT6, STM32U535CBT6Q, STM32U535CBU6, STM32U535CBU6Q, STM32U535CCT6, STM32U535CCT6Q, STM32U535CCU6, STM32U535CCU6Q, STM32U535CET6, STM32U535CET6Q, STM32U535CEU6, STM32U535CEU6Q, STM32U535JEY6QTR, STM32U535NCY6QTR, STM32U535NEY6QTR, STM32U535RBI6, STM32U535RBI6Q, STM32U535RBT6, STM32U535RBT6Q, STM32U535RCI6, STM32U535RCI6Q, STM32U535RCT6, STM32U535RCT6Q, STM32U535REI6, STM32U535REI6Q, STM32U535RET6, STM32U535RET6Q, STM32U535VCI6, STM32U535VCI6Q, STM32U535VCT6, STM32U535VCT6Q, STM32U535VEI6, STM32U535VEI6Q, STM32U535VET6, STM32U535VET6Q, STM32U545CET6, STM32U545CET6Q, STM32U545CEU6, STM32U545CEU6Q, STM32U545JEY6QTR, STM32U545NEY6QTR, STM32U545REI6, STM32U545REI6Q, STM32U545RET6, STM32U545RET6Q, STM32U545VEI6, STM32U545VEI6Q, STM32U545VET6, STM32U545VET6Q, STM32U595AIH6, STM32U595AIH6Q, STM32U595AJH6, STM32U595AJH6Q, STM32U595QII6, STM32U595QII6Q, STM32U595QJI6, STM32U595QJI6Q, STM32U595RIT6, STM32U595RIT6Q, STM32U595RJT6, STM32U595RJT6Q, STM32U595VIT6, STM32U595VIT6Q, STM32U595VJT6, STM32U595VJT6Q, STM32U595ZIT6, STM32U595ZIT6Q, STM32U595ZIY6QTR, STM32U595ZJT6, STM32U595ZJT6Q, STM32U595ZJY6QTR, STM32U599BJY6QTR, STM32U599NIH6Q, STM32U599NJH6Q, STM32U599VIT6Q, STM32U599VJT6, STM32U599VJT6Q, STM32U599ZIT6Q, STM32U599ZIY6QTR, STM32U599ZJT6Q, STM32U599ZJY6QTR, STM32U5A5AJH6, STM32U5A5AJH6Q, STM32U5A5QJI6, STM32U5A5QJI6Q, STM32U5A5RJT6, STM32U5A5RJT6Q, STM32U5A5VJT6, STM32U5A5VJT6Q, STM32U5A5ZJT6, STM32U5A5ZJT6Q, STM32U5A5ZJY6QTR, STM32U5A9BJY6QTR, STM32U5A9J-DK, STM32U5A9NJH6Q, STM32U5A9VJT6Q, STM32U5A9ZJT6Q, STM32U5A9ZJY6QTR, STM32WB1MMCH6, STM32WBA52CEU6, STM32WBA52CEU6T, STM32WBA52CGU6, STM32WBA52CGU6T, STM32WL5MOCH6, STM32WL5MOCH6TR]
2023-05-31 10:58:22,493 [INFO] DbMcus:216 - Found 3775 MCUs, 3775 are supported
2023-05-31 10:58:22,493 [INFO] ApiDb:414 - User favorites file not found: /home/thales/.stm32cubeide/favorites.mcus.txt
2023-05-31 10:58:22,493 [INFO] DbMcus:222 - Set 0 / 0 favorites MCUs
2023-05-31 10:58:22,699 [INFO] ApiDb:668 - CubeFinder database Data Model version=2.1
2023-05-31 10:58:22,699 [INFO] ApiDb:669 - CubeFinder database Configuration version=3.0.35
2023-05-31 10:58:22,699 [INFO] ApiDb:670 - CubeFinder database generation date=2023-05-12 (1683877179)
2023-05-31 10:58:22,699 [INFO] ApiDb:671 - CubeFinder database FW Pack versions=[FP-ATR-ASTRA1_V2.0.0, FP-SNS-FLIGHT1_V5.0.0, FP-SNS-MOTENV1_V4.3.0, STM32Cube_FW_C0_V1.0.1, STM32Cube_FW_F0_V1.11.4, STM32Cube_FW_F3_V1.11.4, STM32Cube_FW_F4_V1.27.1, STM32Cube_FW_F7_V1.17.0, STM32Cube_FW_G0_V1.6.1, STM32Cube_FW_G4_V1.5.1, STM32Cube_FW_H5_V0.5.1, STM32Cube_FW_H5_V1.0.0, STM32Cube_FW_H7_V1.11.0, STM32Cube_FW_L0_V1.12.2, STM32Cube_FW_L5_V1.5.0, STM32Cube_FW_U5_V1.2.0, STM32Cube_FW_WBA_V1.0.0, STM32Cube_FW_WBA_V1.0.0RC1, STM32Cube_FW_WBA_V1.0.0RC3, STM32Cube_FW_WB_V1.15.0RC1, STM32Cube_FW_WB_V1.16.0, STM32Cube_FW_WB_V1.16.0RC2, STM32Cube_FW_WL_V1.3.0, X-CUBE-ALGOBUILD_V1.3.0, X-CUBE-ALS_V1.0.1, X-CUBE-AZRTOS-F4_V1.1.0, X-CUBE-AZRTOS-F7_V1.1.0, X-CUBE-AZRTOS-G0_V1.1.0, X-CUBE-AZRTOS-G4_V2.0.0, X-CUBE-AZRTOS-H7_V3.1.0, X-CUBE-AZRTOS-L4_V1.0.0, X-CUBE-AZRTOS-L5_V1.1.0, X-CUBE-AZRTOS-WB_V1.1.0, X-CUBE-AZRTOS-WL_V1.0.0, X-CUBE-BLE1_V6.2.4, X-CUBE-BLE2_V3.3.0, X-CUBE-BLEMGR_V2.0.0, X-CUBE-EEPRMA1_V4.1.0, X-CUBE-FREERTOS_V1.0.1, X-CUBE-GNSS1_V6.0.0, X-CUBE-MEMS1_V9.1.0, X-CUBE-MEMS1_V9.4.0, X-CUBE-MEMS1_V9.6.0, X-CUBE-NFC4_V3.0.0, X-CUBE-NFC7_V1.0.0, X-CUBE-SFXS2LP1_V4.0.0, X-CUBE-SUBG2_V5.0.0]
2023-05-31 10:58:22,738 [INFO] DbBoardsSqlite:226 - include board P-NUCLEO-WB55-NUCLEO as a kit item of type 'Nucleo-64'
2023-05-31 10:58:22,738 [INFO] DbBoardsSqlite:226 - include board P-NUCLEO-WB55-USBDONGLE as a kit item of type 'Nucleo USB Dongle'
2023-05-31 10:58:22,739 [INFO] DbBoardsSqlite:226 - include board STEVAL-IDP005V1 as a kit item of type 'Evaluation Board'
2023-05-31 10:58:22,739 [INFO] DbBoardsSqlite:226 - include board STEVAL-IDP005V2 as a kit item of type 'Evaluation Board'
2023-05-31 10:58:22,766 [INFO] ApiDb:240 - Found 297 in-development CPN: [B-G473E-ZEST1S, B-WB1M-WPAN1, B-WL5M-SUBG1, NUCLEO-C031C6, NUCLEO-H503RB, NUCLEO-H563ZI, NUCLEO-U545RE-Q, NUCLEO-U5A5ZJ-Q, NUCLEO-WBA52CG, STEVAL-PROTEUS1, STEVAL-STWINBX1, STM320518-EVAL, STM32C0116-DK, STM32C011D6Y3TR, STM32C011D6Y6TR, STM32C011F4P3, STM32C011F4P6, STM32C011F4U3, STM32C011F4U6TR, STM32C011F6P3, STM32C011F6P6, STM32C011F6U3, STM32C011F6U6TR, STM32C011J4M3, STM32C011J4M6, STM32C011J6M3, STM32C011J6M6, STM32C0316-DK, STM32C031C4T3, STM32C031C4T6, STM32C031C4U3, STM32C031C4U6, STM32C031C6T3, STM32C031C6T6, STM32C031C6U3, STM32C031C6U6, STM32C031F4P3, STM32C031F4P6, STM32C031F6P3, STM32C031F6P6, STM32C031G4U3, STM32C031G4U6, STM32C031G6U3, STM32C031G6U6, STM32C031K4T3, STM32C031K4T6, STM32C031K4U3, STM32C031K4U6, STM32C031K6T3, STM32C031K6T6, STM32C031K6U3, STM32C031K6U6, STM32G071K8TXN, STM32G071K8UXN, STM32G081GBU6N, STM32G081KBT6N, STM32G081KBUXN, STM32G0B1CCT6N, STM32G0B1KCT6, STM32G0B1NEY6TR, STM32G0B1RCT6N, STM32G0C1CCT6, STM32G0C1CCT6N, STM32G0C1CCU6N, STM32G0C1CET6N, STM32G0C1CEU6N, STM32G0C1KCT6, STM32G0C1NEY6TR, STM32G0C1RCI6N, STM32G0C1RCT6N, STM32G0C1REI6N, STM32G0C1RET6N, STM32G0C1VCI6, STM32G0C1VEI6, STM32G471CCT6, STM32G471CCU6, STM32G471CET3, STM32G471CET6, STM32G471CEU3, STM32G471CEU6, STM32G471MCT6, STM32G471MET3, STM32G471MET6, STM32G471MEY6TR, STM32G471QCT6, STM32G471QET3, STM32G471RCT6, STM32G471RET3, STM32G471RET6, STM32G471VCH6, STM32G471VCI6, STM32G471VCT6, STM32G471VEH3, STM32G471VEH6, STM32G471VEI3, STM32G471VEI6, STM32G471VET3, STM32G471VET6, STM32G474CCT6, STM32H503CBT6, STM32H503CBU6, STM32H503EBY6TR, STM32H503KBU6, STM32H503RBT6, STM32H562AGI6, STM32H562AII6, STM32H562IGK6, STM32H562IGT6, STM32H562IIK6, STM32H562IIT6, STM32H562RGT6, STM32H562RGV6, STM32H562RIT6, STM32H562RIV6, STM32H562VGT6, STM32H562VIT6, STM32H562ZGT6, STM32H562ZIT6, STM32H563AGI6, STM32H563AII3Q, STM32H563AII6, STM32H563IGK6, STM32H563IGT6, STM32H563IIK3Q, STM32H563IIK6, STM32H563IIT3Q, STM32H563IIT6, STM32H563MIY3QTR, STM32H563RGT6, STM32H563RGV6, STM32H563RIT6, STM32H563RIV6, STM32H563VGT6, STM32H563VIT3Q, STM32H563VIT6, STM32H563ZGT6, STM32H563ZIT3Q, STM32H563ZIT6, STM32H573AII3Q, STM32H573AII6, STM32H573I-DK, STM32H573IIK3Q, STM32H573IIK6, STM32H573IIT3Q, STM32H573IIT6, STM32H573MIY3QTR, STM32H573RIT6, STM32H573RIV6, STM32H573VIT3Q, STM32H573VIT6, STM32H573ZIT3Q, STM32H573ZIT6, STM32L4R5QGI6STR, STM32MP131AAE3, STM32MP131AAF3, STM32MP131AAG3, STM32MP131CAE3, STM32MP131CAF3, STM32MP131CAG3, STM32MP131DAE7, STM32MP131DAF7, STM32MP131DAG7, STM32MP131FAE7, STM32MP131FAF7, STM32MP131FAG7, STM32MP133AAE3, STM32MP133AAF3, STM32MP133AAG3, STM32MP133CAE3, STM32MP133CAF3, STM32MP133CAG3, STM32MP133DAE7, STM32MP133DAF7, STM32MP133DAG7, STM32MP133FAE7, STM32MP133FAF7, STM32MP133FAG7, STM32MP135AAE3, STM32MP135AAF3, STM32MP135AAG3, STM32MP135CAE3, STM32MP135CAF3, STM32MP135CAG3, STM32MP135DAE7, STM32MP135DAF7, STM32MP135DAG7, STM32MP135F-DK, STM32MP135FAE7, STM32MP135FAF7, STM32MP135FAF7T, STM32MP135FAF7U, STM32MP135FAG7, STM32U535CBT6, STM32U535CBT6Q, STM32U535CBU6, STM32U535CBU6Q, STM32U535CCT6, STM32U535CCT6Q, STM32U535CCU6, STM32U535CCU6Q, STM32U535CET6, STM32U535CET6Q, STM32U535CEU6, STM32U535CEU6Q, STM32U535JEY6QTR, STM32U535NCY6QTR, STM32U535NEY6QTR, STM32U535RBI6, STM32U535RBI6Q, STM32U535RBT6, STM32U535RBT6Q, STM32U535RCI6, STM32U535RCI6Q, STM32U535RCT6, STM32U535RCT6Q, STM32U535REI6, STM32U535REI6Q, STM32U535RET6, STM32U535RET6Q, STM32U535VCI6, STM32U535VCI6Q, STM32U535VCT6, STM32U535VCT6Q, STM32U535VEI6, STM32U535VEI6Q, STM32U535VET6, STM32U535VET6Q, STM32U545CET6, STM32U545CET6Q, STM32U545CEU6, STM32U545CEU6Q, STM32U545JEY6QTR, STM32U545NEY6QTR, STM32U545REI6, STM32U545REI6Q, STM32U545RET6, STM32U545RET6Q, STM32U545VEI6, STM32U545VEI6Q, STM32U545VET6, STM32U545VET6Q, STM32U595AIH6, STM32U595AIH6Q, STM32U595AJH6, STM32U595AJH6Q, STM32U595QII6, STM32U595QII6Q, STM32U595QJI6, STM32U595QJI6Q, STM32U595RIT6, STM32U595RIT6Q, STM32U595RJT6, STM32U595RJT6Q, STM32U595VIT6, STM32U595VIT6Q, STM32U595VJT6, STM32U595VJT6Q, STM32U595ZIT6, STM32U595ZIT6Q, STM32U595ZIY6QTR, STM32U595ZJT6, STM32U595ZJT6Q, STM32U595ZJY6QTR, STM32U599BJY6QTR, STM32U599NIH6Q, STM32U599NJH6Q, STM32U599VIT6Q, STM32U599VJT6, STM32U599VJT6Q, STM32U599ZIT6Q, STM32U599ZIY6QTR, STM32U599ZJT6Q, STM32U599ZJY6QTR, STM32U5A5AJH6, STM32U5A5AJH6Q, STM32U5A5QJI6, STM32U5A5QJI6Q, STM32U5A5RJT6, STM32U5A5RJT6Q, STM32U5A5VJT6, STM32U5A5VJT6Q, STM32U5A5ZJT6, STM32U5A5ZJT6Q, STM32U5A5ZJY6QTR, STM32U5A9BJY6QTR, STM32U5A9J-DK, STM32U5A9NJH6Q, STM32U5A9VJT6Q, STM32U5A9ZJT6Q, STM32U5A9ZJY6QTR, STM32WB1MMCH6, STM32WBA52CEU6, STM32WBA52CEU6T, STM32WBA52CGU6, STM32WBA52CGU6T, STM32WL5MOCH6, STM32WL5MOCH6TR]
2023-05-31 10:58:22,835 [INFO] BoardInfo:880 - No configuration file found for board P-NUCLEO-WB55
2023-05-31 10:58:22,836 [INFO] DbBoards:157 - Kit is not supported: P-NUCLEO-WB55
2023-05-31 10:58:22,851 [INFO] BoardInfo:880 - No configuration file found for board STEVAL-BFA001V1B
2023-05-31 10:58:22,851 [INFO] DbBoards:157 - Kit is not supported: STEVAL-BFA001V1B
2023-05-31 10:58:22,852 [INFO] BoardInfo:880 - No configuration file found for board STEVAL-BFA001V2B
2023-05-31 10:58:22,852 [INFO] DbBoards:157 - Kit is not supported: STEVAL-BFA001V2B
2023-05-31 10:58:22,917 [INFO] DbBoards:161 - Found 187 boards, 184 are supported
2023-05-31 10:58:22,919 [INFO] ApiDb:414 - User favorites file not found: /home/thales/.stm32cubeide/favorites.boards.txt
2023-05-31 10:58:22,919 [INFO] DbBoards:190 - Set 0 / 0 favorites Boards
2023-05-31 10:58:22,921 [INFO] ApiDb:668 - CubeFinder database Data Model version=2.1
2023-05-31 10:58:22,921 [INFO] ApiDb:669 - CubeFinder database Configuration version=3.0.35
2023-05-31 10:58:22,921 [INFO] ApiDb:670 - CubeFinder database generation date=2023-05-12 (1683877179)
2023-05-31 10:58:22,921 [INFO] ApiDb:671 - CubeFinder database FW Pack versions=[FP-ATR-ASTRA1_V2.0.0, FP-SNS-FLIGHT1_V5.0.0, FP-SNS-MOTENV1_V4.3.0, STM32Cube_FW_C0_V1.0.1, STM32Cube_FW_F0_V1.11.4, STM32Cube_FW_F3_V1.11.4, STM32Cube_FW_F4_V1.27.1, STM32Cube_FW_F7_V1.17.0, STM32Cube_FW_G0_V1.6.1, STM32Cube_FW_G4_V1.5.1, STM32Cube_FW_H5_V0.5.1, STM32Cube_FW_H5_V1.0.0, STM32Cube_FW_H7_V1.11.0, STM32Cube_FW_L0_V1.12.2, STM32Cube_FW_L5_V1.5.0, STM32Cube_FW_U5_V1.2.0, STM32Cube_FW_WBA_V1.0.0, STM32Cube_FW_WBA_V1.0.0RC1, STM32Cube_FW_WBA_V1.0.0RC3, STM32Cube_FW_WB_V1.15.0RC1, STM32Cube_FW_WB_V1.16.0, STM32Cube_FW_WB_V1.16.0RC2, STM32Cube_FW_WL_V1.3.0, X-CUBE-ALGOBUILD_V1.3.0, X-CUBE-ALS_V1.0.1, X-CUBE-AZRTOS-F4_V1.1.0, X-CUBE-AZRTOS-F7_V1.1.0, X-CUBE-AZRTOS-G0_V1.1.0, X-CUBE-AZRTOS-G4_V2.0.0, X-CUBE-AZRTOS-H7_V3.1.0, X-CUBE-AZRTOS-L4_V1.0.0, X-CUBE-AZRTOS-L5_V1.1.0, X-CUBE-AZRTOS-WB_V1.1.0, X-CUBE-AZRTOS-WL_V1.0.0, X-CUBE-BLE1_V6.2.4, X-CUBE-BLE2_V3.3.0, X-CUBE-BLEMGR_V2.0.0, X-CUBE-EEPRMA1_V4.1.0, X-CUBE-FREERTOS_V1.0.1, X-CUBE-GNSS1_V6.0.0, X-CUBE-MEMS1_V9.1.0, X-CUBE-MEMS1_V9.4.0, X-CUBE-MEMS1_V9.6.0, X-CUBE-NFC4_V3.0.0, X-CUBE-NFC7_V1.0.0, X-CUBE-SFXS2LP1_V4.0.0, X-CUBE-SUBG2_V5.0.0]
2023-05-31 10:58:23,623 [WARN] PackLoader:240 - Cannot read IP mode file for STMicroelectronics.X-CUBE-GNSS1.6.0.0
2023-05-31 10:58:23,636 [WARN] PackLoader:240 - Cannot read IP mode file for STMicroelectronics.X-CUBE-AZRTOS-F4.1.1.0
2023-05-31 10:58:23,640 [WARN] PackLoader:240 - Cannot read IP mode file for STMicroelectronics.X-CUBE-SMBUS.2.1.0
2023-05-31 10:58:23,643 [WARN] PackLoader:240 - Cannot read IP mode file for wolfSSL.I-CUBE-wolfSSL.5.6.0
2023-05-31 10:58:23,661 [WARN] PackLoader:240 - Cannot read IP mode file for STMicroelectronics.X-CUBE-AZRTOS-F7.1.1.0
2023-05-31 10:58:23,701 [WARN] PackLoader:240 - Cannot read IP mode file for STMicroelectronics.X-CUBE-MEMS1.9.6.0
2023-05-31 10:58:23,797 [INFO] DbExamplesSqlite:376 - Ignored 45 examples not supported by CubeIDE
2023-05-31 10:58:23,797 [INFO] DbExamplesSqlite:377 - Found 7342 examples active
2023-05-31 10:58:23,797 [INFO] DbExamplesSqlite:378 - Found 1107 examples obsolete
2023-05-31 10:58:23,798 [INFO] DbExamplesSqlite:379 - Found 0 examples under development
2023-05-31 10:58:23,798 [INFO] DbExamplesSqlite:380 - Found 77 examples not building
2023-05-31 10:58:23,799 [INFO] DbExamples:125 - Found 7374 examples
2023-05-31 10:58:23,813 [INFO] DbExamples:222 - Found 92 boards with related examples
2023-05-31 10:58:23,815 [INFO] DbExamples:235 - Found 78 MCUs with related examples
2023-05-31 10:58:23,834 [INFO] ApiDb:414 - User favorites file not found: /home/thales/.stm32cubeide/favorites.examples.txt
2023-05-31 10:58:23,835 [INFO] DbExamples:250 - Set 0 / 0 favorites Examples
2023-05-31 10:58:23,898 [ERROR] RealEvaluatedCondition:428 - Found unsupported composite condition: GROUP='STM32_MetaDataManager' CLASS='Data Exchange'
2023-05-31 10:58:23,898 [ERROR] RealEvaluatedCondition:428 - Found unsupported composite condition: GROUP='STM32_MetaDataManager' CLASS='Data Exchange'
2023-05-31 10:58:23,899 [WARN] PackLoader:240 - Cannot read IP mode file for STMicroelectronics.FP-SNS-MOTENV1.4.3.1
2023-05-31 10:58:23,904 [WARN] PackLoader:240 - Cannot read IP mode file for STMicroelectronics.FP-SNS-FLIGHT1.5.0.1
2023-05-31 10:58:23,909 [WARN] PackLoader:240 - Cannot read IP mode file for STMicroelectronics.X-CUBE-BLE1.6.2.4
2023-05-31 10:58:23,916 [WARN] PackLoader:240 - Cannot read IP mode file for emotas.I-CUBE-CANOPEN.1.1.3
2023-05-31 10:58:23,927 [WARN] PackLoader:240 - Cannot read IP mode file for STMicroelectronics.X-CUBE-BLEMGR.2.0.0
2023-05-31 10:58:23,955 [WARN] ConditionMgr:438 - getConditionDescription Invalid condition id : UX DEVICE CLASS RTOS Condition cause : null
2023-05-31 10:58:23,956 [WARN] ConditionMgr:438 - getConditionDescription Invalid condition id : UX DEVICE CLASS RTOS Condition cause : null
2023-05-31 10:58:23,960 [WARN] PackLoader:240 - Cannot read IP mode file for STMicroelectronics.X-CUBE-AZRTOS-H7.3.1.0
2023-05-31 10:58:23,962 [WARN] ConditionMgr:1039 - genDependencies : Invalid condition id : UX DEVICE CLASS RTOS Condition cause : null
2023-05-31 10:58:23,962 [WARN] ConditionMgr:1039 - genDependencies : Invalid condition id : UX DEVICE CLASS RTOS Condition cause : null
2023-05-31 10:58:23,963 [WARN] ConditionMgr:1039 - genDependencies : Invalid condition id : UX DEVICE CLASS RTOS Condition cause : null
2023-05-31 10:58:23,963 [WARN] ConditionMgr:1039 - genDependencies : Invalid condition id : UX DEVICE CLASS RTOS Condition cause : null
2023-05-31 10:58:23,964 [WARN] ConditionMgr:1039 - genDependencies : Invalid condition id : UX DEVICE CLASS RTOS Condition cause : null
2023-05-31 10:58:23,965 [INFO] McuFinderGlobals:66 - Set McuFinderConnectedMode to true
2023-05-31 10:58:23,971 [WARN] PackLoader:240 - Cannot read IP mode file for STMicroelectronics.X-CUBE-DISPLAY.3.0.0
2023-05-31 10:58:23,977 [INFO] MultiScanPanel:200 - Auto-refresh data requested => check proxy status ongoing
2023-05-31 10:58:23,981 [WARN] PackLoader:240 - Cannot read IP mode file for STMicroelectronics.X-CUBE-NFC7.1.0.0
2023-05-31 10:58:23,982 [INFO] FinderPluginLoader:95 - Searching for filters in installed packs
2023-05-31 10:58:23,986 [WARN] PackLoader:240 - Cannot read IP mode file for STMicroelectronics.X-CUBE-EEPRMA1.4.1.0
2023-05-31 10:58:24,005 [WARN] ConditionMgr:438 - getConditionDescription Invalid condition id : LAN8742 Phy interface Condition cause : null
2023-05-31 10:58:24,006 [WARN] PackLoader:240 - Cannot read IP mode file for STMicroelectronics.X-CUBE-AZRTOS-L4.2.0.0
2023-05-31 10:58:24,007 [WARN] ConditionMgr:1039 - genDependencies : Invalid condition id : LAN8742 Phy interface Condition cause : null
2023-05-31 10:58:24,007 [WARN] ConditionMgr:1039 - genDependencies : Invalid condition id : LAN8742 Phy interface Condition cause : null
2023-05-31 10:58:24,008 [WARN] ConditionMgr:1039 - genDependencies : Invalid condition id : LAN8742 Phy interface Condition cause : null
2023-05-31 10:58:24,013 [WARN] PackLoader:240 - Cannot read IP mode file for WES.I-CUBE-Cesium.1.3.0
2023-05-31 10:58:24,019 [WARN] PackLoader:240 - Cannot read IP mode file for STMicroelectronics.X-CUBE-SFXS2LP1.4.0.0
2023-05-31 10:58:24,024 [WARN] PackLoader:240 - Cannot read IP mode file for STMicroelectronics.X-CUBE-BLE2.3.3.0
2023-05-31 10:58:24,027 [WARN] PackLoader:240 - Cannot read IP mode file for STMicroelectronics.X-CUBE-ISPU.1.1.0
2023-05-31 10:58:24,033 [WARN] PackLoader:240 - Cannot read IP mode file for STMicroelectronics.X-CUBE-FREERTOS.1.0.1
2023-05-31 10:58:24,035 [WARN] PackLoader:240 - Cannot read IP mode file for STMicroelectronics.X-CUBE-TOUCHGFX.4.21.4
2023-05-31 10:58:24,039 [WARN] PackLoader:240 - Cannot read IP mode file for STMicroelectronics.X-CUBE-ALGOBUILD.1.3.0
2023-05-31 10:58:24,055 [WARN] PackLoader:240 - Cannot read IP mode file for STMicroelectronics.X-CUBE-AZRTOS-L5.1.1.0
2023-05-31 10:58:24,071 [WARN] PackLoader:240 - Cannot read IP mode file for STMicroelectronics.X-CUBE-AZRTOS-G0.1.1.0
2023-05-31 10:58:24,077 [WARN] PackLoader:240 - Cannot read IP mode file for STMicroelectronics.X-CUBE-AI.8.0.1
2023-05-31 10:58:24,089 [WARN] PackLoader:240 - Cannot read IP mode file for STMicroelectronics.X-CUBE-SUBG2.5.0.0
2023-05-31 10:58:24,100 [WARN] PackLoader:240 - Cannot read IP mode file for STMicroelectronics.X-CUBE-NFC4.3.0.0
2023-05-31 10:58:24,114 [WARN] PackLoader:240 - Cannot read IP mode file for STMicroelectronics.X-CUBE-AZRTOS-G4.2.0.0
2023-05-31 10:58:24,125 [WARN] PackLoader:240 - Cannot read IP mode file for STMicroelectronics.X-CUBE-TOF1.3.3.0
2023-05-31 10:58:24,137 [WARN] PackLoader:240 - Cannot read IP mode file for STMicroelectronics.FP-ATR-SIGFOX1.3.2.0
2023-05-31 10:58:24,141 [WARN] PackLoader:240 - Cannot read IP mode file for portGmbH.I-Cube-SoM-uGOAL.1.1.0
2023-05-31 10:58:24,144 [WARN] PackLoader:240 - Cannot read IP mode file for STMicroelectronics.X-CUBE-ALS.1.0.1
2023-05-31 10:58:24,156 [WARN] PackLoader:240 - Cannot read IP mode file for STMicroelectronics.X-CUBE-AZRTOS-WB.1.1.0
2023-05-31 10:58:24,245 [WARN] PackLoader:240 - Cannot read IP mode file for SEGGER.I-CUBE-embOS.1.3.1
2023-05-31 10:58:24,314 [WARN] PackLoader:240 - Cannot read IP mode file for STMicroelectronics.FP-ATR-ASTRA1.2.0.0
2023-05-31 10:58:24,315 [INFO] ThirdParty:978 - Integrity check success = true
2023-05-31 10:58:24,315 [INFO] IntegrityCheckThread:100 - exiting critical section [integrity check]
2023-05-31 10:58:24,316 [INFO] IntegrityCheckThread:103 - End integrity checks thread
2023-05-31 10:58:25,448 [INFO] LoadUrlFilesThread:185 - End of LoadServerUrlFiles without Thread
2023-05-31 10:58:25,486 [INFO] DetailPanel:341 - Set advertising image to /home/thales/STM32Cube/Repository//en.prom-stm32h5-mcu-finder.jpg
2023-05-31 10:59:43,052 [INFO] MultiScanPanel:200 - Auto-refresh data requested => check proxy status ongoing
2023-05-31 10:59:43,203 [INFO] LoadUrlFilesThread:185 - End of LoadServerUrlFiles without Thread
2023-05-31 10:59:43,203 [INFO] DetailPanel:341 - Set advertising image to /home/thales/STM32Cube/Repository//en.prom-stm32h5-mcu-finder.jpg
2023-05-31 11:00:11,602 [INFO] MetaSearchPanel:254 - search for filter with key=Nucleo-32
2023-05-31 11:00:11,603 [INFO] MetaSearchPanel:355 - search for filter component Type
2023-05-31 11:00:11,603 [INFO] MetaSearchPanel:329 - Collapse all filters sections
2023-05-31 11:00:28,675 [INFO] McuFinderGlobals:66 - Set McuFinderConnectedMode to true
2023-05-31 11:00:29,008 [INFO] ApiDb:448 - Save user favorites file /home/thales/.stm32cubeide/favorites.mcus.txt: 0 item(s)
2023-05-31 11:00:29,008 [INFO] ApiDb:452 - User favorites MCUs=[]
2023-05-31 11:00:29,009 [INFO] ApiDb:448 - Save user favorites file /home/thales/.stm32cubeide/favorites.boards.txt: 0 item(s)
2023-05-31 11:00:29,009 [INFO] ApiDb:452 - User favorites Boards=[]
2023-05-31 11:00:43,752 [INFO] MainUpdater:2854 - connection check result : 10
2023-05-31 11:00:43,885 [INFO] McuFinderGlobals:66 - Set McuFinderConnectedMode to true
2023-05-31 11:00:43,886 [INFO] MultiScanPanel:200 - Auto-refresh data requested => check proxy status ongoing
2023-05-31 11:00:43,886 [INFO] FinderPluginLoader:95 - Searching for filters in installed packs
2023-05-31 11:00:44,492 [INFO] LoadUrlFilesThread:185 - End of LoadServerUrlFiles without Thread
2023-05-31 11:00:44,492 [INFO] DetailPanel:341 - Set advertising image to /home/thales/STM32Cube/Repository//en.prom-stm32h5-mcu-finder.jpg
2023-05-31 11:01:04,638 [INFO] MultiScanPanel:200 - Auto-refresh data requested => check proxy status ongoing
2023-05-31 11:01:04,685 [INFO] LoadUrlFilesThread:185 - End of LoadServerUrlFiles without Thread
2023-05-31 11:01:04,685 [INFO] DetailPanel:341 - Set advertising image to /home/thales/STM32Cube/Repository//en.prom-stm32h5-mcu-finder.jpg
2023-05-31 11:01:04,702 [INFO] MultiScanPanel:200 - Auto-refresh data requested => check proxy status ongoing
2023-05-31 11:01:04,703 [INFO] ApiDb:581 - Connected to CubeFinder SQLite database (/home/thales/.stmcufinder/plugins/mcufinder/mcu/cube-finder-db.db)
2023-05-31 11:01:04,743 [INFO] ApiDb:668 - CubeFinder database Data Model version=2.1
2023-05-31 11:01:04,743 [INFO] ApiDb:669 - CubeFinder database Configuration version=3.0.35
2023-05-31 11:01:04,743 [INFO] ApiDb:670 - CubeFinder database generation date=2023-05-12 (1683877179)
2023-05-31 11:01:04,743 [INFO] ApiDb:671 - CubeFinder database FW Pack versions=[FP-ATR-ASTRA1_V2.0.0, FP-SNS-FLIGHT1_V5.0.0, FP-SNS-MOTENV1_V4.3.0, STM32Cube_FW_C0_V1.0.1, STM32Cube_FW_F0_V1.11.4, STM32Cube_FW_F3_V1.11.4, STM32Cube_FW_F4_V1.27.1, STM32Cube_FW_F7_V1.17.0, STM32Cube_FW_G0_V1.6.1, STM32Cube_FW_G4_V1.5.1, STM32Cube_FW_H5_V0.5.1, STM32Cube_FW_H5_V1.0.0, STM32Cube_FW_H7_V1.11.0, STM32Cube_FW_L0_V1.12.2, STM32Cube_FW_L5_V1.5.0, STM32Cube_FW_U5_V1.2.0, STM32Cube_FW_WBA_V1.0.0, STM32Cube_FW_WBA_V1.0.0RC1, STM32Cube_FW_WBA_V1.0.0RC3, STM32Cube_FW_WB_V1.15.0RC1, STM32Cube_FW_WB_V1.16.0, STM32Cube_FW_WB_V1.16.0RC2, STM32Cube_FW_WL_V1.3.0, X-CUBE-ALGOBUILD_V1.3.0, X-CUBE-ALS_V1.0.1, X-CUBE-AZRTOS-F4_V1.1.0, X-CUBE-AZRTOS-F7_V1.1.0, X-CUBE-AZRTOS-G0_V1.1.0, X-CUBE-AZRTOS-G4_V2.0.0, X-CUBE-AZRTOS-H7_V3.1.0, X-CUBE-AZRTOS-L4_V1.0.0, X-CUBE-AZRTOS-L5_V1.1.0, X-CUBE-AZRTOS-WB_V1.1.0, X-CUBE-AZRTOS-WL_V1.0.0, X-CUBE-BLE1_V6.2.4, X-CUBE-BLE2_V3.3.0, X-CUBE-BLEMGR_V2.0.0, X-CUBE-EEPRMA1_V4.1.0, X-CUBE-FREERTOS_V1.0.1, X-CUBE-GNSS1_V6.0.0, X-CUBE-MEMS1_V9.1.0, X-CUBE-MEMS1_V9.4.0, X-CUBE-MEMS1_V9.6.0, X-CUBE-NFC4_V3.0.0, X-CUBE-NFC7_V1.0.0, X-CUBE-SFXS2LP1_V4.0.0, X-CUBE-SUBG2_V5.0.0]
2023-05-31 11:01:05,492 [INFO] DbExamplesSqlite:376 - Ignored 45 examples not supported by CubeIDE
2023-05-31 11:01:05,492 [INFO] DbExamplesSqlite:377 - Found 7342 examples active
2023-05-31 11:01:05,492 [INFO] DbExamplesSqlite:378 - Found 1107 examples obsolete
2023-05-31 11:01:05,492 [INFO] DbExamplesSqlite:379 - Found 0 examples under development
2023-05-31 11:01:05,492 [INFO] DbExamplesSqlite:380 - Found 77 examples not building
2023-05-31 11:01:05,493 [INFO] DbExamples:125 - Found 7374 examples
2023-05-31 11:01:05,501 [INFO] DbExamples:222 - Found 92 boards with related examples
2023-05-31 11:01:05,502 [INFO] DbExamples:235 - Found 78 MCUs with related examples
2023-05-31 11:01:05,517 [INFO] ApiDb:414 - User favorites file not found: /home/thales/.stm32cubeide/favorites.examples.txt
2023-05-31 11:01:05,518 [INFO] DbExamples:250 - Set 0 / 0 favorites Examples
2023-05-31 11:01:06,049 [INFO] SoftwarePacks:127 - Download is needed for SW pack 'FP-ATR-ASTRA1_V2.0.0'
2023-05-31 11:01:06,050 [INFO] SoftwarePacks:127 - Download is needed for SW pack 'STM32Cube_FW_C0_V1.0.1'
2023-05-31 11:01:06,050 [INFO] SoftwarePacks:127 - Download is needed for SW pack 'STM32Cube_FW_F4_V1.27.1'
2023-05-31 11:01:06,051 [INFO] SoftwarePacks:127 - Download is needed for SW pack 'STM32Cube_FW_F7_V1.17.0'
2023-05-31 11:01:06,051 [INFO] SoftwarePacks:127 - Download is needed for SW pack 'STM32Cube_FW_G0_V1.6.1'
2023-05-31 11:01:06,051 [INFO] SoftwarePacks:127 - Download is needed for SW pack 'STM32Cube_FW_G4_V1.5.1'
2023-05-31 11:01:06,051 [INFO] SoftwarePacks:127 - Download is needed for SW pack 'STM32Cube_FW_H5_V1.0.0'
2023-05-31 11:01:06,051 [INFO] SoftwarePacks:127 - Download is needed for SW pack 'STM32Cube_FW_H7_V1.11.0'
2023-05-31 11:01:06,052 [INFO] SoftwarePacks:127 - Download is needed for SW pack 'STM32Cube_FW_L0_V1.12.2'
2023-05-31 11:01:06,052 [INFO] SoftwarePacks:127 - Download is needed for SW pack 'STM32Cube_FW_L5_V1.5.0'
2023-05-31 11:01:06,052 [INFO] SoftwarePacks:127 - Download is needed for SW pack 'STM32Cube_FW_U5_V1.2.0'
2023-05-31 11:01:06,052 [INFO] SoftwarePacks:127 - Download is needed for SW pack 'STM32Cube_FW_WBA_V1.0.0'
2023-05-31 11:01:06,053 [INFO] SoftwarePacks:127 - Download is needed for SW pack 'STM32Cube_FW_WB_V1.16.0'
2023-05-31 11:01:06,053 [INFO] SoftwarePacks:127 - Download is needed for SW pack 'STM32Cube_FW_WL_V1.3.0'
2023-05-31 11:01:06,053 [INFO] SoftwarePacks:127 - Download is needed for SW pack 'X-CUBE-ALGOBUILD_V1.3.0'
2023-05-31 11:01:06,053 [INFO] SoftwarePacks:127 - Download is needed for SW pack 'X-CUBE-ALS_V1.0.1'
2023-05-31 11:01:06,053 [INFO] SoftwarePacks:127 - Download is needed for SW pack 'X-CUBE-AZRTOS-F4_V1.1.0'
2023-05-31 11:01:06,053 [INFO] SoftwarePacks:127 - Download is needed for SW pack 'X-CUBE-AZRTOS-F7_V1.1.0'
2023-05-31 11:01:06,053 [INFO] SoftwarePacks:127 - Download is needed for SW pack 'X-CUBE-AZRTOS-G0_V1.1.0'
2023-05-31 11:01:06,053 [INFO] SoftwarePacks:127 - Download is needed for SW pack 'X-CUBE-AZRTOS-G4_V2.0.0'
2023-05-31 11:01:06,054 [INFO] SoftwarePacks:127 - Download is needed for SW pack 'X-CUBE-AZRTOS-H7_V3.1.0'
2023-05-31 11:01:06,054 [INFO] SoftwarePacks:127 - Download is needed for SW pack 'X-CUBE-AZRTOS-L4_V1.0.0'
2023-05-31 11:01:06,054 [INFO] SoftwarePacks:127 - Download is needed for SW pack 'X-CUBE-AZRTOS-L5_V1.1.0'
2023-05-31 11:01:06,054 [INFO] SoftwarePacks:127 - Download is needed for SW pack 'X-CUBE-AZRTOS-WB_V1.1.0'
2023-05-31 11:01:06,054 [INFO] SoftwarePacks:127 - Download is needed for SW pack 'X-CUBE-AZRTOS-WL_V1.0.0'
2023-05-31 11:01:06,054 [INFO] SoftwarePacks:127 - Download is needed for SW pack 'X-CUBE-BLE1_V6.2.4'
2023-05-31 11:01:06,054 [INFO] SoftwarePacks:127 - Download is needed for SW pack 'X-CUBE-BLE2_V3.3.0'
2023-05-31 11:01:06,054 [INFO] SoftwarePacks:127 - Download is needed for SW pack 'X-CUBE-BLEMGR_V2.0.0'
2023-05-31 11:01:06,054 [INFO] SoftwarePacks:127 - Download is needed for SW pack 'X-CUBE-EEPRMA1_V4.1.0'
2023-05-31 11:01:06,054 [INFO] SoftwarePacks:127 - Download is needed for SW pack 'X-CUBE-FREERTOS_V1.0.1'
2023-05-31 11:01:06,054 [INFO] SoftwarePacks:127 - Download is needed for SW pack 'X-CUBE-GNSS1_V6.0.0'
2023-05-31 11:01:06,054 [INFO] SoftwarePacks:127 - Download is needed for SW pack 'X-CUBE-MEMS1_V9.6.0'
2023-05-31 11:01:06,054 [INFO] SoftwarePacks:127 - Download is needed for SW pack 'X-CUBE-NFC4_V3.0.0'
2023-05-31 11:01:06,055 [INFO] SoftwarePacks:127 - Download is needed for SW pack 'X-CUBE-NFC7_V1.0.0'
2023-05-31 11:01:06,055 [INFO] SoftwarePacks:127 - Download is needed for SW pack 'X-CUBE-SFXS2LP1_V4.0.0'
2023-05-31 11:01:06,055 [INFO] SoftwarePacks:127 - Download is needed for SW pack 'X-CUBE-SUBG2_V5.0.0'
2023-05-31 11:01:07,323 [INFO] LoadUrlFilesThread:185 - End of LoadServerUrlFiles without Thread
2023-05-31 11:01:07,323 [INFO] DetailPanel:341 - Set advertising image to /home/thales/STM32Cube/Repository//en.prom-stm32h5-mcu-finder.jpg
2023-05-31 11:01:41,641 [INFO] MetaSearchPanel:329 - Expand all filters sections
2023-05-31 11:01:42,568 [INFO] MetaSearchPanel:329 - Expand all filters sections
2023-05-31 11:01:45,681 [INFO] MetaSearchPanel:329 - Collapse all filters sections
2023-05-31 11:01:48,027 [INFO] MetaSearchPanel:254 - search for filter with key=stm32f4
2023-05-31 11:01:48,028 [INFO] MetaSearchPanel:355 - search for filter component McuSeries
2023-05-31 11:01:48,028 [INFO] MetaSearchPanel:329 - Collapse all filters sections
2023-05-31 11:02:51,968 [INFO] BoardResultTable:719 - Mark Board NUCLEO-F411RE as favorite
2023-05-31 11:03:04,839 [INFO] McuFinderGlobals:66 - Set McuFinderConnectedMode to true
2023-05-31 11:03:05,315 [INFO] ApiDb:448 - Save user favorites file /home/thales/.stm32cubeide/favorites.mcus.txt: 0 item(s)
2023-05-31 11:03:05,315 [INFO] ApiDb:452 - User favorites MCUs=[]
2023-05-31 11:03:05,316 [INFO] ApiDb:448 - Save user favorites file /home/thales/.stm32cubeide/favorites.boards.txt: 1 item(s)
2023-05-31 11:03:05,316 [INFO] ApiDb:452 - User favorites Boards=[NUCLEO-F411RE]
2023-05-31 11:03:05,320 [INFO] ApiDb:448 - Save user favorites file /home/thales/.stm32cubeide/favorites.examples.txt: 0 item(s)
2023-05-31 11:03:05,320 [INFO] ApiDb:452 - User favorites Examples=[]
2023-05-31 11:03:07,964 [INFO] MainUpdater:2854 - connection check result : 10
2023-05-31 11:03:08,015 [INFO] McuFinderGlobals:66 - Set McuFinderConnectedMode to true
2023-05-31 11:03:08,015 [INFO] MultiScanPanel:200 - Auto-refresh data requested => check proxy status ongoing
2023-05-31 11:03:08,015 [INFO] FinderPluginLoader:95 - Searching for filters in installed packs
2023-05-31 11:03:08,481 [INFO] LoadUrlFilesThread:185 - End of LoadServerUrlFiles without Thread
2023-05-31 11:03:08,481 [INFO] DetailPanel:341 - Set advertising image to /home/thales/STM32Cube/Repository//en.prom-stm32h5-mcu-finder.jpg
2023-05-31 11:03:10,521 [INFO] MultiScanPanel:200 - Auto-refresh data requested => check proxy status ongoing
2023-05-31 11:03:10,565 [INFO] LoadUrlFilesThread:185 - End of LoadServerUrlFiles without Thread
2023-05-31 11:03:10,566 [INFO] DetailPanel:341 - Set advertising image to /home/thales/STM32Cube/Repository//en.prom-stm32h5-mcu-finder.jpg
2023-05-31 11:03:12,562 [INFO] ApiDb:581 - Connected to CubeFinder SQLite database (/home/thales/.stmcufinder/plugins/mcufinder/mcu/cube-finder-db.db)
2023-05-31 11:04:25,319 [INFO] ServerAccessManage:473 - Download File 
2023-05-31 11:04:25,506 [INFO] LoadUrlFilesThread:185 - End of LoadServerUrlFiles without Thread
2023-05-31 11:04:25,566 [INFO] BoardAction:170 - Large Picture
2023-05-31 11:04:30,779 [INFO] BoardAction:75 - Docs & Resources
2023-05-31 11:04:32,451 [INFO] ServerAccessManage:473 - Download File DB2196.pdf
2023-05-31 11:04:32,729 [INFO] LoadUrlFilesThread:156 - End of LoadUrlFiles Thread
2023-05-31 11:04:32,855 [INFO] BoardAction:139 - Datasheet
2023-05-31 11:04:43,631 [INFO] BoardAction:48 - Features
2023-05-31 11:06:03,426 [INFO] McuFinderGlobals:66 - Set McuFinderConnectedMode to true
2023-05-31 11:06:03,428 [INFO] ApiDb:448 - Save user favorites file /home/thales/.stm32cubeide/favorites.mcus.txt: 0 item(s)
2023-05-31 11:06:03,428 [INFO] ApiDb:452 - User favorites MCUs=[]
2023-05-31 11:06:03,429 [INFO] ApiDb:448 - Save user favorites file /home/thales/.stm32cubeide/favorites.boards.txt: 1 item(s)
2023-05-31 11:06:03,430 [INFO] ApiDb:452 - User favorites Boards=[NUCLEO-F411RE]
2023-05-31 12:50:52,202 [INFO] LogOutputStream:77 - [STDOUT_REDIRECT] StartTraceHandler.execute(), success : Collect=true
2023-05-31 13:00:42,321 [ERROR] LogOutputStream:75 - [STDERR_REDIRECT] Exception in thread "SWV client thread" java.lang.NullPointerException
2023-05-31 13:00:42,322 [ERROR] LogOutputStream:75 - [STDERR_REDIRECT] 	at com.st.stm32cube.ide.mcu.debug.swv.core.SWVPlugin.debugTrace(SWVPlugin.java:85)
2023-05-31 13:00:42,323 [ERROR] LogOutputStream:75 - [STDERR_REDIRECT] 	at com.st.stm32cube.ide.mcu.debug.swv.core.SWVClient.TRACE(SWVClient.java:768)
2023-05-31 13:00:42,323 [ERROR] LogOutputStream:75 - [STDERR_REDIRECT] 	at com.st.stm32cube.ide.mcu.debug.swv.core.SWVClient.createProtocolPacket(SWVClient.java:472)
2023-05-31 13:00:42,324 [ERROR] LogOutputStream:75 - [STDERR_REDIRECT] 	at com.st.stm32cube.ide.mcu.debug.swv.core.SWVClient.run(SWVClient.java:370)
