2023-08-07 13:27:48,107 [INFO] Activator:176 - 


2023-08-07 13:27:48,125 [INFO] Activator:177 - !SESSION log4j initialized
2023-08-07 13:28:05,267 [INFO] LogOutputStream:77 - [STDOUT_REDIRECT] 
2023-08-07 13:28:30,161 [ERROR] LogOutputStream:75 - [STDERR_REDIRECT] SLF4J: Failed to load class "org.slf4j.impl.StaticLoggerBinder".
2023-08-07 13:28:30,164 [ERROR] LogOutputStream:75 - [STDERR_REDIRECT] SLF4J: Defaulting to no-operation (NOP) logger implementation
2023-08-07 13:28:30,168 [ERROR] LogOutputStream:75 - [STDERR_REDIRECT] SLF4J: See http://www.slf4j.org/codes.html#StaticLoggerBinder for further details.
2023-08-07 13:37:28,450 [INFO] ApplicationProperties:184 - Using Application install path: /opt/st/stm32cubeide_1.12.1/plugins/com.st.stm32cube.common.mx_6.8.1.202304191431
2023-08-07 13:37:28,490 [INFO] DbMcusXml:78 - Set database path to: /opt/st/stm32cubeide_1.12.1/plugins/com.st.stm32cube.common.mx_6.8.1.202304191431//db//mcu/
2023-08-07 13:37:28,490 [INFO] ApiDb:274 - Set plugin database path to: /opt/st/stm32cubeide_1.12.1/plugins/com.st.stm32cube.common.mx_6.8.1.202304191431//db//plugins/boardmanager/
2023-08-07 13:37:28,494 [WARN] ApiDb:259 - Overriding images path with different value:  => /opt/st/stm32cubeide_1.12.1/plugins/com.st.stm32cube.common.mx_6.8.1.202304191431//db//plugins/mcufinder/images/
2023-08-07 13:37:28,519 [INFO] ApiDb:250 - Set database path to: /home/thales/.stmcufinder/plugins/mcufinder//mcu/
2023-08-07 13:37:28,522 [INFO] DbMcusAds:125 - Set database path to: /home/thales/.stmcufinder/plugins/mcufinder//mcu/
2023-08-07 13:37:28,821 [INFO] CrossReferenceDbSqlite:203 - Set database path to: /home/thales/.stmcufinder/plugins/mcufinder//mcu/cs/
2023-08-07 13:37:29,097 [INFO] RulesReader:64 - Compatibility file has been processed (293 Rules)
2023-08-07 13:37:29,194 [INFO] DbMcusXml:78 - Set database path to: /opt/st/stm32cubeide_1.12.1/plugins/com.st.stm32cube.common.mx_6.8.1.202304191431//db//mcu/
2023-08-07 13:37:29,194 [INFO] ApiDb:274 - Set plugin database path to: /opt/st/stm32cubeide_1.12.1/plugins/com.st.stm32cube.common.mx_6.8.1.202304191431//db//plugins/boardmanager/
2023-08-07 13:37:29,195 [INFO] ApiDb:261 - Set plugin images path to: /opt/st/stm32cubeide_1.12.1/plugins/com.st.stm32cube.common.mx_6.8.1.202304191431//db//plugins/mcufinder/images/
2023-08-07 13:37:29,195 [WARN] DbFile:41 - Overriding database path with different value: /home/thales/.stmcufinder/plugins/mcufinder/ => /home/thales/.stmcufinder/plugins/mcufinder
2023-08-07 13:37:29,195 [INFO] ApiDb:250 - Set database path to: /home/thales/.stmcufinder/plugins/mcufinder//mcu/
2023-08-07 13:37:29,195 [WARN] DbFile:41 - Overriding database path with different value: /home/thales/.stmcufinder/plugins/mcufinder/ => /home/thales/.stmcufinder/plugins/mcufinder
2023-08-07 13:37:29,195 [INFO] DbMcusAds:125 - Set database path to: /home/thales/.stmcufinder/plugins/mcufinder//mcu/
2023-08-07 13:37:29,195 [WARN] DbFile:41 - Overriding database path with different value: /home/thales/.stmcufinder/plugins/mcufinder/ => /home/thales/.stmcufinder/plugins/mcufinder
2023-08-07 13:37:29,196 [WARN] DbFile:41 - Overriding database path with different value: /home/thales/.stmcufinder/plugins/mcufinder/ => /home/thales/.stmcufinder/plugins/mcufinder
2023-08-07 13:37:29,196 [INFO] CrossReferenceDbSqlite:203 - Set database path to: /home/thales/.stmcufinder/plugins/mcufinder//mcu/cs/
2023-08-07 13:37:29,305 [INFO] MainPanel:253 - HeapMemory: 490733568
2023-08-07 13:37:29,429 [INFO] DbMcusXml:78 - Set database path to: /opt/st/stm32cubeide_1.12.1/plugins/com.st.stm32cube.common.mx_6.8.1.202304191431//db//mcu/
2023-08-07 13:37:29,429 [INFO] ApiDb:274 - Set plugin database path to: /opt/st/stm32cubeide_1.12.1/plugins/com.st.stm32cube.common.mx_6.8.1.202304191431//db//plugins/boardmanager/
2023-08-07 13:37:29,429 [INFO] ApiDb:261 - Set plugin images path to: /opt/st/stm32cubeide_1.12.1/plugins/com.st.stm32cube.common.mx_6.8.1.202304191431//db//plugins/mcufinder/images/
2023-08-07 13:37:29,430 [WARN] DbFile:41 - Overriding database path with different value: /home/thales/.stmcufinder/plugins/mcufinder/ => /home/thales/.stmcufinder/plugins/mcufinder
2023-08-07 13:37:29,430 [INFO] ApiDb:250 - Set database path to: /home/thales/.stmcufinder/plugins/mcufinder//mcu/
2023-08-07 13:37:29,430 [WARN] DbFile:41 - Overriding database path with different value: /home/thales/.stmcufinder/plugins/mcufinder/ => /home/thales/.stmcufinder/plugins/mcufinder
2023-08-07 13:37:29,430 [INFO] DbMcusAds:125 - Set database path to: /home/thales/.stmcufinder/plugins/mcufinder//mcu/
2023-08-07 13:37:29,430 [WARN] DbFile:41 - Overriding database path with different value: /home/thales/.stmcufinder/plugins/mcufinder/ => /home/thales/.stmcufinder/plugins/mcufinder
2023-08-07 13:37:29,430 [WARN] DbFile:41 - Overriding database path with different value: /home/thales/.stmcufinder/plugins/mcufinder/ => /home/thales/.stmcufinder/plugins/mcufinder
2023-08-07 13:37:29,430 [INFO] CrossReferenceDbSqlite:203 - Set database path to: /home/thales/.stmcufinder/plugins/mcufinder//mcu/cs/
2023-08-07 13:37:29,447 [INFO] ApplicationProperties:184 - Using Application install path: /opt/st/stm32cubeide_1.12.1/plugins/com.st.stm32cube.common.mx_6.8.1.202304191431
2023-08-07 13:37:29,449 [INFO] PluginManage:196 - Search for loadable plugins [exclusion list=, ]
2023-08-07 13:37:29,451 [INFO] PluginManage:310 - Check plugin analytics
2023-08-07 13:37:29,606 [INFO] AnalyticsPlugin:253 - Accepted Software Licenses: 
2023-08-07 13:37:29,606 [INFO] AnalyticsPlugin:255 - Accepted CMSIS Pack Licenses: 
2023-08-07 13:37:29,606 [INFO] AnalyticsPlugin:257 - Accepted Firmware Licenses: FW.F4.1.27.0
2023-08-07 13:37:29,612 [INFO] PluginManage:359 - Loaded plugin analytics (category:tool,tabindex:-1)
2023-08-07 13:37:29,612 [INFO] PluginManage:310 - Check plugin cadmodel
2023-08-07 13:37:29,689 [INFO] CADModel:105 - Init CAD model plugin
2023-08-07 13:37:29,690 [INFO] PluginManage:359 - Loaded plugin cadmodel (category:power,tabindex:5)
2023-08-07 13:37:29,690 [INFO] PluginManage:310 - Check plugin clock
2023-08-07 13:37:29,700 [INFO] PluginManage:359 - Loaded plugin clock (category:base,tabindex:2)
2023-08-07 13:37:29,700 [INFO] PluginManage:310 - Check plugin ddr
2023-08-07 13:37:29,702 [INFO] PluginManage:359 - Loaded plugin ddr (category:tool,tabindex:6)
2023-08-07 13:37:29,703 [INFO] PluginManage:310 - Check plugin filemanager
2023-08-07 13:37:29,852 [INFO] PluginManage:359 - Loaded plugin filemanager (category:base,tabindex:10)
2023-08-07 13:37:29,852 [INFO] PluginManage:310 - Check plugin ipmanager
2023-08-07 13:37:29,858 [INFO] PluginManage:359 - Loaded plugin ipmanager (category:base,tabindex:5)
2023-08-07 13:37:29,858 [INFO] PluginManage:310 - Check plugin lpbam
2023-08-07 13:37:29,867 [INFO] PluginManage:359 - Loaded plugin lpbam (category:base,tabindex:0)
2023-08-07 13:37:29,867 [INFO] PluginManage:310 - Check plugin pinoutandconfiguration
2023-08-07 13:37:29,878 [INFO] PluginManage:359 - Loaded plugin pinoutandconfiguration (category:base,tabindex:1)
2023-08-07 13:37:29,878 [INFO] PluginManage:310 - Check plugin pinoutconfig
2023-08-07 13:37:29,976 [WARN] SupportedApi:132 - Cannot load RTOS API schema: s4s-elt-must-match.1: The content of 'definitions' must match (annotation?, (simpleType | complexType)?, (unique | key | keyref)*)). A problem was found starting at: attribute.
2023-08-07 13:37:30,179 [INFO] PluginManage:359 - Loaded plugin pinoutconfig (category:base,tabindex:0)
2023-08-07 13:37:30,180 [INFO] PluginManage:310 - Check plugin power
2023-08-07 13:37:30,194 [INFO] PluginManage:359 - Loaded plugin power (category:power,tabindex:4)
2023-08-07 13:37:30,194 [INFO] PluginManage:310 - Check plugin projectmanager
2023-08-07 13:37:30,214 [INFO] PluginManage:359 - Loaded plugin projectmanager (category:projectmanager,tabindex:3)
2023-08-07 13:37:30,214 [INFO] PluginManage:310 - Check plugin thirdparty
2023-08-07 13:37:30,351 [WARN] IntegrityCheckThread:84 - waiting for thirdparty lock release [integrity check]
2023-08-07 13:37:30,351 [INFO] PluginManage:359 - Loaded plugin thirdparty (category:base,tabindex:-1)
2023-08-07 13:37:30,351 [INFO] IntegrityCheckThread:86 - entering critical section [integrity check]
2023-08-07 13:37:30,351 [INFO] PluginManage:310 - Check plugin tools
2023-08-07 13:37:30,353 [INFO] ThirdPartyUpdaterWithRetryManager:70 - Updater plugin not ready yet. [1/15]
2023-08-07 13:37:30,353 [INFO] PluginManage:359 - Loaded plugin tools (category:base,tabindex:7)
2023-08-07 13:37:30,353 [INFO] PluginManage:310 - Check plugin tutovideos
2023-08-07 13:37:30,559 [INFO] PluginManage:359 - Loaded plugin tutovideos (category:base,tabindex:-1)
2023-08-07 13:37:30,560 [INFO] PluginManage:310 - Check plugin updater
2023-08-07 13:37:30,594 [INFO] PluginManage:359 - Loaded plugin updater (category:base,tabindex:12)
2023-08-07 13:37:30,597 [INFO] PluginManage:283 - PluginManage : Loaded plugins [15]
2023-08-07 13:37:31,017 [INFO] PinOutPanel:1499 - setPackage(No Configuration,No Configuration)
2023-08-07 13:37:31,080 [INFO] CADModel:165 - CPN selected for project level
2023-08-07 13:37:31,080 [INFO] CADModel:114 - Register for checkConnection events
2023-08-07 13:37:31,092 [INFO] IPUIPlugin:80 - create IPUIPlugin
2023-08-07 13:37:31,093 [INFO] PluginManager:220 - loadIPPluginJar : add quadspi
2023-08-07 13:37:31,097 [INFO] IPUIPlugin:80 - create IPUIPlugin
2023-08-07 13:37:31,097 [INFO] PluginManager:220 - loadIPPluginJar : add gfxmmu
2023-08-07 13:37:31,101 [INFO] IPUIPlugin:80 - create IPUIPlugin
2023-08-07 13:37:31,102 [INFO] PluginManager:220 - loadIPPluginJar : add gpio
2023-08-07 13:37:31,105 [INFO] IPUIPlugin:80 - create IPUIPlugin
2023-08-07 13:37:31,105 [INFO] PluginManager:220 - loadIPPluginJar : add ipddr
2023-08-07 13:37:31,107 [INFO] IPUIPlugin:80 - create IPUIPlugin
2023-08-07 13:37:31,107 [INFO] PluginManager:220 - loadIPPluginJar : add dfsdm
2023-08-07 13:37:31,108 [INFO] IPUIPlugin:80 - create IPUIPlugin
2023-08-07 13:37:31,108 [INFO] PluginManager:220 - loadIPPluginJar : add ltdc
2023-08-07 13:37:31,111 [INFO] IPUIPlugin:80 - create IPUIPlugin
2023-08-07 13:37:31,111 [INFO] PluginManager:220 - loadIPPluginJar : add nvic
2023-08-07 13:37:31,112 [INFO] IPUIPlugin:80 - create IPUIPlugin
2023-08-07 13:37:31,112 [INFO] PluginManager:220 - loadIPPluginJar : add ts
2023-08-07 13:37:31,117 [INFO] IPUIPlugin:80 - create IPUIPlugin
2023-08-07 13:37:31,117 [INFO] PluginManager:220 - loadIPPluginJar : add gic
2023-08-07 13:37:31,119 [INFO] IPUIPlugin:80 - create IPUIPlugin
2023-08-07 13:37:31,119 [INFO] PluginManager:220 - loadIPPluginJar : add aes
2023-08-07 13:37:31,123 [INFO] IPUIPlugin:80 - create IPUIPlugin
2023-08-07 13:37:31,123 [INFO] PluginManager:220 - loadIPPluginJar : add opamp
2023-08-07 13:37:31,127 [INFO] IPUIPlugin:80 - create IPUIPlugin
2023-08-07 13:37:31,128 [INFO] PluginManager:220 - loadIPPluginJar : add adc
2023-08-07 13:37:31,130 [INFO] IPUIPlugin:80 - create IPUIPlugin
2023-08-07 13:37:31,130 [INFO] PluginManager:220 - loadIPPluginJar : add pdm2pcm
2023-08-07 13:37:31,134 [INFO] IPUIPlugin:80 - create IPUIPlugin
2023-08-07 13:37:31,134 [INFO] PluginManager:220 - loadIPPluginJar : add stm32_wpan
2023-08-07 13:37:31,136 [INFO] IPUIPlugin:80 - create IPUIPlugin
2023-08-07 13:37:31,136 [INFO] PluginManager:220 - loadIPPluginJar : add tracer_emb
2023-08-07 13:37:31,138 [INFO] IPUIPlugin:80 - create IPUIPlugin
2023-08-07 13:37:31,138 [INFO] PluginManager:220 - loadIPPluginJar : add i2s
2023-08-07 13:37:31,140 [INFO] IPUIPlugin:80 - create IPUIPlugin
2023-08-07 13:37:31,140 [INFO] PluginManager:220 - loadIPPluginJar : add i2c
2023-08-07 13:37:31,148 [INFO] IPUIPlugin:80 - create IPUIPlugin
2023-08-07 13:37:31,148 [INFO] PluginManager:220 - loadIPPluginJar : add linkedlist
2023-08-07 13:37:31,150 [INFO] IPUIPlugin:80 - create IPUIPlugin
2023-08-07 13:37:31,150 [INFO] PluginManager:220 - loadIPPluginJar : add hash
2023-08-07 13:37:31,152 [INFO] IPUIPlugin:80 - create IPUIPlugin
2023-08-07 13:37:31,152 [INFO] PluginManager:220 - loadIPPluginJar : add touchsensing
2023-08-07 13:37:31,154 [INFO] IPUIPlugin:80 - create IPUIPlugin
2023-08-07 13:37:31,154 [INFO] PluginManager:220 - loadIPPluginJar : add ucpd
2023-08-07 13:37:31,155 [INFO] IPUIPlugin:80 - create IPUIPlugin
2023-08-07 13:37:31,155 [INFO] PluginManager:220 - loadIPPluginJar : add fatfs
2023-08-07 13:37:31,158 [INFO] IPUIPlugin:80 - create IPUIPlugin
2023-08-07 13:37:31,158 [INFO] PluginManager:220 - loadIPPluginJar : add i3c
2023-08-07 13:37:31,159 [INFO] IPUIPlugin:80 - create IPUIPlugin
2023-08-07 13:37:31,159 [INFO] PluginManager:220 - loadIPPluginJar : add tsc
2023-08-07 13:37:31,164 [INFO] IPUIPlugin:80 - create IPUIPlugin
2023-08-07 13:37:31,164 [INFO] PluginManager:220 - loadIPPluginJar : add freertos
2023-08-07 13:37:31,171 [INFO] IPUIPlugin:80 - create IPUIPlugin
2023-08-07 13:37:31,174 [INFO] PluginManager:220 - loadIPPluginJar : add plateformsettings
2023-08-07 13:37:31,176 [INFO] IPUIPlugin:80 - create IPUIPlugin
2023-08-07 13:37:31,176 [INFO] PluginManager:220 - loadIPPluginJar : add comp
2023-08-07 13:37:31,179 [INFO] IPUIPlugin:80 - create IPUIPlugin
2023-08-07 13:37:31,179 [INFO] PluginManager:220 - loadIPPluginJar : add usbx
2023-08-07 13:37:31,182 [INFO] IPUIPlugin:80 - create IPUIPlugin
2023-08-07 13:37:31,182 [INFO] PluginManager:220 - loadIPPluginJar : add usart
2023-08-07 13:37:31,185 [INFO] IPUIPlugin:80 - create IPUIPlugin
2023-08-07 13:37:31,185 [INFO] PluginManager:220 - loadIPPluginJar : add can
2023-08-07 13:37:31,190 [INFO] IPUIPlugin:80 - create IPUIPlugin
2023-08-07 13:37:31,190 [INFO] PluginManager:220 - loadIPPluginJar : add gtzc
2023-08-07 13:37:31,194 [INFO] IPUIPlugin:80 - create IPUIPlugin
2023-08-07 13:37:31,194 [INFO] PluginManager:220 - loadIPPluginJar : add lorawan
2023-08-07 13:37:31,196 [INFO] IPUIPlugin:80 - create IPUIPlugin
2023-08-07 13:37:31,196 [INFO] PluginManager:220 - loadIPPluginJar : add genericplugin
2023-08-07 13:37:31,203 [INFO] IPUIPlugin:80 - create IPUIPlugin
2023-08-07 13:37:31,204 [INFO] PluginManager:220 - loadIPPluginJar : add mdma
2023-08-07 13:37:31,206 [INFO] IPUIPlugin:80 - create IPUIPlugin
2023-08-07 13:37:31,206 [INFO] PluginManager:220 - loadIPPluginJar : add cryp
2023-08-07 13:37:31,208 [INFO] IPUIPlugin:80 - create IPUIPlugin
2023-08-07 13:37:31,208 [INFO] PluginManager:220 - loadIPPluginJar : add spi
2023-08-07 13:37:31,211 [INFO] IPUIPlugin:80 - create IPUIPlugin
2023-08-07 13:37:31,212 [INFO] PluginManager:220 - loadIPPluginJar : add dma3
2023-08-07 13:37:31,215 [INFO] IPUIPlugin:80 - create IPUIPlugin
2023-08-07 13:37:31,215 [INFO] PluginManager:220 - loadIPPluginJar : add sai
2023-08-07 13:37:31,218 [INFO] IPUIPlugin:80 - create IPUIPlugin
2023-08-07 13:37:31,218 [INFO] PluginManager:220 - loadIPPluginJar : add openamp
2023-08-07 13:37:31,224 [INFO] IPUIPlugin:80 - create IPUIPlugin
2023-08-07 13:37:31,225 [INFO] PluginManager:220 - loadIPPluginJar : add dma
2023-08-07 13:37:31,230 [INFO] IPUIPlugin:80 - create IPUIPlugin
2023-08-07 13:37:31,230 [INFO] PluginManager:220 - loadIPPluginJar : add resmgrutility
2023-08-07 13:37:31,234 [INFO] IPUIPlugin:80 - create IPUIPlugin
2023-08-07 13:37:31,234 [INFO] PluginManager:220 - loadIPPluginJar : add fmc
2023-08-07 13:37:31,235 [INFO] IPUIPlugin:80 - create IPUIPlugin
2023-08-07 13:37:31,235 [INFO] PluginManager:220 - loadIPPluginJar : add tim
2023-08-07 13:37:31,378 [INFO] CADModel:165 - CPN selected for project level
2023-08-07 13:37:31,378 [INFO] CADModel:114 - Register for checkConnection events
2023-08-07 13:37:31,381 [FATAL] Updater:308 - Updater called before beeing initialized
2023-08-07 13:37:31,381 [ERROR] CADModel:125 - Updater not yet initialized, retry later 
2023-08-07 13:37:31,677 [INFO] CADModel:165 - CPN selected for project level
2023-08-07 13:37:31,677 [INFO] CADModel:114 - Register for checkConnection events
2023-08-07 13:37:31,677 [FATAL] Updater:308 - Updater called before beeing initialized
2023-08-07 13:37:31,677 [ERROR] CADModel:125 - Updater not yet initialized, retry later 
2023-08-07 13:37:31,682 [FATAL] Updater:308 - Updater called before beeing initialized
2023-08-07 13:37:31,811 [FATAL] Updater:308 - Updater called before beeing initialized
2023-08-07 13:37:31,824 [INFO] DbMcusAds:53 - JSON generation date=Tue Mar 07 04:50:55 AMT 2023 (1678179055114)
2023-08-07 13:37:31,825 [FATAL] Updater:308 - Updater called before beeing initialized
2023-08-07 13:37:32,075 [WARN] DetailPanel:346 - Failed to get advertising image, set to default
2023-08-07 13:37:32,255 [FATAL] Updater:308 - Updater called before beeing initialized
2023-08-07 13:37:32,267 [FATAL] Updater:308 - Updater called before beeing initialized
2023-08-07 13:37:32,267 [FATAL] Updater:308 - Updater called before beeing initialized
2023-08-07 13:37:32,267 [WARN] DetailPanel:346 - Failed to get advertising image, set to default
2023-08-07 13:37:32,268 [FATAL] Updater:308 - Updater called before beeing initialized
2023-08-07 13:37:32,352 [ERROR] Updater:1120 - MainUpdater not yet initialized. External WinMGr cannot be set.
2023-08-07 13:37:32,372 [INFO] Updater:1056 - Updater Version found : 6.8.1
2023-08-07 13:37:32,406 [INFO] ApplicationProperties:184 - Using Application install path: /opt/st/stm32cubeide_1.12.1/plugins/com.st.stm32cube.common.mx_6.8.1.202304191431
2023-08-07 13:37:32,748 [INFO] MainUpdater:2854 - connection check result : 10
2023-08-07 13:37:32,748 [INFO] MainUpdater:3548 - Updater definition file requires update
2023-08-07 13:37:32,750 [INFO] MainUpdater:283 - Updater Check For Update Now.
2023-08-07 13:37:32,750 [INFO] MicroXplorer:498 - Change Database Version : DB.6.0.81
2023-08-07 13:37:33,324 [INFO] ServerAccessManage:473 - Download File updaters.zip
2023-08-07 13:37:33,361 [WARN] MainUpdater:1187 - Updater busy. Cannot search thirdparties
2023-08-07 13:37:33,361 [INFO] ThirdPartyUpdaterWithRetryManager:96 - Updater plugin is busy. [1/15]
2023-08-07 13:37:33,880 [INFO] FileExtend:240 - Unzip File : updaters.zip
2023-08-07 13:37:33,880 [INFO] FileExtend:255 - Standard Zip Deflate
2023-08-07 13:37:41,137 [WARN] MainUpdater:1187 - Updater busy. Cannot search thirdparties
2023-08-07 13:37:41,144 [INFO] ThirdPartyUpdaterWithRetryManager:96 - Updater plugin is busy. [2/15]
2023-08-07 13:37:45,151 [WARN] MainUpdater:1187 - Updater busy. Cannot search thirdparties
2023-08-07 13:37:45,236 [INFO] ThirdPartyUpdaterWithRetryManager:96 - Updater plugin is busy. [3/15]
2023-08-07 13:37:49,799 [WARN] MainUpdater:1187 - Updater busy. Cannot search thirdparties
2023-08-07 13:37:49,975 [INFO] ThirdPartyUpdaterWithRetryManager:96 - Updater plugin is busy. [4/15]
2023-08-07 13:37:59,702 [WARN] MainUpdater:1187 - Updater busy. Cannot search thirdparties
2023-08-07 13:38:01,719 [INFO] ThirdPartyUpdaterWithRetryManager:96 - Updater plugin is busy. [5/15]
2023-08-07 13:38:05,605 [WARN] MainUpdater:1187 - Updater busy. Cannot search thirdparties
2023-08-07 13:38:05,681 [INFO] ThirdPartyUpdaterWithRetryManager:96 - Updater plugin is busy. [6/15]
2023-08-07 13:38:10,008 [WARN] MainUpdater:1187 - Updater busy. Cannot search thirdparties
2023-08-07 13:38:10,061 [INFO] ThirdPartyUpdaterWithRetryManager:96 - Updater plugin is busy. [7/15]
2023-08-07 13:38:11,871 [INFO] ServerAccessManage:473 - Download File PacksControlFlags.xml
2023-08-07 13:38:12,549 [INFO] ServerAccessManage:473 - Download File cubemx.pidx
2023-08-07 13:38:13,065 [WARN] MainUpdater:1187 - Updater busy. Cannot search thirdparties
2023-08-07 13:38:13,067 [INFO] ThirdPartyUpdaterWithRetryManager:96 - Updater plugin is busy. [8/15]
2023-08-07 13:38:14,577 [INFO] ServerAccessManage:473 - Download File STMicroelectronics.X-CUBE-AI.pdsc
2023-08-07 13:38:16,094 [WARN] MainUpdater:1187 - Updater busy. Cannot search thirdparties
2023-08-07 13:38:16,095 [INFO] ThirdPartyUpdaterWithRetryManager:96 - Updater plugin is busy. [9/15]
2023-08-07 13:38:16,585 [INFO] MainUpdater:2854 - connection check result : 10
2023-08-07 13:38:19,136 [WARN] MainUpdater:1187 - Updater busy. Cannot search thirdparties
2023-08-07 13:38:19,142 [INFO] ThirdPartyUpdaterWithRetryManager:96 - Updater plugin is busy. [10/15]
2023-08-07 13:38:22,193 [WARN] MainUpdater:1187 - Updater busy. Cannot search thirdparties
2023-08-07 13:38:22,198 [INFO] ThirdPartyUpdaterWithRetryManager:96 - Updater plugin is busy. [11/15]
2023-08-07 13:38:25,201 [WARN] MainUpdater:1187 - Updater busy. Cannot search thirdparties
2023-08-07 13:38:25,204 [INFO] ThirdPartyUpdaterWithRetryManager:96 - Updater plugin is busy. [12/15]
2023-08-07 13:38:26,156 [ERROR] ServerAccessManage:1096 - Problem, Http access forbiden
2023-08-07 13:38:26,174 [ERROR] ServerAccessManage:651 - Problem, Http access forbiden : RoweBots.I-CUBE-UNISONRTOS.pdsc.
2023-08-07 13:38:26,748 [WARN] PackLoader:240 - Cannot read IP mode file for STMicroelectronics.X-CUBE-AI.8.1.0
2023-08-07 13:38:26,756 [INFO] PopulateThirdPartyThread:66 - Ending populate Thread
2023-08-07 13:38:26,778 [INFO] ThirdParty:1030 - CMSIS Pack Vendor :STMicroelectronics X-CUBE-AI 8.1.0
2023-08-07 13:38:26,779 [INFO] LoadServerUpdatesThread:373 - End of LoadServerUpdate Thread
2023-08-07 13:38:27,116 [INFO] CheckServerUpdateThread:120 - End of CheckServer Thread
2023-08-07 13:38:27,155 [INFO] McuFinderGlobals:66 - Set McuFinderConnectedMode to true
2023-08-07 13:38:27,968 [INFO] ServerAccessManage:473 - Download File mcusAds.json._tmp_
2023-08-07 13:38:28,229 [WARN] MainUpdater:1187 - Updater busy. Cannot search thirdparties
2023-08-07 13:38:28,233 [INFO] ThirdPartyUpdaterWithRetryManager:96 - Updater plugin is busy. [13/15]
2023-08-07 13:38:31,431 [WARN] MainUpdater:1187 - Updater busy. Cannot search thirdparties
2023-08-07 13:38:31,531 [INFO] ThirdPartyUpdaterWithRetryManager:96 - Updater plugin is busy. [14/15]
2023-08-07 13:38:34,620 [WARN] MainUpdater:1187 - Updater busy. Cannot search thirdparties
2023-08-07 13:38:34,627 [INFO] ThirdPartyUpdaterWithRetryManager:96 - Updater plugin is busy. [15/15]
2023-08-07 13:38:34,974 [ERROR] IntegrityCheckThread:130 - Cannot retrieve database content from updater: error -1
2023-08-07 13:38:35,246 [INFO] ThirdParty:978 - Integrity check success = false
2023-08-07 13:38:35,395 [INFO] IntegrityCheckThread:100 - exiting critical section [integrity check]
2023-08-07 13:38:35,426 [INFO] IntegrityCheckThread:103 - End integrity checks thread
2023-08-07 13:38:35,788 [INFO] LoadUrlFilesThread:156 - End of LoadUrlFiles Thread
2023-08-07 13:38:37,358 [INFO] ServerAccessManage:473 - Download File cube-finder-db.zip
2023-08-07 13:38:37,879 [ERROR] LogOutputStream:75 - [STDERR_REDIRECT] Exception in thread "AWT-EventQueue-0" java.lang.NullPointerException
2023-08-07 13:38:37,884 [ERROR] LogOutputStream:75 - [STDERR_REDIRECT] 	at java.desktop/javax.swing.plaf.basic.BasicProgressBarUI.updateSizes(BasicProgressBarUI.java:537)
2023-08-07 13:38:37,886 [ERROR] LogOutputStream:75 - [STDERR_REDIRECT] 	at java.desktop/javax.swing.plaf.basic.BasicProgressBarUI.getBox(BasicProgressBarUI.java:494)
2023-08-07 13:38:37,888 [ERROR] LogOutputStream:75 - [STDERR_REDIRECT] 	at java.desktop/javax.swing.plaf.basic.BasicProgressBarUI.paintIndeterminate(BasicProgressBarUI.java:651)
2023-08-07 13:38:37,890 [ERROR] LogOutputStream:75 - [STDERR_REDIRECT] 	at java.desktop/javax.swing.plaf.metal.MetalProgressBarUI.paintIndeterminate(MetalProgressBarUI.java:150)
2023-08-07 13:38:37,892 [ERROR] LogOutputStream:75 - [STDERR_REDIRECT] 	at java.desktop/javax.swing.plaf.basic.BasicProgressBarUI.paint(BasicProgressBarUI.java:459)
2023-08-07 13:38:37,894 [ERROR] LogOutputStream:75 - [STDERR_REDIRECT] 	at java.desktop/javax.swing.plaf.ComponentUI.update(ComponentUI.java:161)
2023-08-07 13:38:37,895 [ERROR] LogOutputStream:75 - [STDERR_REDIRECT] 	at java.desktop/javax.swing.JComponent.paintComponent(JComponent.java:797)
2023-08-07 13:38:37,896 [ERROR] LogOutputStream:75 - [STDERR_REDIRECT] 	at java.desktop/javax.swing.JComponent.paint(JComponent.java:1074)
2023-08-07 13:38:37,898 [ERROR] LogOutputStream:75 - [STDERR_REDIRECT] 	at java.desktop/javax.swing.JComponent.paintChildren(JComponent.java:907)
2023-08-07 13:38:37,899 [ERROR] LogOutputStream:75 - [STDERR_REDIRECT] 	at java.desktop/javax.swing.JComponent.paint(JComponent.java:1083)
2023-08-07 13:38:37,900 [ERROR] LogOutputStream:75 - [STDERR_REDIRECT] 	at java.desktop/javax.swing.JComponent.paintChildren(JComponent.java:907)
2023-08-07 13:38:37,902 [ERROR] LogOutputStream:75 - [STDERR_REDIRECT] 	at java.desktop/javax.swing.JComponent.paint(JComponent.java:1083)
2023-08-07 13:38:37,903 [ERROR] LogOutputStream:75 - [STDERR_REDIRECT] 	at java.desktop/javax.swing.JComponent.paintChildren(JComponent.java:907)
2023-08-07 13:38:37,904 [ERROR] LogOutputStream:75 - [STDERR_REDIRECT] 	at java.desktop/javax.swing.JComponent.paint(JComponent.java:1083)
2023-08-07 13:38:37,906 [ERROR] LogOutputStream:75 - [STDERR_REDIRECT] 	at java.desktop/javax.swing.JComponent.paintChildren(JComponent.java:907)
2023-08-07 13:38:37,908 [ERROR] LogOutputStream:75 - [STDERR_REDIRECT] 	at java.desktop/javax.swing.JComponent.paint(JComponent.java:1083)
2023-08-07 13:38:37,910 [ERROR] LogOutputStream:75 - [STDERR_REDIRECT] 	at java.desktop/javax.swing.JLayeredPane.paint(JLayeredPane.java:590)
2023-08-07 13:38:37,912 [ERROR] LogOutputStream:75 - [STDERR_REDIRECT] 	at java.desktop/javax.swing.JComponent.paintChildren(JComponent.java:907)
2023-08-07 13:38:37,913 [ERROR] LogOutputStream:75 - [STDERR_REDIRECT] 	at java.desktop/javax.swing.JComponent.paintToOffscreen(JComponent.java:5262)
2023-08-07 13:38:37,915 [ERROR] LogOutputStream:75 - [STDERR_REDIRECT] 	at java.desktop/javax.swing.BufferStrategyPaintManager.paint(BufferStrategyPaintManager.java:246)
2023-08-07 13:38:37,917 [ERROR] LogOutputStream:75 - [STDERR_REDIRECT] 	at java.desktop/javax.swing.RepaintManager.paint(RepaintManager.java:1323)
2023-08-07 13:38:37,919 [ERROR] LogOutputStream:75 - [STDERR_REDIRECT] 	at java.desktop/javax.swing.JComponent.paint(JComponent.java:1060)
2023-08-07 13:38:37,921 [ERROR] LogOutputStream:75 - [STDERR_REDIRECT] 	at java.desktop/java.awt.GraphicsCallback$PaintCallback.run(GraphicsCallback.java:39)
2023-08-07 13:38:37,923 [ERROR] LogOutputStream:75 - [STDERR_REDIRECT] 	at java.desktop/sun.awt.SunGraphicsCallback.runOneComponent(SunGraphicsCallback.java:78)
2023-08-07 13:38:37,925 [ERROR] LogOutputStream:75 - [STDERR_REDIRECT] 	at java.desktop/sun.awt.SunGraphicsCallback.runComponents(SunGraphicsCallback.java:115)
2023-08-07 13:38:37,927 [ERROR] LogOutputStream:75 - [STDERR_REDIRECT] 	at java.desktop/java.awt.Container.paint(Container.java:2002)
2023-08-07 13:38:37,929 [ERROR] LogOutputStream:75 - [STDERR_REDIRECT] 	at java.desktop/java.awt.Window.paint(Window.java:3940)
2023-08-07 13:38:37,930 [ERROR] LogOutputStream:75 - [STDERR_REDIRECT] 	at java.desktop/javax.swing.RepaintManager$4.run(RepaintManager.java:876)
2023-08-07 13:38:37,932 [ERROR] LogOutputStream:75 - [STDERR_REDIRECT] 	at java.desktop/javax.swing.RepaintManager$4.run(RepaintManager.java:848)
2023-08-07 13:38:37,949 [ERROR] LogOutputStream:75 - [STDERR_REDIRECT] 	at java.base/java.security.AccessController.doPrivileged(Native Method)
2023-08-07 13:38:37,959 [ERROR] LogOutputStream:75 - [STDERR_REDIRECT] 	at java.base/java.security.ProtectionDomain$JavaSecurityAccessImpl.doIntersectionPrivilege(ProtectionDomain.java:85)
2023-08-07 13:38:37,960 [ERROR] LogOutputStream:75 - [STDERR_REDIRECT] 	at java.desktop/javax.swing.RepaintManager.paintDirtyRegions(RepaintManager.java:848)
2023-08-07 13:38:37,961 [ERROR] LogOutputStream:75 - [STDERR_REDIRECT] 	at java.desktop/javax.swing.RepaintManager.paintDirtyRegions(RepaintManager.java:823)
2023-08-07 13:38:37,963 [ERROR] LogOutputStream:75 - [STDERR_REDIRECT] 	at java.desktop/javax.swing.RepaintManager.prePaintDirtyRegions(RepaintManager.java:772)
2023-08-07 13:38:37,965 [ERROR] LogOutputStream:75 - [STDERR_REDIRECT] 	at java.desktop/javax.swing.RepaintManager$ProcessingRunnable.run(RepaintManager.java:1890)
2023-08-07 13:38:37,967 [ERROR] LogOutputStream:75 - [STDERR_REDIRECT] 	at java.desktop/java.awt.event.InvocationEvent.dispatch(InvocationEvent.java:313)
2023-08-07 13:38:37,982 [ERROR] LogOutputStream:75 - [STDERR_REDIRECT] 	at java.desktop/java.awt.EventQueue.dispatchEventImpl(EventQueue.java:770)
2023-08-07 13:38:37,983 [ERROR] LogOutputStream:75 - [STDERR_REDIRECT] 	at java.desktop/java.awt.EventQueue$4.run(EventQueue.java:721)
2023-08-07 13:38:37,985 [ERROR] LogOutputStream:75 - [STDERR_REDIRECT] 	at java.desktop/java.awt.EventQueue$4.run(EventQueue.java:715)
2023-08-07 13:38:37,986 [ERROR] LogOutputStream:75 - [STDERR_REDIRECT] 	at java.base/java.security.AccessController.doPrivileged(Native Method)
2023-08-07 13:38:37,988 [ERROR] LogOutputStream:75 - [STDERR_REDIRECT] 	at java.base/java.security.ProtectionDomain$JavaSecurityAccessImpl.doIntersectionPrivilege(ProtectionDomain.java:85)
2023-08-07 13:38:37,990 [ERROR] LogOutputStream:75 - [STDERR_REDIRECT] 	at java.desktop/java.awt.EventQueue.dispatchEvent(EventQueue.java:740)
2023-08-07 13:38:37,992 [ERROR] LogOutputStream:75 - [STDERR_REDIRECT] 	at java.desktop/java.awt.EventDispatchThread.pumpOneEventForFilters(EventDispatchThread.java:203)
2023-08-07 13:38:37,994 [ERROR] LogOutputStream:75 - [STDERR_REDIRECT] 	at java.desktop/java.awt.EventDispatchThread.pumpEventsForFilter(EventDispatchThread.java:124)
2023-08-07 13:38:37,996 [ERROR] LogOutputStream:75 - [STDERR_REDIRECT] 	at java.desktop/java.awt.EventDispatchThread.pumpEventsForFilter(EventDispatchThread.java:117)
2023-08-07 13:38:37,998 [ERROR] LogOutputStream:75 - [STDERR_REDIRECT] 	at java.desktop/java.awt.WaitDispatchSupport$2.run(WaitDispatchSupport.java:190)
2023-08-07 13:38:38,004 [ERROR] LogOutputStream:75 - [STDERR_REDIRECT] 	at java.desktop/java.awt.WaitDispatchSupport$4.run(WaitDispatchSupport.java:235)
2023-08-07 13:38:38,006 [ERROR] LogOutputStream:75 - [STDERR_REDIRECT] 	at java.desktop/java.awt.WaitDispatchSupport$4.run(WaitDispatchSupport.java:233)
2023-08-07 13:38:38,007 [ERROR] LogOutputStream:75 - [STDERR_REDIRECT] 	at java.base/java.security.AccessController.doPrivileged(Native Method)
2023-08-07 13:38:38,008 [ERROR] LogOutputStream:75 - [STDERR_REDIRECT] 	at java.desktop/java.awt.WaitDispatchSupport.enter(WaitDispatchSupport.java:233)
2023-08-07 13:38:38,009 [ERROR] LogOutputStream:75 - [STDERR_REDIRECT] 	at java.desktop/java.awt.Dialog.show(Dialog.java:1070)
2023-08-07 13:38:38,010 [ERROR] LogOutputStream:75 - [STDERR_REDIRECT] 	at com.st.microxplorer.plugins.updater.gui.ProgressBarDialog.startProgressBar(ProgressBarDialog.java:154)
2023-08-07 13:38:38,011 [ERROR] LogOutputStream:75 - [STDERR_REDIRECT] 	at com.st.microxplorer.plugins.updater.engine.MainUpdater.loadUrlFiles(MainUpdater.java:2502)
2023-08-07 13:38:38,012 [ERROR] LogOutputStream:75 - [STDERR_REDIRECT] 	at com.st.microxplorer.plugins.updater.Updater.getSpecificTask(Updater.java:366)
2023-08-07 13:38:38,013 [ERROR] LogOutputStream:75 - [STDERR_REDIRECT] 	at com.st.microxplorer.mcufinder.gui.WebUtils.downloadDbFile(WebUtils.java:614)
2023-08-07 13:38:38,020 [ERROR] LogOutputStream:75 - [STDERR_REDIRECT] 	at com.st.microxplorer.mcufinder.gui.WebUtils.downloadDbFiles(WebUtils.java:774)
2023-08-07 13:38:38,022 [ERROR] LogOutputStream:75 - [STDERR_REDIRECT] 	at com.st.stm32cube.common.mx.targetselector.TargetSelectorAdapter$5.run(TargetSelectorAdapter.java:257)
2023-08-07 13:38:38,024 [ERROR] LogOutputStream:75 - [STDERR_REDIRECT] 	at com.st.stm32cube.common.mx.oss.core.awtswtbridge.AwtEnvironment$2.run(AwtEnvironment.java:166)
2023-08-07 13:38:38,026 [ERROR] LogOutputStream:75 - [STDERR_REDIRECT] 	at java.desktop/java.awt.event.InvocationEvent.dispatch(InvocationEvent.java:313)
2023-08-07 13:38:38,028 [ERROR] LogOutputStream:75 - [STDERR_REDIRECT] 	at java.desktop/java.awt.EventQueue.dispatchEventImpl(EventQueue.java:770)
2023-08-07 13:38:38,029 [ERROR] LogOutputStream:75 - [STDERR_REDIRECT] 	at java.desktop/java.awt.EventQueue$4.run(EventQueue.java:721)
2023-08-07 13:38:38,030 [ERROR] LogOutputStream:75 - [STDERR_REDIRECT] 	at java.desktop/java.awt.EventQueue$4.run(EventQueue.java:715)
2023-08-07 13:38:38,031 [ERROR] LogOutputStream:75 - [STDERR_REDIRECT] 	at java.base/java.security.AccessController.doPrivileged(Native Method)
2023-08-07 13:38:38,032 [ERROR] LogOutputStream:75 - [STDERR_REDIRECT] 	at java.base/java.security.ProtectionDomain$JavaSecurityAccessImpl.doIntersectionPrivilege(ProtectionDomain.java:85)
2023-08-07 13:38:38,033 [ERROR] LogOutputStream:75 - [STDERR_REDIRECT] 	at java.desktop/java.awt.EventQueue.dispatchEvent(EventQueue.java:740)
2023-08-07 13:38:38,038 [ERROR] LogOutputStream:75 - [STDERR_REDIRECT] 	at java.desktop/java.awt.EventDispatchThread.pumpOneEventForFilters(EventDispatchThread.java:203)
2023-08-07 13:38:38,040 [ERROR] LogOutputStream:75 - [STDERR_REDIRECT] 	at java.desktop/java.awt.EventDispatchThread.pumpEventsForFilter(EventDispatchThread.java:124)
2023-08-07 13:38:38,041 [ERROR] LogOutputStream:75 - [STDERR_REDIRECT] 	at java.desktop/java.awt.EventDispatchThread.pumpEventsForHierarchy(EventDispatchThread.java:113)
2023-08-07 13:38:38,043 [ERROR] LogOutputStream:75 - [STDERR_REDIRECT] 	at java.desktop/java.awt.EventDispatchThread.pumpEvents(EventDispatchThread.java:109)
2023-08-07 13:38:38,044 [ERROR] LogOutputStream:75 - [STDERR_REDIRECT] 	at java.desktop/java.awt.EventDispatchThread.pumpEvents(EventDispatchThread.java:101)
2023-08-07 13:38:38,046 [ERROR] LogOutputStream:75 - [STDERR_REDIRECT] 	at java.desktop/java.awt.EventDispatchThread.run(EventDispatchThread.java:90)
2023-08-07 13:38:53,722 [INFO] FileExtend:240 - Unzip File : cube-finder-db.zip
2023-08-07 13:38:53,734 [INFO] FileExtend:255 - Standard Zip Deflate
2023-08-07 13:39:09,675 [INFO] LoadUrlFilesThread:156 - End of LoadUrlFiles Thread
2023-08-07 13:39:12,640 [INFO] ServerAccessManage:473 - Download File crdb.zip
2023-08-07 13:39:20,138 [INFO] FileExtend:240 - Unzip File : crdb.zip
2023-08-07 13:39:20,256 [INFO] FileExtend:255 - Standard Zip Deflate
2023-08-07 13:39:21,112 [INFO] LoadUrlFilesThread:156 - End of LoadUrlFiles Thread
2023-08-07 13:39:25,728 [INFO] ServerAccessManage:473 - Download File tutoVideoDB.zip
2023-08-07 13:39:27,071 [INFO] FileExtend:240 - Unzip File : tutoVideoDB.zip
2023-08-07 13:39:27,076 [INFO] FileExtend:255 - Standard Zip Deflate
2023-08-07 13:39:32,122 [INFO] LoadUrlFilesThread:156 - End of LoadUrlFiles Thread
2023-08-07 13:39:33,736 [WARN] DbFile:41 - Overriding database path with different value: /home/thales/.stmcufinder/plugins/mcufinder/ => /home/thales/.stmcufinder/plugins/mcufinder
2023-08-07 13:39:36,092 [INFO] ServerAccessManage:473 - Download File api_config.json
2023-08-07 13:39:39,639 [INFO] LoadUrlFilesThread:156 - End of LoadUrlFiles Thread
2023-08-07 13:39:40,152 [INFO] DbMcusAds:53 - JSON generation date=Tue Mar 07 04:50:55 AMT 2023 (1678179055114)
2023-08-07 13:39:42,381 [INFO] LoadUrlFilesThread:185 - End of LoadServerUrlFiles without Thread
2023-08-07 13:39:42,383 [INFO] TargetSelectorAdapter:259 - Refresh data is successful
2023-08-07 13:41:08,512 [INFO] ApiDb:581 - Connected to CubeFinder SQLite database (/home/thales/.stmcufinder/plugins/mcufinder/mcu/cube-finder-db.db)
2023-08-07 13:41:08,857 [INFO] ApiDb:668 - CubeFinder database Data Model version=2.1
2023-08-07 13:41:08,858 [INFO] ApiDb:669 - CubeFinder database Configuration version=3.0.37
2023-08-07 13:41:08,859 [INFO] ApiDb:670 - CubeFinder database generation date=2023-07-31 (1690792719)
2023-08-07 13:41:08,860 [INFO] ApiDb:671 - CubeFinder database FW Pack versions=[FP-ATR-ASTRA1_V2.0.0, FP-SNS-FLIGHT1_V5.0.1, FP-SNS-FLIGHT1_V5.0.2, FP-SNS-MOTENV1_V4.3.1, FP-SNS-MOTENV1_V4.3.2, STM32Cube_FW_C0_V1.1.0, STM32Cube_FW_F4_V1.27.1, STM32Cube_FW_F7_V1.17.0, STM32Cube_FW_G0_V1.6.1, STM32Cube_FW_G4_V1.5.1, STM32Cube_FW_H5_V0.5.1, STM32Cube_FW_H5_V1.1.0, STM32Cube_FW_H7_V1.11.0, STM32Cube_FW_L0_V1.12.2, STM32Cube_FW_L5_V1.5.0, STM32Cube_FW_U5_V1.3.0, STM32Cube_FW_U5_V1.3.0RC4, STM32Cube_FW_WBA_V1.0.0RC1, STM32Cube_FW_WBA_V1.1.0, STM32Cube_FW_WBA_V1.1.0RC1, STM32Cube_FW_WB_V1.15.0RC1, STM32Cube_FW_WB_V1.16.0, STM32Cube_FW_WB_V1.16.0RC2, STM32Cube_FW_WB_V1.17.0, STM32Cube_FW_WL_V1.3.0, X-CUBE-ALGOBUILD_V1.3.0, X-CUBE-ALS_V1.0.1, X-CUBE-AZRTOS-F4_V1.1.0, X-CUBE-AZRTOS-F7_V1.1.0, X-CUBE-AZRTOS-G0_V1.1.0, X-CUBE-AZRTOS-G4_V2.0.0, X-CUBE-AZRTOS-H7_V3.1.0, X-CUBE-AZRTOS-L4_V1.0.0, X-CUBE-AZRTOS-L4_V2.0.0, X-CUBE-AZRTOS-L5_V1.1.0, X-CUBE-AZRTOS-WB_V1.1.0, X-CUBE-AZRTOS-WL_V2.0.0, X-CUBE-BLE1_V6.2.4, X-CUBE-BLE2_V3.3.0, X-CUBE-BLEMGR_V2.0.0, X-CUBE-EEPRMA1_V4.1.0, X-CUBE-FREERTOS_V1.0.1, X-CUBE-GNSS1_V6.0.0, X-CUBE-MEMS1_V9.1.0, X-CUBE-MEMS1_V9.4.0, X-CUBE-MEMS1_V9.6.0, X-CUBE-NFC4_V3.0.0, X-CUBE-NFC7_V1.0.0, X-CUBE-SFXS2LP1_V4.0.0, X-CUBE-SUBG2_V5.0.0]
2023-08-07 13:41:16,965 [INFO] ApiDb:240 - Found 297 in-development CPN: [B-G473E-ZEST1S, B-WB1M-WPAN1, B-WL5M-SUBG1, NUCLEO-C031C6, NUCLEO-H503RB, NUCLEO-H563ZI, NUCLEO-U545RE-Q, NUCLEO-U5A5ZJ-Q, NUCLEO-WBA52CG, STEVAL-PROTEUS1, STEVAL-STWINBX1, STM320518-EVAL, STM32C0116-DK, STM32C011D6Y3TR, STM32C011D6Y6TR, STM32C011F4P3, STM32C011F4P6, STM32C011F4U3, STM32C011F4U6TR, STM32C011F6P3, STM32C011F6P6, STM32C011F6U3, STM32C011F6U6TR, STM32C011J4M3, STM32C011J4M6, STM32C011J6M3, STM32C011J6M6, STM32C0316-DK, STM32C031C4T3, STM32C031C4T6, STM32C031C4U3, STM32C031C4U6, STM32C031C6T3, STM32C031C6T6, STM32C031C6U3, STM32C031C6U6, STM32C031F4P3, STM32C031F4P6, STM32C031F6P3, STM32C031F6P6, STM32C031G4U3, STM32C031G4U6, STM32C031G6U3, STM32C031G6U6, STM32C031K4T3, STM32C031K4T6, STM32C031K4U3, STM32C031K4U6, STM32C031K6T3, STM32C031K6T6, STM32C031K6U3, STM32C031K6U6, STM32G071K8TXN, STM32G071K8UXN, STM32G081GBU6N, STM32G081KBT6N, STM32G081KBUXN, STM32G0B1CCT6N, STM32G0B1KCT6, STM32G0B1NEY6TR, STM32G0B1RCT6N, STM32G0C1CCT6, STM32G0C1CCT6N, STM32G0C1CCU6N, STM32G0C1CET6N, STM32G0C1CEU6N, STM32G0C1KCT6, STM32G0C1NEY6TR, STM32G0C1RCI6N, STM32G0C1RCT6N, STM32G0C1REI6N, STM32G0C1RET6N, STM32G0C1VCI6, STM32G0C1VEI6, STM32G471CCT6, STM32G471CCU6, STM32G471CET3, STM32G471CET6, STM32G471CEU3, STM32G471CEU6, STM32G471MCT6, STM32G471MET3, STM32G471MET6, STM32G471MEY6TR, STM32G471QCT6, STM32G471QET3, STM32G471RCT6, STM32G471RET3, STM32G471RET6, STM32G471VCH6, STM32G471VCI6, STM32G471VCT6, STM32G471VEH3, STM32G471VEH6, STM32G471VEI3, STM32G471VEI6, STM32G471VET3, STM32G471VET6, STM32G474CCT6, STM32H503CBT6, STM32H503CBU6, STM32H503EBY6TR, STM32H503KBU6, STM32H503RBT6, STM32H562AGI6, STM32H562AII6, STM32H562IGK6, STM32H562IGT6, STM32H562IIK6, STM32H562IIT6, STM32H562RGT6, STM32H562RGV6, STM32H562RIT6, STM32H562RIV6, STM32H562VGT6, STM32H562VIT6, STM32H562ZGT6, STM32H562ZIT6, STM32H563AGI6, STM32H563AII3Q, STM32H563AII6, STM32H563IGK6, STM32H563IGT6, STM32H563IIK3Q, STM32H563IIK6, STM32H563IIT3Q, STM32H563IIT6, STM32H563MIY3QTR, STM32H563RGT6, STM32H563RGV6, STM32H563RIT6, STM32H563RIV6, STM32H563VGT6, STM32H563VIT3Q, STM32H563VIT6, STM32H563ZGT6, STM32H563ZIT3Q, STM32H563ZIT6, STM32H573AII3Q, STM32H573AII6, STM32H573I-DK, STM32H573IIK3Q, STM32H573IIK6, STM32H573IIT3Q, STM32H573IIT6, STM32H573MIY3QTR, STM32H573RIT6, STM32H573RIV6, STM32H573VIT3Q, STM32H573VIT6, STM32H573ZIT3Q, STM32H573ZIT6, STM32L4R5QGI6STR, STM32MP131AAE3, STM32MP131AAF3, STM32MP131AAG3, STM32MP131CAE3, STM32MP131CAF3, STM32MP131CAG3, STM32MP131DAE7, STM32MP131DAF7, STM32MP131DAG7, STM32MP131FAE7, STM32MP131FAF7, STM32MP131FAG7, STM32MP133AAE3, STM32MP133AAF3, STM32MP133AAG3, STM32MP133CAE3, STM32MP133CAF3, STM32MP133CAG3, STM32MP133DAE7, STM32MP133DAF7, STM32MP133DAG7, STM32MP133FAE7, STM32MP133FAF7, STM32MP133FAG7, STM32MP135AAE3, STM32MP135AAF3, STM32MP135AAG3, STM32MP135CAE3, STM32MP135CAF3, STM32MP135CAG3, STM32MP135DAE7, STM32MP135DAF7, STM32MP135DAG7, STM32MP135F-DK, STM32MP135FAE7, STM32MP135FAF7, STM32MP135FAF7T, STM32MP135FAF7U, STM32MP135FAG7, STM32U535CBT6, STM32U535CBT6Q, STM32U535CBU6, STM32U535CBU6Q, STM32U535CCT6, STM32U535CCT6Q, STM32U535CCU6, STM32U535CCU6Q, STM32U535CET6, STM32U535CET6Q, STM32U535CEU6, STM32U535CEU6Q, STM32U535JEY6QTR, STM32U535NCY6QTR, STM32U535NEY6QTR, STM32U535RBI6, STM32U535RBI6Q, STM32U535RBT6, STM32U535RBT6Q, STM32U535RCI6, STM32U535RCI6Q, STM32U535RCT6, STM32U535RCT6Q, STM32U535REI6, STM32U535REI6Q, STM32U535RET6, STM32U535RET6Q, STM32U535VCI6, STM32U535VCI6Q, STM32U535VCT6, STM32U535VCT6Q, STM32U535VEI6, STM32U535VEI6Q, STM32U535VET6, STM32U535VET6Q, STM32U545CET6, STM32U545CET6Q, STM32U545CEU6, STM32U545CEU6Q, STM32U545JEY6QTR, STM32U545NEY6QTR, STM32U545REI6, STM32U545REI6Q, STM32U545RET6, STM32U545RET6Q, STM32U545VEI6, STM32U545VEI6Q, STM32U545VET6, STM32U545VET6Q, STM32U595AIH6, STM32U595AIH6Q, STM32U595AJH6, STM32U595AJH6Q, STM32U595QII6, STM32U595QII6Q, STM32U595QJI6, STM32U595QJI6Q, STM32U595RIT6, STM32U595RIT6Q, STM32U595RJT6, STM32U595RJT6Q, STM32U595VIT6, STM32U595VIT6Q, STM32U595VJT6, STM32U595VJT6Q, STM32U595ZIT6, STM32U595ZIT6Q, STM32U595ZIY6QTR, STM32U595ZJT6, STM32U595ZJT6Q, STM32U595ZJY6QTR, STM32U599BJY6QTR, STM32U599NIH6Q, STM32U599NJH6Q, STM32U599VIT6Q, STM32U599VJT6, STM32U599VJT6Q, STM32U599ZIT6Q, STM32U599ZIY6QTR, STM32U599ZJT6Q, STM32U599ZJY6QTR, STM32U5A5AJH6, STM32U5A5AJH6Q, STM32U5A5QJI6, STM32U5A5QJI6Q, STM32U5A5RJT6, STM32U5A5RJT6Q, STM32U5A5VJT6, STM32U5A5VJT6Q, STM32U5A5ZJT6, STM32U5A5ZJT6Q, STM32U5A5ZJY6QTR, STM32U5A9BJY6QTR, STM32U5A9J-DK, STM32U5A9NJH6Q, STM32U5A9VJT6Q, STM32U5A9ZJT6Q, STM32U5A9ZJY6QTR, STM32WB1MMCH6, STM32WBA52CEU6, STM32WBA52CEU6T, STM32WBA52CGU6, STM32WBA52CGU6T, STM32WL5MOCH6, STM32WL5MOCH6TR]
2023-08-07 13:41:16,974 [INFO] DbMcus:216 - Found 3825 MCUs, 3825 are supported
2023-08-07 13:41:16,983 [INFO] ApiDb:423 - Load user favorites file /home/thales/.stm32cubeide/favorites.mcus.txt: 0 item(s)
2023-08-07 13:41:16,983 [INFO] ApiDb:427 - User favorites MCUs=[]
2023-08-07 13:41:16,984 [INFO] DbMcus:222 - Set 0 / 0 favorites MCUs
2023-08-07 13:41:18,164 [INFO] ApiDb:668 - CubeFinder database Data Model version=2.1
2023-08-07 13:41:18,164 [INFO] ApiDb:669 - CubeFinder database Configuration version=3.0.37
2023-08-07 13:41:18,165 [INFO] ApiDb:670 - CubeFinder database generation date=2023-07-31 (1690792719)
2023-08-07 13:41:18,165 [INFO] ApiDb:671 - CubeFinder database FW Pack versions=[FP-ATR-ASTRA1_V2.0.0, FP-SNS-FLIGHT1_V5.0.1, FP-SNS-FLIGHT1_V5.0.2, FP-SNS-MOTENV1_V4.3.1, FP-SNS-MOTENV1_V4.3.2, STM32Cube_FW_C0_V1.1.0, STM32Cube_FW_F4_V1.27.1, STM32Cube_FW_F7_V1.17.0, STM32Cube_FW_G0_V1.6.1, STM32Cube_FW_G4_V1.5.1, STM32Cube_FW_H5_V0.5.1, STM32Cube_FW_H5_V1.1.0, STM32Cube_FW_H7_V1.11.0, STM32Cube_FW_L0_V1.12.2, STM32Cube_FW_L5_V1.5.0, STM32Cube_FW_U5_V1.3.0, STM32Cube_FW_U5_V1.3.0RC4, STM32Cube_FW_WBA_V1.0.0RC1, STM32Cube_FW_WBA_V1.1.0, STM32Cube_FW_WBA_V1.1.0RC1, STM32Cube_FW_WB_V1.15.0RC1, STM32Cube_FW_WB_V1.16.0, STM32Cube_FW_WB_V1.16.0RC2, STM32Cube_FW_WB_V1.17.0, STM32Cube_FW_WL_V1.3.0, X-CUBE-ALGOBUILD_V1.3.0, X-CUBE-ALS_V1.0.1, X-CUBE-AZRTOS-F4_V1.1.0, X-CUBE-AZRTOS-F7_V1.1.0, X-CUBE-AZRTOS-G0_V1.1.0, X-CUBE-AZRTOS-G4_V2.0.0, X-CUBE-AZRTOS-H7_V3.1.0, X-CUBE-AZRTOS-L4_V1.0.0, X-CUBE-AZRTOS-L4_V2.0.0, X-CUBE-AZRTOS-L5_V1.1.0, X-CUBE-AZRTOS-WB_V1.1.0, X-CUBE-AZRTOS-WL_V2.0.0, X-CUBE-BLE1_V6.2.4, X-CUBE-BLE2_V3.3.0, X-CUBE-BLEMGR_V2.0.0, X-CUBE-EEPRMA1_V4.1.0, X-CUBE-FREERTOS_V1.0.1, X-CUBE-GNSS1_V6.0.0, X-CUBE-MEMS1_V9.1.0, X-CUBE-MEMS1_V9.4.0, X-CUBE-MEMS1_V9.6.0, X-CUBE-NFC4_V3.0.0, X-CUBE-NFC7_V1.0.0, X-CUBE-SFXS2LP1_V4.0.0, X-CUBE-SUBG2_V5.0.0]
2023-08-07 13:41:18,404 [INFO] DbBoardsSqlite:226 - include board P-NUCLEO-WB55-NUCLEO as a kit item of type 'Nucleo-64'
2023-08-07 13:41:18,404 [INFO] DbBoardsSqlite:226 - include board P-NUCLEO-WB55-USBDONGLE as a kit item of type 'Nucleo USB Dongle'
2023-08-07 13:41:18,405 [INFO] DbBoardsSqlite:226 - include board STEVAL-IDP005V1 as a kit item of type 'Evaluation Board'
2023-08-07 13:41:18,409 [INFO] DbBoardsSqlite:226 - include board STEVAL-IDP005V2 as a kit item of type 'Evaluation Board'
2023-08-07 13:41:18,544 [INFO] ApiDb:240 - Found 297 in-development CPN: [B-G473E-ZEST1S, B-WB1M-WPAN1, B-WL5M-SUBG1, NUCLEO-C031C6, NUCLEO-H503RB, NUCLEO-H563ZI, NUCLEO-U545RE-Q, NUCLEO-U5A5ZJ-Q, NUCLEO-WBA52CG, STEVAL-PROTEUS1, STEVAL-STWINBX1, STM320518-EVAL, STM32C0116-DK, STM32C011D6Y3TR, STM32C011D6Y6TR, STM32C011F4P3, STM32C011F4P6, STM32C011F4U3, STM32C011F4U6TR, STM32C011F6P3, STM32C011F6P6, STM32C011F6U3, STM32C011F6U6TR, STM32C011J4M3, STM32C011J4M6, STM32C011J6M3, STM32C011J6M6, STM32C0316-DK, STM32C031C4T3, STM32C031C4T6, STM32C031C4U3, STM32C031C4U6, STM32C031C6T3, STM32C031C6T6, STM32C031C6U3, STM32C031C6U6, STM32C031F4P3, STM32C031F4P6, STM32C031F6P3, STM32C031F6P6, STM32C031G4U3, STM32C031G4U6, STM32C031G6U3, STM32C031G6U6, STM32C031K4T3, STM32C031K4T6, STM32C031K4U3, STM32C031K4U6, STM32C031K6T3, STM32C031K6T6, STM32C031K6U3, STM32C031K6U6, STM32G071K8TXN, STM32G071K8UXN, STM32G081GBU6N, STM32G081KBT6N, STM32G081KBUXN, STM32G0B1CCT6N, STM32G0B1KCT6, STM32G0B1NEY6TR, STM32G0B1RCT6N, STM32G0C1CCT6, STM32G0C1CCT6N, STM32G0C1CCU6N, STM32G0C1CET6N, STM32G0C1CEU6N, STM32G0C1KCT6, STM32G0C1NEY6TR, STM32G0C1RCI6N, STM32G0C1RCT6N, STM32G0C1REI6N, STM32G0C1RET6N, STM32G0C1VCI6, STM32G0C1VEI6, STM32G471CCT6, STM32G471CCU6, STM32G471CET3, STM32G471CET6, STM32G471CEU3, STM32G471CEU6, STM32G471MCT6, STM32G471MET3, STM32G471MET6, STM32G471MEY6TR, STM32G471QCT6, STM32G471QET3, STM32G471RCT6, STM32G471RET3, STM32G471RET6, STM32G471VCH6, STM32G471VCI6, STM32G471VCT6, STM32G471VEH3, STM32G471VEH6, STM32G471VEI3, STM32G471VEI6, STM32G471VET3, STM32G471VET6, STM32G474CCT6, STM32H503CBT6, STM32H503CBU6, STM32H503EBY6TR, STM32H503KBU6, STM32H503RBT6, STM32H562AGI6, STM32H562AII6, STM32H562IGK6, STM32H562IGT6, STM32H562IIK6, STM32H562IIT6, STM32H562RGT6, STM32H562RGV6, STM32H562RIT6, STM32H562RIV6, STM32H562VGT6, STM32H562VIT6, STM32H562ZGT6, STM32H562ZIT6, STM32H563AGI6, STM32H563AII3Q, STM32H563AII6, STM32H563IGK6, STM32H563IGT6, STM32H563IIK3Q, STM32H563IIK6, STM32H563IIT3Q, STM32H563IIT6, STM32H563MIY3QTR, STM32H563RGT6, STM32H563RGV6, STM32H563RIT6, STM32H563RIV6, STM32H563VGT6, STM32H563VIT3Q, STM32H563VIT6, STM32H563ZGT6, STM32H563ZIT3Q, STM32H563ZIT6, STM32H573AII3Q, STM32H573AII6, STM32H573I-DK, STM32H573IIK3Q, STM32H573IIK6, STM32H573IIT3Q, STM32H573IIT6, STM32H573MIY3QTR, STM32H573RIT6, STM32H573RIV6, STM32H573VIT3Q, STM32H573VIT6, STM32H573ZIT3Q, STM32H573ZIT6, STM32L4R5QGI6STR, STM32MP131AAE3, STM32MP131AAF3, STM32MP131AAG3, STM32MP131CAE3, STM32MP131CAF3, STM32MP131CAG3, STM32MP131DAE7, STM32MP131DAF7, STM32MP131DAG7, STM32MP131FAE7, STM32MP131FAF7, STM32MP131FAG7, STM32MP133AAE3, STM32MP133AAF3, STM32MP133AAG3, STM32MP133CAE3, STM32MP133CAF3, STM32MP133CAG3, STM32MP133DAE7, STM32MP133DAF7, STM32MP133DAG7, STM32MP133FAE7, STM32MP133FAF7, STM32MP133FAG7, STM32MP135AAE3, STM32MP135AAF3, STM32MP135AAG3, STM32MP135CAE3, STM32MP135CAF3, STM32MP135CAG3, STM32MP135DAE7, STM32MP135DAF7, STM32MP135DAG7, STM32MP135F-DK, STM32MP135FAE7, STM32MP135FAF7, STM32MP135FAF7T, STM32MP135FAF7U, STM32MP135FAG7, STM32U535CBT6, STM32U535CBT6Q, STM32U535CBU6, STM32U535CBU6Q, STM32U535CCT6, STM32U535CCT6Q, STM32U535CCU6, STM32U535CCU6Q, STM32U535CET6, STM32U535CET6Q, STM32U535CEU6, STM32U535CEU6Q, STM32U535JEY6QTR, STM32U535NCY6QTR, STM32U535NEY6QTR, STM32U535RBI6, STM32U535RBI6Q, STM32U535RBT6, STM32U535RBT6Q, STM32U535RCI6, STM32U535RCI6Q, STM32U535RCT6, STM32U535RCT6Q, STM32U535REI6, STM32U535REI6Q, STM32U535RET6, STM32U535RET6Q, STM32U535VCI6, STM32U535VCI6Q, STM32U535VCT6, STM32U535VCT6Q, STM32U535VEI6, STM32U535VEI6Q, STM32U535VET6, STM32U535VET6Q, STM32U545CET6, STM32U545CET6Q, STM32U545CEU6, STM32U545CEU6Q, STM32U545JEY6QTR, STM32U545NEY6QTR, STM32U545REI6, STM32U545REI6Q, STM32U545RET6, STM32U545RET6Q, STM32U545VEI6, STM32U545VEI6Q, STM32U545VET6, STM32U545VET6Q, STM32U595AIH6, STM32U595AIH6Q, STM32U595AJH6, STM32U595AJH6Q, STM32U595QII6, STM32U595QII6Q, STM32U595QJI6, STM32U595QJI6Q, STM32U595RIT6, STM32U595RIT6Q, STM32U595RJT6, STM32U595RJT6Q, STM32U595VIT6, STM32U595VIT6Q, STM32U595VJT6, STM32U595VJT6Q, STM32U595ZIT6, STM32U595ZIT6Q, STM32U595ZIY6QTR, STM32U595ZJT6, STM32U595ZJT6Q, STM32U595ZJY6QTR, STM32U599BJY6QTR, STM32U599NIH6Q, STM32U599NJH6Q, STM32U599VIT6Q, STM32U599VJT6, STM32U599VJT6Q, STM32U599ZIT6Q, STM32U599ZIY6QTR, STM32U599ZJT6Q, STM32U599ZJY6QTR, STM32U5A5AJH6, STM32U5A5AJH6Q, STM32U5A5QJI6, STM32U5A5QJI6Q, STM32U5A5RJT6, STM32U5A5RJT6Q, STM32U5A5VJT6, STM32U5A5VJT6Q, STM32U5A5ZJT6, STM32U5A5ZJT6Q, STM32U5A5ZJY6QTR, STM32U5A9BJY6QTR, STM32U5A9J-DK, STM32U5A9NJH6Q, STM32U5A9VJT6Q, STM32U5A9ZJT6Q, STM32U5A9ZJY6QTR, STM32WB1MMCH6, STM32WBA52CEU6, STM32WBA52CEU6T, STM32WBA52CGU6, STM32WBA52CGU6T, STM32WL5MOCH6, STM32WL5MOCH6TR]
2023-08-07 13:41:18,897 [INFO] BoardInfo:880 - No configuration file found for board P-NUCLEO-WB55
2023-08-07 13:41:18,898 [INFO] DbBoards:157 - Kit is not supported: P-NUCLEO-WB55
2023-08-07 13:41:18,918 [INFO] BoardInfo:880 - No configuration file found for board STEVAL-BFA001V1B
2023-08-07 13:41:18,918 [INFO] DbBoards:157 - Kit is not supported: STEVAL-BFA001V1B
2023-08-07 13:41:18,922 [INFO] BoardInfo:880 - No configuration file found for board STEVAL-BFA001V2B
2023-08-07 13:41:18,922 [INFO] DbBoards:157 - Kit is not supported: STEVAL-BFA001V2B
2023-08-07 13:41:18,940 [INFO] BoardInfo:880 - No configuration file found for board STEVAL-SMARTAG2
2023-08-07 13:41:18,941 [INFO] DbBoards:157 - Board is not supported: STEVAL-SMARTAG2
2023-08-07 13:41:19,273 [INFO] DbBoards:161 - Found 188 boards, 184 are supported
2023-08-07 13:41:19,278 [INFO] ApiDb:423 - Load user favorites file /home/thales/.stm32cubeide/favorites.boards.txt: 1 item(s)
2023-08-07 13:41:19,279 [INFO] ApiDb:427 - User favorites Boards=[NUCLEO-F411RE]
2023-08-07 13:41:19,279 [INFO] DbBoards:190 - Set 1 / 1 favorites Boards
2023-08-07 13:41:19,288 [INFO] ApiDb:668 - CubeFinder database Data Model version=2.1
2023-08-07 13:41:19,288 [INFO] ApiDb:669 - CubeFinder database Configuration version=3.0.37
2023-08-07 13:41:19,288 [INFO] ApiDb:670 - CubeFinder database generation date=2023-07-31 (1690792719)
2023-08-07 13:41:19,289 [INFO] ApiDb:671 - CubeFinder database FW Pack versions=[FP-ATR-ASTRA1_V2.0.0, FP-SNS-FLIGHT1_V5.0.1, FP-SNS-FLIGHT1_V5.0.2, FP-SNS-MOTENV1_V4.3.1, FP-SNS-MOTENV1_V4.3.2, STM32Cube_FW_C0_V1.1.0, STM32Cube_FW_F4_V1.27.1, STM32Cube_FW_F7_V1.17.0, STM32Cube_FW_G0_V1.6.1, STM32Cube_FW_G4_V1.5.1, STM32Cube_FW_H5_V0.5.1, STM32Cube_FW_H5_V1.1.0, STM32Cube_FW_H7_V1.11.0, STM32Cube_FW_L0_V1.12.2, STM32Cube_FW_L5_V1.5.0, STM32Cube_FW_U5_V1.3.0, STM32Cube_FW_U5_V1.3.0RC4, STM32Cube_FW_WBA_V1.0.0RC1, STM32Cube_FW_WBA_V1.1.0, STM32Cube_FW_WBA_V1.1.0RC1, STM32Cube_FW_WB_V1.15.0RC1, STM32Cube_FW_WB_V1.16.0, STM32Cube_FW_WB_V1.16.0RC2, STM32Cube_FW_WB_V1.17.0, STM32Cube_FW_WL_V1.3.0, X-CUBE-ALGOBUILD_V1.3.0, X-CUBE-ALS_V1.0.1, X-CUBE-AZRTOS-F4_V1.1.0, X-CUBE-AZRTOS-F7_V1.1.0, X-CUBE-AZRTOS-G0_V1.1.0, X-CUBE-AZRTOS-G4_V2.0.0, X-CUBE-AZRTOS-H7_V3.1.0, X-CUBE-AZRTOS-L4_V1.0.0, X-CUBE-AZRTOS-L4_V2.0.0, X-CUBE-AZRTOS-L5_V1.1.0, X-CUBE-AZRTOS-WB_V1.1.0, X-CUBE-AZRTOS-WL_V2.0.0, X-CUBE-BLE1_V6.2.4, X-CUBE-BLE2_V3.3.0, X-CUBE-BLEMGR_V2.0.0, X-CUBE-EEPRMA1_V4.1.0, X-CUBE-FREERTOS_V1.0.1, X-CUBE-GNSS1_V6.0.0, X-CUBE-MEMS1_V9.1.0, X-CUBE-MEMS1_V9.4.0, X-CUBE-MEMS1_V9.6.0, X-CUBE-NFC4_V3.0.0, X-CUBE-NFC7_V1.0.0, X-CUBE-SFXS2LP1_V4.0.0, X-CUBE-SUBG2_V5.0.0]
2023-08-07 13:41:22,195 [INFO] DbExamplesSqlite:376 - Ignored 27 examples not supported by CubeIDE
2023-08-07 13:41:22,196 [INFO] DbExamplesSqlite:377 - Found 7176 examples active
2023-08-07 13:41:22,197 [INFO] DbExamplesSqlite:378 - Found 677 examples obsolete
2023-08-07 13:41:22,198 [INFO] DbExamplesSqlite:379 - Found 0 examples under development
2023-08-07 13:41:22,198 [INFO] DbExamplesSqlite:380 - Found 74 examples not building
2023-08-07 13:41:22,202 [INFO] DbExamples:125 - Found 7223 examples
2023-08-07 13:41:22,267 [ERROR] DbExamples:208 - Found 22 examples with invalid data (board or MCU)
2023-08-07 13:41:22,269 [INFO] DbExamples:222 - Found 91 boards with related examples
2023-08-07 13:41:22,271 [INFO] DbExamples:235 - Found 77 MCUs with related examples
2023-08-07 13:41:22,324 [INFO] ApiDb:423 - Load user favorites file /home/thales/.stm32cubeide/favorites.examples.txt: 0 item(s)
2023-08-07 13:41:22,324 [INFO] ApiDb:427 - User favorites Examples=[]
2023-08-07 13:41:22,325 [INFO] DbExamples:250 - Set 0 / 0 favorites Examples
2023-08-07 13:41:22,732 [INFO] McuFinderGlobals:66 - Set McuFinderConnectedMode to true
2023-08-07 13:41:22,754 [INFO] MultiScanPanel:200 - Auto-refresh data requested => check proxy status ongoing
2023-08-07 13:41:22,763 [INFO] FinderPluginLoader:95 - Searching for filters in installed packs
2023-08-07 13:41:26,731 [INFO] LoadUrlFilesThread:185 - End of LoadServerUrlFiles without Thread
2023-08-07 13:41:26,880 [INFO] DetailPanel:341 - Set advertising image to /home/thales/STM32Cube/Repository//en.prom-stm32h5-mcu-finder.jpg
2023-08-07 13:42:07,384 [INFO] McuFinderGlobals:66 - Set McuFinderConnectedMode to true
2023-08-07 13:42:07,742 [INFO] ApiDb:448 - Save user favorites file /home/thales/.stm32cubeide/favorites.mcus.txt: 0 item(s)
2023-08-07 13:42:07,742 [INFO] ApiDb:452 - User favorites MCUs=[]
2023-08-07 14:29:40,076 [INFO] Activator:176 - 


2023-08-07 14:29:40,079 [INFO] Activator:177 - !SESSION log4j initialized
2023-08-07 14:29:44,925 [INFO] LogOutputStream:77 - [STDOUT_REDIRECT] 
2023-08-07 14:30:06,270 [ERROR] LogOutputStream:75 - [STDERR_REDIRECT] SLF4J: Failed to load class "org.slf4j.impl.StaticLoggerBinder".
2023-08-07 14:30:06,271 [ERROR] LogOutputStream:75 - [STDERR_REDIRECT] SLF4J: Defaulting to no-operation (NOP) logger implementation
2023-08-07 14:30:06,271 [ERROR] LogOutputStream:75 - [STDERR_REDIRECT] SLF4J: See http://www.slf4j.org/codes.html#StaticLoggerBinder for further details.
2023-08-07 14:32:22,570 [INFO] ApplicationProperties:184 - Using Application install path: /opt/st/stm32cubeide_1.12.1/plugins/com.st.stm32cube.common.mx_6.8.1.202304191431
2023-08-07 14:32:22,603 [INFO] DbMcusXml:78 - Set database path to: /opt/st/stm32cubeide_1.12.1/plugins/com.st.stm32cube.common.mx_6.8.1.202304191431//db//mcu/
2023-08-07 14:32:22,604 [INFO] ApiDb:274 - Set plugin database path to: /opt/st/stm32cubeide_1.12.1/plugins/com.st.stm32cube.common.mx_6.8.1.202304191431//db//plugins/boardmanager/
2023-08-07 14:32:22,608 [WARN] ApiDb:259 - Overriding images path with different value:  => /opt/st/stm32cubeide_1.12.1/plugins/com.st.stm32cube.common.mx_6.8.1.202304191431//db//plugins/mcufinder/images/
2023-08-07 14:32:22,633 [INFO] ApiDb:250 - Set database path to: /home/thales/.stmcufinder/plugins/mcufinder//mcu/
2023-08-07 14:32:22,635 [INFO] DbMcusAds:125 - Set database path to: /home/thales/.stmcufinder/plugins/mcufinder//mcu/
2023-08-07 14:32:22,887 [INFO] CrossReferenceDbSqlite:203 - Set database path to: /home/thales/.stmcufinder/plugins/mcufinder//mcu/cs/
2023-08-07 14:32:23,011 [INFO] RulesReader:64 - Compatibility file has been processed (293 Rules)
2023-08-07 14:32:23,078 [INFO] DbMcusXml:78 - Set database path to: /opt/st/stm32cubeide_1.12.1/plugins/com.st.stm32cube.common.mx_6.8.1.202304191431//db//mcu/
2023-08-07 14:32:23,078 [INFO] ApiDb:274 - Set plugin database path to: /opt/st/stm32cubeide_1.12.1/plugins/com.st.stm32cube.common.mx_6.8.1.202304191431//db//plugins/boardmanager/
2023-08-07 14:32:23,078 [INFO] ApiDb:261 - Set plugin images path to: /opt/st/stm32cubeide_1.12.1/plugins/com.st.stm32cube.common.mx_6.8.1.202304191431//db//plugins/mcufinder/images/
2023-08-07 14:32:23,079 [WARN] DbFile:41 - Overriding database path with different value: /home/thales/.stmcufinder/plugins/mcufinder/ => /home/thales/.stmcufinder/plugins/mcufinder
2023-08-07 14:32:23,079 [INFO] ApiDb:250 - Set database path to: /home/thales/.stmcufinder/plugins/mcufinder//mcu/
2023-08-07 14:32:23,079 [WARN] DbFile:41 - Overriding database path with different value: /home/thales/.stmcufinder/plugins/mcufinder/ => /home/thales/.stmcufinder/plugins/mcufinder
2023-08-07 14:32:23,079 [INFO] DbMcusAds:125 - Set database path to: /home/thales/.stmcufinder/plugins/mcufinder//mcu/
2023-08-07 14:32:23,079 [WARN] DbFile:41 - Overriding database path with different value: /home/thales/.stmcufinder/plugins/mcufinder/ => /home/thales/.stmcufinder/plugins/mcufinder
2023-08-07 14:32:23,079 [WARN] DbFile:41 - Overriding database path with different value: /home/thales/.stmcufinder/plugins/mcufinder/ => /home/thales/.stmcufinder/plugins/mcufinder
2023-08-07 14:32:23,079 [INFO] CrossReferenceDbSqlite:203 - Set database path to: /home/thales/.stmcufinder/plugins/mcufinder//mcu/cs/
2023-08-07 14:32:23,175 [INFO] MainPanel:253 - HeapMemory: 471859200
2023-08-07 14:32:23,274 [INFO] DbMcusXml:78 - Set database path to: /opt/st/stm32cubeide_1.12.1/plugins/com.st.stm32cube.common.mx_6.8.1.202304191431//db//mcu/
2023-08-07 14:32:23,274 [INFO] ApiDb:274 - Set plugin database path to: /opt/st/stm32cubeide_1.12.1/plugins/com.st.stm32cube.common.mx_6.8.1.202304191431//db//plugins/boardmanager/
2023-08-07 14:32:23,274 [INFO] ApiDb:261 - Set plugin images path to: /opt/st/stm32cubeide_1.12.1/plugins/com.st.stm32cube.common.mx_6.8.1.202304191431//db//plugins/mcufinder/images/
2023-08-07 14:32:23,275 [WARN] DbFile:41 - Overriding database path with different value: /home/thales/.stmcufinder/plugins/mcufinder/ => /home/thales/.stmcufinder/plugins/mcufinder
2023-08-07 14:32:23,275 [INFO] ApiDb:250 - Set database path to: /home/thales/.stmcufinder/plugins/mcufinder//mcu/
2023-08-07 14:32:23,275 [WARN] DbFile:41 - Overriding database path with different value: /home/thales/.stmcufinder/plugins/mcufinder/ => /home/thales/.stmcufinder/plugins/mcufinder
2023-08-07 14:32:23,276 [INFO] DbMcusAds:125 - Set database path to: /home/thales/.stmcufinder/plugins/mcufinder//mcu/
2023-08-07 14:32:23,276 [WARN] DbFile:41 - Overriding database path with different value: /home/thales/.stmcufinder/plugins/mcufinder/ => /home/thales/.stmcufinder/plugins/mcufinder
2023-08-07 14:32:23,276 [WARN] DbFile:41 - Overriding database path with different value: /home/thales/.stmcufinder/plugins/mcufinder/ => /home/thales/.stmcufinder/plugins/mcufinder
2023-08-07 14:32:23,276 [INFO] CrossReferenceDbSqlite:203 - Set database path to: /home/thales/.stmcufinder/plugins/mcufinder//mcu/cs/
2023-08-07 14:32:23,303 [INFO] ApplicationProperties:184 - Using Application install path: /opt/st/stm32cubeide_1.12.1/plugins/com.st.stm32cube.common.mx_6.8.1.202304191431
2023-08-07 14:32:23,305 [INFO] PluginManage:196 - Search for loadable plugins [exclusion list=, ]
2023-08-07 14:32:23,306 [INFO] PluginManage:310 - Check plugin analytics
2023-08-07 14:32:23,445 [INFO] AnalyticsPlugin:253 - Accepted Software Licenses: 
2023-08-07 14:32:23,445 [INFO] AnalyticsPlugin:255 - Accepted CMSIS Pack Licenses: 
2023-08-07 14:32:23,445 [INFO] AnalyticsPlugin:257 - Accepted Firmware Licenses: FW.F4.1.27.0
2023-08-07 14:32:23,455 [INFO] PluginManage:359 - Loaded plugin analytics (category:tool,tabindex:-1)
2023-08-07 14:32:23,456 [INFO] PluginManage:310 - Check plugin cadmodel
2023-08-07 14:32:23,512 [INFO] CADModel:105 - Init CAD model plugin
2023-08-07 14:32:23,512 [INFO] PluginManage:359 - Loaded plugin cadmodel (category:power,tabindex:5)
2023-08-07 14:32:23,512 [INFO] PluginManage:310 - Check plugin clock
2023-08-07 14:32:23,528 [INFO] PluginManage:359 - Loaded plugin clock (category:base,tabindex:2)
2023-08-07 14:32:23,528 [INFO] PluginManage:310 - Check plugin ddr
2023-08-07 14:32:23,531 [INFO] PluginManage:359 - Loaded plugin ddr (category:tool,tabindex:6)
2023-08-07 14:32:23,531 [INFO] PluginManage:310 - Check plugin filemanager
2023-08-07 14:32:23,699 [INFO] PluginManage:359 - Loaded plugin filemanager (category:base,tabindex:10)
2023-08-07 14:32:23,699 [INFO] PluginManage:310 - Check plugin ipmanager
2023-08-07 14:32:23,710 [INFO] PluginManage:359 - Loaded plugin ipmanager (category:base,tabindex:5)
2023-08-07 14:32:23,710 [INFO] PluginManage:310 - Check plugin lpbam
2023-08-07 14:32:23,725 [INFO] PluginManage:359 - Loaded plugin lpbam (category:base,tabindex:0)
2023-08-07 14:32:23,726 [INFO] PluginManage:310 - Check plugin pinoutandconfiguration
2023-08-07 14:32:23,738 [INFO] PluginManage:359 - Loaded plugin pinoutandconfiguration (category:base,tabindex:1)
2023-08-07 14:32:23,738 [INFO] PluginManage:310 - Check plugin pinoutconfig
2023-08-07 14:32:23,841 [WARN] SupportedApi:132 - Cannot load RTOS API schema: s4s-elt-must-match.1: The content of 'definitions' must match (annotation?, (simpleType | complexType)?, (unique | key | keyref)*)). A problem was found starting at: attribute.
2023-08-07 14:32:24,015 [INFO] PluginManage:359 - Loaded plugin pinoutconfig (category:base,tabindex:0)
2023-08-07 14:32:24,015 [INFO] PluginManage:310 - Check plugin power
2023-08-07 14:32:24,030 [INFO] PluginManage:359 - Loaded plugin power (category:power,tabindex:4)
2023-08-07 14:32:24,030 [INFO] PluginManage:310 - Check plugin projectmanager
2023-08-07 14:32:24,046 [INFO] PluginManage:359 - Loaded plugin projectmanager (category:projectmanager,tabindex:3)
2023-08-07 14:32:24,046 [INFO] PluginManage:310 - Check plugin thirdparty
2023-08-07 14:32:24,186 [INFO] PluginManage:359 - Loaded plugin thirdparty (category:base,tabindex:-1)
2023-08-07 14:32:24,186 [WARN] IntegrityCheckThread:84 - waiting for thirdparty lock release [integrity check]
2023-08-07 14:32:24,187 [INFO] PluginManage:310 - Check plugin tools
2023-08-07 14:32:24,187 [INFO] IntegrityCheckThread:86 - entering critical section [integrity check]
2023-08-07 14:32:24,189 [INFO] PluginManage:359 - Loaded plugin tools (category:base,tabindex:7)
2023-08-07 14:32:24,190 [INFO] PluginManage:310 - Check plugin tutovideos
2023-08-07 14:32:24,190 [INFO] ThirdPartyUpdaterWithRetryManager:70 - Updater plugin not ready yet. [1/15]
2023-08-07 14:32:24,414 [INFO] PluginManage:359 - Loaded plugin tutovideos (category:base,tabindex:-1)
2023-08-07 14:32:24,414 [INFO] PluginManage:310 - Check plugin updater
2023-08-07 14:32:24,437 [INFO] PluginManage:359 - Loaded plugin updater (category:base,tabindex:12)
2023-08-07 14:32:24,438 [INFO] PluginManage:283 - PluginManage : Loaded plugins [15]
2023-08-07 14:32:24,764 [INFO] PinOutPanel:1499 - setPackage(No Configuration,No Configuration)
2023-08-07 14:32:24,838 [INFO] CADModel:165 - CPN selected for project level
2023-08-07 14:32:24,838 [INFO] CADModel:114 - Register for checkConnection events
2023-08-07 14:32:24,852 [INFO] IPUIPlugin:80 - create IPUIPlugin
2023-08-07 14:32:24,852 [INFO] PluginManager:220 - loadIPPluginJar : add quadspi
2023-08-07 14:32:24,858 [INFO] IPUIPlugin:80 - create IPUIPlugin
2023-08-07 14:32:24,858 [INFO] PluginManager:220 - loadIPPluginJar : add gfxmmu
2023-08-07 14:32:24,863 [INFO] IPUIPlugin:80 - create IPUIPlugin
2023-08-07 14:32:24,864 [INFO] PluginManager:220 - loadIPPluginJar : add gpio
2023-08-07 14:32:24,868 [INFO] IPUIPlugin:80 - create IPUIPlugin
2023-08-07 14:32:24,868 [INFO] PluginManager:220 - loadIPPluginJar : add ipddr
2023-08-07 14:32:24,871 [INFO] IPUIPlugin:80 - create IPUIPlugin
2023-08-07 14:32:24,871 [INFO] PluginManager:220 - loadIPPluginJar : add dfsdm
2023-08-07 14:32:24,872 [INFO] IPUIPlugin:80 - create IPUIPlugin
2023-08-07 14:32:24,872 [INFO] PluginManager:220 - loadIPPluginJar : add ltdc
2023-08-07 14:32:24,876 [INFO] IPUIPlugin:80 - create IPUIPlugin
2023-08-07 14:32:24,877 [INFO] PluginManager:220 - loadIPPluginJar : add nvic
2023-08-07 14:32:24,879 [INFO] IPUIPlugin:80 - create IPUIPlugin
2023-08-07 14:32:24,879 [INFO] PluginManager:220 - loadIPPluginJar : add ts
2023-08-07 14:32:24,886 [INFO] IPUIPlugin:80 - create IPUIPlugin
2023-08-07 14:32:24,886 [INFO] PluginManager:220 - loadIPPluginJar : add gic
2023-08-07 14:32:24,889 [INFO] IPUIPlugin:80 - create IPUIPlugin
2023-08-07 14:32:24,889 [INFO] PluginManager:220 - loadIPPluginJar : add aes
2023-08-07 14:32:24,894 [INFO] IPUIPlugin:80 - create IPUIPlugin
2023-08-07 14:32:24,895 [INFO] PluginManager:220 - loadIPPluginJar : add opamp
2023-08-07 14:32:24,902 [INFO] IPUIPlugin:80 - create IPUIPlugin
2023-08-07 14:32:24,902 [INFO] PluginManager:220 - loadIPPluginJar : add adc
2023-08-07 14:32:24,905 [INFO] IPUIPlugin:80 - create IPUIPlugin
2023-08-07 14:32:24,905 [INFO] PluginManager:220 - loadIPPluginJar : add pdm2pcm
2023-08-07 14:32:24,911 [INFO] IPUIPlugin:80 - create IPUIPlugin
2023-08-07 14:32:24,911 [INFO] PluginManager:220 - loadIPPluginJar : add stm32_wpan
2023-08-07 14:32:24,914 [INFO] IPUIPlugin:80 - create IPUIPlugin
2023-08-07 14:32:24,914 [INFO] PluginManager:220 - loadIPPluginJar : add tracer_emb
2023-08-07 14:32:24,917 [INFO] IPUIPlugin:80 - create IPUIPlugin
2023-08-07 14:32:24,917 [INFO] PluginManager:220 - loadIPPluginJar : add i2s
2023-08-07 14:32:24,920 [INFO] IPUIPlugin:80 - create IPUIPlugin
2023-08-07 14:32:24,920 [INFO] PluginManager:220 - loadIPPluginJar : add i2c
2023-08-07 14:32:24,929 [INFO] IPUIPlugin:80 - create IPUIPlugin
2023-08-07 14:32:24,929 [INFO] PluginManager:220 - loadIPPluginJar : add linkedlist
2023-08-07 14:32:24,932 [INFO] IPUIPlugin:80 - create IPUIPlugin
2023-08-07 14:32:24,932 [INFO] PluginManager:220 - loadIPPluginJar : add hash
2023-08-07 14:32:24,935 [INFO] IPUIPlugin:80 - create IPUIPlugin
2023-08-07 14:32:24,935 [INFO] PluginManager:220 - loadIPPluginJar : add touchsensing
2023-08-07 14:32:24,937 [INFO] IPUIPlugin:80 - create IPUIPlugin
2023-08-07 14:32:24,937 [INFO] PluginManager:220 - loadIPPluginJar : add ucpd
2023-08-07 14:32:24,939 [INFO] IPUIPlugin:80 - create IPUIPlugin
2023-08-07 14:32:24,939 [INFO] PluginManager:220 - loadIPPluginJar : add fatfs
2023-08-07 14:32:24,942 [INFO] IPUIPlugin:80 - create IPUIPlugin
2023-08-07 14:32:24,942 [INFO] PluginManager:220 - loadIPPluginJar : add i3c
2023-08-07 14:32:24,944 [INFO] IPUIPlugin:80 - create IPUIPlugin
2023-08-07 14:32:24,944 [INFO] PluginManager:220 - loadIPPluginJar : add tsc
2023-08-07 14:32:24,952 [INFO] IPUIPlugin:80 - create IPUIPlugin
2023-08-07 14:32:24,952 [INFO] PluginManager:220 - loadIPPluginJar : add freertos
2023-08-07 14:32:24,964 [INFO] IPUIPlugin:80 - create IPUIPlugin
2023-08-07 14:32:24,969 [INFO] PluginManager:220 - loadIPPluginJar : add plateformsettings
2023-08-07 14:32:24,971 [INFO] IPUIPlugin:80 - create IPUIPlugin
2023-08-07 14:32:24,971 [INFO] PluginManager:220 - loadIPPluginJar : add comp
2023-08-07 14:32:24,974 [INFO] IPUIPlugin:80 - create IPUIPlugin
2023-08-07 14:32:24,975 [INFO] PluginManager:220 - loadIPPluginJar : add usbx
2023-08-07 14:32:24,978 [INFO] IPUIPlugin:80 - create IPUIPlugin
2023-08-07 14:32:24,978 [INFO] PluginManager:220 - loadIPPluginJar : add usart
2023-08-07 14:32:24,981 [INFO] IPUIPlugin:80 - create IPUIPlugin
2023-08-07 14:32:24,982 [INFO] PluginManager:220 - loadIPPluginJar : add can
2023-08-07 14:32:24,986 [INFO] IPUIPlugin:80 - create IPUIPlugin
2023-08-07 14:32:24,986 [INFO] PluginManager:220 - loadIPPluginJar : add gtzc
2023-08-07 14:32:24,990 [INFO] IPUIPlugin:80 - create IPUIPlugin
2023-08-07 14:32:24,990 [INFO] PluginManager:220 - loadIPPluginJar : add lorawan
2023-08-07 14:32:24,992 [INFO] IPUIPlugin:80 - create IPUIPlugin
2023-08-07 14:32:24,992 [INFO] PluginManager:220 - loadIPPluginJar : add genericplugin
2023-08-07 14:32:25,000 [INFO] IPUIPlugin:80 - create IPUIPlugin
2023-08-07 14:32:25,000 [INFO] PluginManager:220 - loadIPPluginJar : add mdma
2023-08-07 14:32:25,003 [INFO] IPUIPlugin:80 - create IPUIPlugin
2023-08-07 14:32:25,004 [INFO] PluginManager:220 - loadIPPluginJar : add cryp
2023-08-07 14:32:25,007 [INFO] IPUIPlugin:80 - create IPUIPlugin
2023-08-07 14:32:25,007 [INFO] PluginManager:220 - loadIPPluginJar : add spi
2023-08-07 14:32:25,011 [INFO] IPUIPlugin:80 - create IPUIPlugin
2023-08-07 14:32:25,012 [INFO] PluginManager:220 - loadIPPluginJar : add dma3
2023-08-07 14:32:25,017 [INFO] IPUIPlugin:80 - create IPUIPlugin
2023-08-07 14:32:25,017 [INFO] PluginManager:220 - loadIPPluginJar : add sai
2023-08-07 14:32:25,022 [INFO] IPUIPlugin:80 - create IPUIPlugin
2023-08-07 14:32:25,023 [INFO] PluginManager:220 - loadIPPluginJar : add openamp
2023-08-07 14:32:25,033 [INFO] IPUIPlugin:80 - create IPUIPlugin
2023-08-07 14:32:25,033 [INFO] PluginManager:220 - loadIPPluginJar : add dma
2023-08-07 14:32:25,037 [INFO] IPUIPlugin:80 - create IPUIPlugin
2023-08-07 14:32:25,038 [INFO] PluginManager:220 - loadIPPluginJar : add resmgrutility
2023-08-07 14:32:25,043 [INFO] IPUIPlugin:80 - create IPUIPlugin
2023-08-07 14:32:25,044 [INFO] PluginManager:220 - loadIPPluginJar : add fmc
2023-08-07 14:32:25,046 [INFO] IPUIPlugin:80 - create IPUIPlugin
2023-08-07 14:32:25,046 [INFO] PluginManager:220 - loadIPPluginJar : add tim
2023-08-07 14:32:25,156 [INFO] CADModel:165 - CPN selected for project level
2023-08-07 14:32:25,156 [INFO] CADModel:114 - Register for checkConnection events
2023-08-07 14:32:25,156 [FATAL] Updater:308 - Updater called before beeing initialized
2023-08-07 14:32:25,156 [ERROR] CADModel:125 - Updater not yet initialized, retry later 
2023-08-07 14:32:25,306 [INFO] CADModel:165 - CPN selected for project level
2023-08-07 14:32:25,306 [INFO] CADModel:114 - Register for checkConnection events
2023-08-07 14:32:25,306 [FATAL] Updater:308 - Updater called before beeing initialized
2023-08-07 14:32:25,306 [ERROR] CADModel:125 - Updater not yet initialized, retry later 
2023-08-07 14:32:25,309 [FATAL] Updater:308 - Updater called before beeing initialized
2023-08-07 14:32:25,417 [FATAL] Updater:308 - Updater called before beeing initialized
2023-08-07 14:32:25,427 [INFO] DbMcusAds:53 - JSON generation date=Tue Mar 07 04:50:55 AMT 2023 (1678179055114)
2023-08-07 14:32:25,427 [FATAL] Updater:308 - Updater called before beeing initialized
2023-08-07 14:32:25,495 [WARN] DetailPanel:346 - Failed to get advertising image, set to default
2023-08-07 14:32:25,608 [FATAL] Updater:308 - Updater called before beeing initialized
2023-08-07 14:32:25,610 [FATAL] Updater:308 - Updater called before beeing initialized
2023-08-07 14:32:25,610 [FATAL] Updater:308 - Updater called before beeing initialized
2023-08-07 14:32:25,610 [WARN] DetailPanel:346 - Failed to get advertising image, set to default
2023-08-07 14:32:25,610 [FATAL] Updater:308 - Updater called before beeing initialized
2023-08-07 14:32:25,638 [ERROR] Updater:1120 - MainUpdater not yet initialized. External WinMGr cannot be set.
2023-08-07 14:32:25,639 [INFO] Updater:1056 - Updater Version found : 6.8.1
2023-08-07 14:32:25,675 [INFO] ApplicationProperties:184 - Using Application install path: /opt/st/stm32cubeide_1.12.1/plugins/com.st.stm32cube.common.mx_6.8.1.202304191431
2023-08-07 14:32:25,803 [INFO] MainUpdater:2854 - connection check result : 10
2023-08-07 14:32:25,804 [INFO] MainUpdater:283 - Updater Check For Update Now.
2023-08-07 14:32:25,804 [INFO] MicroXplorer:498 - Change Database Version : DB.6.0.81
2023-08-07 14:32:25,963 [INFO] CheckServerUpdateThread:120 - End of CheckServer Thread
2023-08-07 14:32:26,013 [INFO] MainUpdater:2854 - connection check result : 10
2023-08-07 14:32:26,441 [INFO] ApiDb:581 - Connected to CubeFinder SQLite database (/home/thales/.stmcufinder/plugins/mcufinder/mcu/cube-finder-db.db)
2023-08-07 14:32:26,543 [INFO] ApiDb:668 - CubeFinder database Data Model version=2.1
2023-08-07 14:32:26,543 [INFO] ApiDb:669 - CubeFinder database Configuration version=3.0.37
2023-08-07 14:32:26,543 [INFO] ApiDb:670 - CubeFinder database generation date=2023-07-31 (1690792719)
2023-08-07 14:32:26,543 [INFO] ApiDb:671 - CubeFinder database FW Pack versions=[FP-ATR-ASTRA1_V2.0.0, FP-SNS-FLIGHT1_V5.0.1, FP-SNS-FLIGHT1_V5.0.2, FP-SNS-MOTENV1_V4.3.1, FP-SNS-MOTENV1_V4.3.2, STM32Cube_FW_C0_V1.1.0, STM32Cube_FW_F4_V1.27.1, STM32Cube_FW_F7_V1.17.0, STM32Cube_FW_G0_V1.6.1, STM32Cube_FW_G4_V1.5.1, STM32Cube_FW_H5_V0.5.1, STM32Cube_FW_H5_V1.1.0, STM32Cube_FW_H7_V1.11.0, STM32Cube_FW_L0_V1.12.2, STM32Cube_FW_L5_V1.5.0, STM32Cube_FW_U5_V1.3.0, STM32Cube_FW_U5_V1.3.0RC4, STM32Cube_FW_WBA_V1.0.0RC1, STM32Cube_FW_WBA_V1.1.0, STM32Cube_FW_WBA_V1.1.0RC1, STM32Cube_FW_WB_V1.15.0RC1, STM32Cube_FW_WB_V1.16.0, STM32Cube_FW_WB_V1.16.0RC2, STM32Cube_FW_WB_V1.17.0, STM32Cube_FW_WL_V1.3.0, X-CUBE-ALGOBUILD_V1.3.0, X-CUBE-ALS_V1.0.1, X-CUBE-AZRTOS-F4_V1.1.0, X-CUBE-AZRTOS-F7_V1.1.0, X-CUBE-AZRTOS-G0_V1.1.0, X-CUBE-AZRTOS-G4_V2.0.0, X-CUBE-AZRTOS-H7_V3.1.0, X-CUBE-AZRTOS-L4_V1.0.0, X-CUBE-AZRTOS-L4_V2.0.0, X-CUBE-AZRTOS-L5_V1.1.0, X-CUBE-AZRTOS-WB_V1.1.0, X-CUBE-AZRTOS-WL_V2.0.0, X-CUBE-BLE1_V6.2.4, X-CUBE-BLE2_V3.3.0, X-CUBE-BLEMGR_V2.0.0, X-CUBE-EEPRMA1_V4.1.0, X-CUBE-FREERTOS_V1.0.1, X-CUBE-GNSS1_V6.0.0, X-CUBE-MEMS1_V9.1.0, X-CUBE-MEMS1_V9.4.0, X-CUBE-MEMS1_V9.6.0, X-CUBE-NFC4_V3.0.0, X-CUBE-NFC7_V1.0.0, X-CUBE-SFXS2LP1_V4.0.0, X-CUBE-SUBG2_V5.0.0]
2023-08-07 14:32:26,706 [INFO] DbBoardsSqlite:226 - include board P-NUCLEO-WB55-NUCLEO as a kit item of type 'Nucleo-64'
2023-08-07 14:32:26,707 [INFO] DbBoardsSqlite:226 - include board P-NUCLEO-WB55-USBDONGLE as a kit item of type 'Nucleo USB Dongle'
2023-08-07 14:32:26,710 [INFO] DbBoardsSqlite:226 - include board STEVAL-IDP005V1 as a kit item of type 'Evaluation Board'
2023-08-07 14:32:26,710 [INFO] DbBoardsSqlite:226 - include board STEVAL-IDP005V2 as a kit item of type 'Evaluation Board'
2023-08-07 14:32:26,853 [INFO] ApiDb:240 - Found 297 in-development CPN: [B-G473E-ZEST1S, B-WB1M-WPAN1, B-WL5M-SUBG1, NUCLEO-C031C6, NUCLEO-H503RB, NUCLEO-H563ZI, NUCLEO-U545RE-Q, NUCLEO-U5A5ZJ-Q, NUCLEO-WBA52CG, STEVAL-PROTEUS1, STEVAL-STWINBX1, STM320518-EVAL, STM32C0116-DK, STM32C011D6Y3TR, STM32C011D6Y6TR, STM32C011F4P3, STM32C011F4P6, STM32C011F4U3, STM32C011F4U6TR, STM32C011F6P3, STM32C011F6P6, STM32C011F6U3, STM32C011F6U6TR, STM32C011J4M3, STM32C011J4M6, STM32C011J6M3, STM32C011J6M6, STM32C0316-DK, STM32C031C4T3, STM32C031C4T6, STM32C031C4U3, STM32C031C4U6, STM32C031C6T3, STM32C031C6T6, STM32C031C6U3, STM32C031C6U6, STM32C031F4P3, STM32C031F4P6, STM32C031F6P3, STM32C031F6P6, STM32C031G4U3, STM32C031G4U6, STM32C031G6U3, STM32C031G6U6, STM32C031K4T3, STM32C031K4T6, STM32C031K4U3, STM32C031K4U6, STM32C031K6T3, STM32C031K6T6, STM32C031K6U3, STM32C031K6U6, STM32G071K8TXN, STM32G071K8UXN, STM32G081GBU6N, STM32G081KBT6N, STM32G081KBUXN, STM32G0B1CCT6N, STM32G0B1KCT6, STM32G0B1NEY6TR, STM32G0B1RCT6N, STM32G0C1CCT6, STM32G0C1CCT6N, STM32G0C1CCU6N, STM32G0C1CET6N, STM32G0C1CEU6N, STM32G0C1KCT6, STM32G0C1NEY6TR, STM32G0C1RCI6N, STM32G0C1RCT6N, STM32G0C1REI6N, STM32G0C1RET6N, STM32G0C1VCI6, STM32G0C1VEI6, STM32G471CCT6, STM32G471CCU6, STM32G471CET3, STM32G471CET6, STM32G471CEU3, STM32G471CEU6, STM32G471MCT6, STM32G471MET3, STM32G471MET6, STM32G471MEY6TR, STM32G471QCT6, STM32G471QET3, STM32G471RCT6, STM32G471RET3, STM32G471RET6, STM32G471VCH6, STM32G471VCI6, STM32G471VCT6, STM32G471VEH3, STM32G471VEH6, STM32G471VEI3, STM32G471VEI6, STM32G471VET3, STM32G471VET6, STM32G474CCT6, STM32H503CBT6, STM32H503CBU6, STM32H503EBY6TR, STM32H503KBU6, STM32H503RBT6, STM32H562AGI6, STM32H562AII6, STM32H562IGK6, STM32H562IGT6, STM32H562IIK6, STM32H562IIT6, STM32H562RGT6, STM32H562RGV6, STM32H562RIT6, STM32H562RIV6, STM32H562VGT6, STM32H562VIT6, STM32H562ZGT6, STM32H562ZIT6, STM32H563AGI6, STM32H563AII3Q, STM32H563AII6, STM32H563IGK6, STM32H563IGT6, STM32H563IIK3Q, STM32H563IIK6, STM32H563IIT3Q, STM32H563IIT6, STM32H563MIY3QTR, STM32H563RGT6, STM32H563RGV6, STM32H563RIT6, STM32H563RIV6, STM32H563VGT6, STM32H563VIT3Q, STM32H563VIT6, STM32H563ZGT6, STM32H563ZIT3Q, STM32H563ZIT6, STM32H573AII3Q, STM32H573AII6, STM32H573I-DK, STM32H573IIK3Q, STM32H573IIK6, STM32H573IIT3Q, STM32H573IIT6, STM32H573MIY3QTR, STM32H573RIT6, STM32H573RIV6, STM32H573VIT3Q, STM32H573VIT6, STM32H573ZIT3Q, STM32H573ZIT6, STM32L4R5QGI6STR, STM32MP131AAE3, STM32MP131AAF3, STM32MP131AAG3, STM32MP131CAE3, STM32MP131CAF3, STM32MP131CAG3, STM32MP131DAE7, STM32MP131DAF7, STM32MP131DAG7, STM32MP131FAE7, STM32MP131FAF7, STM32MP131FAG7, STM32MP133AAE3, STM32MP133AAF3, STM32MP133AAG3, STM32MP133CAE3, STM32MP133CAF3, STM32MP133CAG3, STM32MP133DAE7, STM32MP133DAF7, STM32MP133DAG7, STM32MP133FAE7, STM32MP133FAF7, STM32MP133FAG7, STM32MP135AAE3, STM32MP135AAF3, STM32MP135AAG3, STM32MP135CAE3, STM32MP135CAF3, STM32MP135CAG3, STM32MP135DAE7, STM32MP135DAF7, STM32MP135DAG7, STM32MP135F-DK, STM32MP135FAE7, STM32MP135FAF7, STM32MP135FAF7T, STM32MP135FAF7U, STM32MP135FAG7, STM32U535CBT6, STM32U535CBT6Q, STM32U535CBU6, STM32U535CBU6Q, STM32U535CCT6, STM32U535CCT6Q, STM32U535CCU6, STM32U535CCU6Q, STM32U535CET6, STM32U535CET6Q, STM32U535CEU6, STM32U535CEU6Q, STM32U535JEY6QTR, STM32U535NCY6QTR, STM32U535NEY6QTR, STM32U535RBI6, STM32U535RBI6Q, STM32U535RBT6, STM32U535RBT6Q, STM32U535RCI6, STM32U535RCI6Q, STM32U535RCT6, STM32U535RCT6Q, STM32U535REI6, STM32U535REI6Q, STM32U535RET6, STM32U535RET6Q, STM32U535VCI6, STM32U535VCI6Q, STM32U535VCT6, STM32U535VCT6Q, STM32U535VEI6, STM32U535VEI6Q, STM32U535VET6, STM32U535VET6Q, STM32U545CET6, STM32U545CET6Q, STM32U545CEU6, STM32U545CEU6Q, STM32U545JEY6QTR, STM32U545NEY6QTR, STM32U545REI6, STM32U545REI6Q, STM32U545RET6, STM32U545RET6Q, STM32U545VEI6, STM32U545VEI6Q, STM32U545VET6, STM32U545VET6Q, STM32U595AIH6, STM32U595AIH6Q, STM32U595AJH6, STM32U595AJH6Q, STM32U595QII6, STM32U595QII6Q, STM32U595QJI6, STM32U595QJI6Q, STM32U595RIT6, STM32U595RIT6Q, STM32U595RJT6, STM32U595RJT6Q, STM32U595VIT6, STM32U595VIT6Q, STM32U595VJT6, STM32U595VJT6Q, STM32U595ZIT6, STM32U595ZIT6Q, STM32U595ZIY6QTR, STM32U595ZJT6, STM32U595ZJT6Q, STM32U595ZJY6QTR, STM32U599BJY6QTR, STM32U599NIH6Q, STM32U599NJH6Q, STM32U599VIT6Q, STM32U599VJT6, STM32U599VJT6Q, STM32U599ZIT6Q, STM32U599ZIY6QTR, STM32U599ZJT6Q, STM32U599ZJY6QTR, STM32U5A5AJH6, STM32U5A5AJH6Q, STM32U5A5QJI6, STM32U5A5QJI6Q, STM32U5A5RJT6, STM32U5A5RJT6Q, STM32U5A5VJT6, STM32U5A5VJT6Q, STM32U5A5ZJT6, STM32U5A5ZJT6Q, STM32U5A5ZJY6QTR, STM32U5A9BJY6QTR, STM32U5A9J-DK, STM32U5A9NJH6Q, STM32U5A9VJT6Q, STM32U5A9ZJT6Q, STM32U5A9ZJY6QTR, STM32WB1MMCH6, STM32WBA52CEU6, STM32WBA52CEU6T, STM32WBA52CGU6, STM32WBA52CGU6T, STM32WL5MOCH6, STM32WL5MOCH6TR]
2023-08-07 14:32:26,861 [INFO] ApiDb:668 - CubeFinder database Data Model version=2.1
2023-08-07 14:32:26,861 [INFO] ApiDb:669 - CubeFinder database Configuration version=3.0.37
2023-08-07 14:32:26,861 [INFO] ApiDb:670 - CubeFinder database generation date=2023-07-31 (1690792719)
2023-08-07 14:32:26,861 [INFO] ApiDb:671 - CubeFinder database FW Pack versions=[FP-ATR-ASTRA1_V2.0.0, FP-SNS-FLIGHT1_V5.0.1, FP-SNS-FLIGHT1_V5.0.2, FP-SNS-MOTENV1_V4.3.1, FP-SNS-MOTENV1_V4.3.2, STM32Cube_FW_C0_V1.1.0, STM32Cube_FW_F4_V1.27.1, STM32Cube_FW_F7_V1.17.0, STM32Cube_FW_G0_V1.6.1, STM32Cube_FW_G4_V1.5.1, STM32Cube_FW_H5_V0.5.1, STM32Cube_FW_H5_V1.1.0, STM32Cube_FW_H7_V1.11.0, STM32Cube_FW_L0_V1.12.2, STM32Cube_FW_L5_V1.5.0, STM32Cube_FW_U5_V1.3.0, STM32Cube_FW_U5_V1.3.0RC4, STM32Cube_FW_WBA_V1.0.0RC1, STM32Cube_FW_WBA_V1.1.0, STM32Cube_FW_WBA_V1.1.0RC1, STM32Cube_FW_WB_V1.15.0RC1, STM32Cube_FW_WB_V1.16.0, STM32Cube_FW_WB_V1.16.0RC2, STM32Cube_FW_WB_V1.17.0, STM32Cube_FW_WL_V1.3.0, X-CUBE-ALGOBUILD_V1.3.0, X-CUBE-ALS_V1.0.1, X-CUBE-AZRTOS-F4_V1.1.0, X-CUBE-AZRTOS-F7_V1.1.0, X-CUBE-AZRTOS-G0_V1.1.0, X-CUBE-AZRTOS-G4_V2.0.0, X-CUBE-AZRTOS-H7_V3.1.0, X-CUBE-AZRTOS-L4_V1.0.0, X-CUBE-AZRTOS-L4_V2.0.0, X-CUBE-AZRTOS-L5_V1.1.0, X-CUBE-AZRTOS-WB_V1.1.0, X-CUBE-AZRTOS-WL_V2.0.0, X-CUBE-BLE1_V6.2.4, X-CUBE-BLE2_V3.3.0, X-CUBE-BLEMGR_V2.0.0, X-CUBE-EEPRMA1_V4.1.0, X-CUBE-FREERTOS_V1.0.1, X-CUBE-GNSS1_V6.0.0, X-CUBE-MEMS1_V9.1.0, X-CUBE-MEMS1_V9.4.0, X-CUBE-MEMS1_V9.6.0, X-CUBE-NFC4_V3.0.0, X-CUBE-NFC7_V1.0.0, X-CUBE-SFXS2LP1_V4.0.0, X-CUBE-SUBG2_V5.0.0]
2023-08-07 14:32:27,364 [WARN] PackLoader:240 - Cannot read IP mode file for STMicroelectronics.X-CUBE-SMBUS.2.1.0
2023-08-07 14:32:27,414 [WARN] PackLoader:240 - Cannot read IP mode file for STMicroelectronics.X-CUBE-AZRTOS-F7.1.1.0
2023-08-07 14:32:27,429 [WARN] PackLoader:240 - Cannot read IP mode file for STMicroelectronics.FP-SNS-MOTENV1.4.3.2
2023-08-07 14:32:27,437 [ERROR] RealEvaluatedCondition:428 - Found unsupported composite condition: GROUP='STM32_MetaDataManager' CLASS='Data Exchange'
2023-08-07 14:32:27,437 [ERROR] RealEvaluatedCondition:428 - Found unsupported composite condition: CLASS='Data Exchange' GROUP='STM32_MetaDataManager'
2023-08-07 14:32:27,440 [WARN] PackLoader:240 - Cannot read IP mode file for STMicroelectronics.FP-SNS-MOTENV1.4.3.1
2023-08-07 14:32:27,449 [WARN] PackLoader:240 - Cannot read IP mode file for STMicroelectronics.FP-SNS-FLIGHT1.5.0.1
2023-08-07 14:32:27,458 [WARN] PackLoader:240 - Cannot read IP mode file for STMicroelectronics.X-CUBE-BLE1.6.2.4
2023-08-07 14:32:27,463 [WARN] PackLoader:240 - Cannot read IP mode file for STMicroelectronics.FP-SNS-FLIGHT1.5.0.2
2023-08-07 14:32:27,472 [WARN] PackLoader:240 - Cannot read IP mode file for STMicroelectronics.X-CUBE-DISPLAY.3.0.0
2023-08-07 14:32:27,501 [WARN] PackLoader:240 - Cannot read IP mode file for STMicroelectronics.X-CUBE-TOUCHGFX.4.22.0
2023-08-07 14:32:27,510 [WARN] PackLoader:240 - Cannot read IP mode file for WES.I-CUBE-Cesium.1.3.0
2023-08-07 14:32:27,517 [WARN] PackLoader:240 - Cannot read IP mode file for STMicroelectronics.X-CUBE-BLE2.3.3.0
2023-08-07 14:32:27,522 [WARN] PackLoader:240 - Cannot read IP mode file for STMicroelectronics.X-CUBE-TOUCHGFX.4.21.4
2023-08-07 14:32:27,533 [WARN] PackLoader:240 - Cannot read IP mode file for STMicroelectronics.X-CUBE-ALGOBUILD.1.3.0
2023-08-07 14:32:27,564 [WARN] PackLoader:240 - Cannot read IP mode file for STMicroelectronics.X-CUBE-AZRTOS-G0.1.1.0
2023-08-07 14:32:27,573 [WARN] PackLoader:240 - Cannot read IP mode file for STMicroelectronics.X-CUBE-NFC4.3.0.0
2023-08-07 14:32:27,577 [WARN] PackLoader:240 - Cannot read IP mode file for STMicroelectronics.FP-ATR-SIGFOX1.3.2.0
2023-08-07 14:32:27,632 [WARN] PackLoader:240 - Cannot read IP mode file for SEGGER.I-CUBE-embOS.1.3.1
2023-08-07 14:32:27,746 [WARN] PackLoader:240 - Cannot read IP mode file for STMicroelectronics.X-CUBE-GNSS1.6.0.0
2023-08-07 14:32:27,794 [WARN] PackLoader:240 - Cannot read IP mode file for STMicroelectronics.X-CUBE-AZRTOS-F4.1.1.0
2023-08-07 14:32:27,805 [WARN] PackLoader:240 - Cannot read IP mode file for wolfSSL.I-CUBE-wolfSSL.5.6.0
2023-08-07 14:32:27,899 [WARN] PackLoader:240 - Cannot read IP mode file for STMicroelectronics.X-CUBE-MEMS1.9.6.0
2023-08-07 14:32:28,308 [WARN] PackLoader:240 - Cannot read IP mode file for emotas.I-CUBE-CANOPEN.1.1.3
2023-08-07 14:32:28,320 [WARN] PackLoader:240 - Cannot read IP mode file for STMicroelectronics.X-CUBE-BLEMGR.2.0.0
2023-08-07 14:32:28,352 [WARN] ConditionMgr:438 - getConditionDescription Invalid condition id : UX DEVICE CLASS RTOS Condition cause : null
2023-08-07 14:32:28,352 [WARN] ConditionMgr:438 - getConditionDescription Invalid condition id : UX DEVICE CLASS RTOS Condition cause : null
2023-08-07 14:32:28,367 [WARN] PackLoader:240 - Cannot read IP mode file for STMicroelectronics.X-CUBE-AZRTOS-H7.3.1.0
2023-08-07 14:32:28,369 [WARN] ConditionMgr:1039 - genDependencies : Invalid condition id : UX DEVICE CLASS RTOS Condition cause : null
2023-08-07 14:32:28,369 [WARN] ConditionMgr:1039 - genDependencies : Invalid condition id : UX DEVICE CLASS RTOS Condition cause : null
2023-08-07 14:32:28,370 [WARN] ConditionMgr:1039 - genDependencies : Invalid condition id : UX DEVICE CLASS RTOS Condition cause : null
2023-08-07 14:32:28,371 [WARN] ConditionMgr:1039 - genDependencies : Invalid condition id : UX DEVICE CLASS RTOS Condition cause : null
2023-08-07 14:32:28,371 [WARN] ConditionMgr:1039 - genDependencies : Invalid condition id : UX DEVICE CLASS RTOS Condition cause : null
2023-08-07 14:32:28,379 [WARN] PackLoader:240 - Cannot read IP mode file for STMicroelectronics.X-CUBE-NFC7.1.0.1
2023-08-07 14:32:28,386 [WARN] PackLoader:240 - Cannot read IP mode file for STMicroelectronics.X-CUBE-NFC7.1.0.0
2023-08-07 14:32:28,395 [WARN] PackLoader:240 - Cannot read IP mode file for STMicroelectronics.X-CUBE-EEPRMA1.4.1.0
2023-08-07 14:32:28,400 [WARN] PackLoader:240 - Cannot read IP mode file for STMicroelectronics.X-CUBE-AI.8.1.0
2023-08-07 14:32:28,434 [WARN] ConditionMgr:438 - getConditionDescription Invalid condition id : LAN8742 Phy interface Condition cause : null
2023-08-07 14:32:28,436 [WARN] PackLoader:240 - Cannot read IP mode file for STMicroelectronics.X-CUBE-AZRTOS-L4.2.0.0
2023-08-07 14:32:28,439 [WARN] ConditionMgr:1039 - genDependencies : Invalid condition id : LAN8742 Phy interface Condition cause : null
2023-08-07 14:32:28,439 [WARN] ConditionMgr:1039 - genDependencies : Invalid condition id : LAN8742 Phy interface Condition cause : null
2023-08-07 14:32:28,440 [WARN] ConditionMgr:1039 - genDependencies : Invalid condition id : LAN8742 Phy interface Condition cause : null
2023-08-07 14:32:28,451 [WARN] PackLoader:240 - Cannot read IP mode file for STMicroelectronics.X-CUBE-SFXS2LP1.4.0.0
2023-08-07 14:32:28,465 [WARN] PackLoader:240 - Cannot read IP mode file for STMicroelectronics.X-CUBE-ISPU.1.1.0
2023-08-07 14:32:28,472 [WARN] PackLoader:240 - Cannot read IP mode file for STMicroelectronics.X-CUBE-FREERTOS.1.0.1
2023-08-07 14:32:28,498 [WARN] PackLoader:240 - Cannot read IP mode file for STMicroelectronics.X-CUBE-AZRTOS-L5.1.1.0
2023-08-07 14:32:28,507 [WARN] PackLoader:240 - Cannot read IP mode file for STMicroelectronics.X-CUBE-AI.8.0.1
2023-08-07 14:32:28,522 [WARN] PackLoader:240 - Cannot read IP mode file for STMicroelectronics.X-CUBE-SUBG2.5.0.0
2023-08-07 14:32:28,549 [WARN] PackLoader:240 - Cannot read IP mode file for STMicroelectronics.X-CUBE-TOF1.3.3.1
2023-08-07 14:32:28,574 [WARN] PackLoader:240 - Cannot read IP mode file for STMicroelectronics.X-CUBE-AZRTOS-G4.2.0.0
2023-08-07 14:32:28,588 [WARN] PackLoader:240 - Cannot read IP mode file for STMicroelectronics.X-CUBE-TOF1.3.3.0
2023-08-07 14:32:28,619 [WARN] PackLoader:240 - Cannot read IP mode file for portGmbH.I-Cube-SoM-uGOAL.1.1.0
2023-08-07 14:32:28,623 [WARN] PackLoader:240 - Cannot read IP mode file for STMicroelectronics.X-CUBE-ALS.1.0.1
2023-08-07 14:32:28,642 [WARN] PackLoader:240 - Cannot read IP mode file for STMicroelectronics.X-CUBE-AZRTOS-WB.1.1.0
2023-08-07 14:32:28,648 [WARN] PackLoader:240 - Cannot read IP mode file for STMicroelectronics.FP-ATR-ASTRA1.2.0.0
2023-08-07 14:32:28,649 [INFO] ThirdParty:978 - Integrity check success = true
2023-08-07 14:32:28,649 [INFO] IntegrityCheckThread:100 - exiting critical section [integrity check]
2023-08-07 14:32:28,650 [INFO] IntegrityCheckThread:103 - End integrity checks thread
2023-08-07 14:32:30,050 [INFO] ApiDb:240 - Found 297 in-development CPN: [B-G473E-ZEST1S, B-WB1M-WPAN1, B-WL5M-SUBG1, NUCLEO-C031C6, NUCLEO-H503RB, NUCLEO-H563ZI, NUCLEO-U545RE-Q, NUCLEO-U5A5ZJ-Q, NUCLEO-WBA52CG, STEVAL-PROTEUS1, STEVAL-STWINBX1, STM320518-EVAL, STM32C0116-DK, STM32C011D6Y3TR, STM32C011D6Y6TR, STM32C011F4P3, STM32C011F4P6, STM32C011F4U3, STM32C011F4U6TR, STM32C011F6P3, STM32C011F6P6, STM32C011F6U3, STM32C011F6U6TR, STM32C011J4M3, STM32C011J4M6, STM32C011J6M3, STM32C011J6M6, STM32C0316-DK, STM32C031C4T3, STM32C031C4T6, STM32C031C4U3, STM32C031C4U6, STM32C031C6T3, STM32C031C6T6, STM32C031C6U3, STM32C031C6U6, STM32C031F4P3, STM32C031F4P6, STM32C031F6P3, STM32C031F6P6, STM32C031G4U3, STM32C031G4U6, STM32C031G6U3, STM32C031G6U6, STM32C031K4T3, STM32C031K4T6, STM32C031K4U3, STM32C031K4U6, STM32C031K6T3, STM32C031K6T6, STM32C031K6U3, STM32C031K6U6, STM32G071K8TXN, STM32G071K8UXN, STM32G081GBU6N, STM32G081KBT6N, STM32G081KBUXN, STM32G0B1CCT6N, STM32G0B1KCT6, STM32G0B1NEY6TR, STM32G0B1RCT6N, STM32G0C1CCT6, STM32G0C1CCT6N, STM32G0C1CCU6N, STM32G0C1CET6N, STM32G0C1CEU6N, STM32G0C1KCT6, STM32G0C1NEY6TR, STM32G0C1RCI6N, STM32G0C1RCT6N, STM32G0C1REI6N, STM32G0C1RET6N, STM32G0C1VCI6, STM32G0C1VEI6, STM32G471CCT6, STM32G471CCU6, STM32G471CET3, STM32G471CET6, STM32G471CEU3, STM32G471CEU6, STM32G471MCT6, STM32G471MET3, STM32G471MET6, STM32G471MEY6TR, STM32G471QCT6, STM32G471QET3, STM32G471RCT6, STM32G471RET3, STM32G471RET6, STM32G471VCH6, STM32G471VCI6, STM32G471VCT6, STM32G471VEH3, STM32G471VEH6, STM32G471VEI3, STM32G471VEI6, STM32G471VET3, STM32G471VET6, STM32G474CCT6, STM32H503CBT6, STM32H503CBU6, STM32H503EBY6TR, STM32H503KBU6, STM32H503RBT6, STM32H562AGI6, STM32H562AII6, STM32H562IGK6, STM32H562IGT6, STM32H562IIK6, STM32H562IIT6, STM32H562RGT6, STM32H562RGV6, STM32H562RIT6, STM32H562RIV6, STM32H562VGT6, STM32H562VIT6, STM32H562ZGT6, STM32H562ZIT6, STM32H563AGI6, STM32H563AII3Q, STM32H563AII6, STM32H563IGK6, STM32H563IGT6, STM32H563IIK3Q, STM32H563IIK6, STM32H563IIT3Q, STM32H563IIT6, STM32H563MIY3QTR, STM32H563RGT6, STM32H563RGV6, STM32H563RIT6, STM32H563RIV6, STM32H563VGT6, STM32H563VIT3Q, STM32H563VIT6, STM32H563ZGT6, STM32H563ZIT3Q, STM32H563ZIT6, STM32H573AII3Q, STM32H573AII6, STM32H573I-DK, STM32H573IIK3Q, STM32H573IIK6, STM32H573IIT3Q, STM32H573IIT6, STM32H573MIY3QTR, STM32H573RIT6, STM32H573RIV6, STM32H573VIT3Q, STM32H573VIT6, STM32H573ZIT3Q, STM32H573ZIT6, STM32L4R5QGI6STR, STM32MP131AAE3, STM32MP131AAF3, STM32MP131AAG3, STM32MP131CAE3, STM32MP131CAF3, STM32MP131CAG3, STM32MP131DAE7, STM32MP131DAF7, STM32MP131DAG7, STM32MP131FAE7, STM32MP131FAF7, STM32MP131FAG7, STM32MP133AAE3, STM32MP133AAF3, STM32MP133AAG3, STM32MP133CAE3, STM32MP133CAF3, STM32MP133CAG3, STM32MP133DAE7, STM32MP133DAF7, STM32MP133DAG7, STM32MP133FAE7, STM32MP133FAF7, STM32MP133FAG7, STM32MP135AAE3, STM32MP135AAF3, STM32MP135AAG3, STM32MP135CAE3, STM32MP135CAF3, STM32MP135CAG3, STM32MP135DAE7, STM32MP135DAF7, STM32MP135DAG7, STM32MP135F-DK, STM32MP135FAE7, STM32MP135FAF7, STM32MP135FAF7T, STM32MP135FAF7U, STM32MP135FAG7, STM32U535CBT6, STM32U535CBT6Q, STM32U535CBU6, STM32U535CBU6Q, STM32U535CCT6, STM32U535CCT6Q, STM32U535CCU6, STM32U535CCU6Q, STM32U535CET6, STM32U535CET6Q, STM32U535CEU6, STM32U535CEU6Q, STM32U535JEY6QTR, STM32U535NCY6QTR, STM32U535NEY6QTR, STM32U535RBI6, STM32U535RBI6Q, STM32U535RBT6, STM32U535RBT6Q, STM32U535RCI6, STM32U535RCI6Q, STM32U535RCT6, STM32U535RCT6Q, STM32U535REI6, STM32U535REI6Q, STM32U535RET6, STM32U535RET6Q, STM32U535VCI6, STM32U535VCI6Q, STM32U535VCT6, STM32U535VCT6Q, STM32U535VEI6, STM32U535VEI6Q, STM32U535VET6, STM32U535VET6Q, STM32U545CET6, STM32U545CET6Q, STM32U545CEU6, STM32U545CEU6Q, STM32U545JEY6QTR, STM32U545NEY6QTR, STM32U545REI6, STM32U545REI6Q, STM32U545RET6, STM32U545RET6Q, STM32U545VEI6, STM32U545VEI6Q, STM32U545VET6, STM32U545VET6Q, STM32U595AIH6, STM32U595AIH6Q, STM32U595AJH6, STM32U595AJH6Q, STM32U595QII6, STM32U595QII6Q, STM32U595QJI6, STM32U595QJI6Q, STM32U595RIT6, STM32U595RIT6Q, STM32U595RJT6, STM32U595RJT6Q, STM32U595VIT6, STM32U595VIT6Q, STM32U595VJT6, STM32U595VJT6Q, STM32U595ZIT6, STM32U595ZIT6Q, STM32U595ZIY6QTR, STM32U595ZJT6, STM32U595ZJT6Q, STM32U595ZJY6QTR, STM32U599BJY6QTR, STM32U599NIH6Q, STM32U599NJH6Q, STM32U599VIT6Q, STM32U599VJT6, STM32U599VJT6Q, STM32U599ZIT6Q, STM32U599ZIY6QTR, STM32U599ZJT6Q, STM32U599ZJY6QTR, STM32U5A5AJH6, STM32U5A5AJH6Q, STM32U5A5QJI6, STM32U5A5QJI6Q, STM32U5A5RJT6, STM32U5A5RJT6Q, STM32U5A5VJT6, STM32U5A5VJT6Q, STM32U5A5ZJT6, STM32U5A5ZJT6Q, STM32U5A5ZJY6QTR, STM32U5A9BJY6QTR, STM32U5A9J-DK, STM32U5A9NJH6Q, STM32U5A9VJT6Q, STM32U5A9ZJT6Q, STM32U5A9ZJY6QTR, STM32WB1MMCH6, STM32WBA52CEU6, STM32WBA52CEU6T, STM32WBA52CGU6, STM32WBA52CGU6T, STM32WL5MOCH6, STM32WL5MOCH6TR]
2023-08-07 14:32:30,056 [INFO] DbMcus:216 - Found 3825 MCUs, 3825 are supported
2023-08-07 14:32:30,059 [INFO] ApiDb:423 - Load user favorites file /home/thales/.stm32cubeide/favorites.mcus.txt: 0 item(s)
2023-08-07 14:32:30,059 [INFO] ApiDb:427 - User favorites MCUs=[]
2023-08-07 14:32:30,060 [INFO] DbMcus:222 - Set 0 / 0 favorites MCUs
2023-08-07 14:32:30,578 [INFO] BoardInfo:880 - No configuration file found for board P-NUCLEO-WB55
2023-08-07 14:32:30,578 [INFO] DbBoards:157 - Kit is not supported: P-NUCLEO-WB55
2023-08-07 14:32:30,585 [INFO] BoardInfo:880 - No configuration file found for board STEVAL-BFA001V1B
2023-08-07 14:32:30,585 [INFO] DbBoards:157 - Kit is not supported: STEVAL-BFA001V1B
2023-08-07 14:32:30,586 [INFO] BoardInfo:880 - No configuration file found for board STEVAL-BFA001V2B
2023-08-07 14:32:30,587 [INFO] DbBoards:157 - Kit is not supported: STEVAL-BFA001V2B
2023-08-07 14:32:30,595 [INFO] BoardInfo:880 - No configuration file found for board STEVAL-SMARTAG2
2023-08-07 14:32:30,595 [INFO] DbBoards:157 - Board is not supported: STEVAL-SMARTAG2
2023-08-07 14:32:30,773 [INFO] DbBoards:161 - Found 188 boards, 184 are supported
2023-08-07 14:32:30,776 [INFO] ApiDb:423 - Load user favorites file /home/thales/.stm32cubeide/favorites.boards.txt: 1 item(s)
2023-08-07 14:32:30,777 [INFO] ApiDb:427 - User favorites Boards=[NUCLEO-F411RE]
2023-08-07 14:32:30,777 [INFO] DbBoards:190 - Set 1 / 1 favorites Boards
2023-08-07 14:32:30,777 [INFO] McuFinderGlobals:66 - Set McuFinderConnectedMode to true
2023-08-07 14:32:30,789 [INFO] MultiScanPanel:200 - Auto-refresh data requested => check proxy status ongoing
2023-08-07 14:32:30,793 [INFO] FinderPluginLoader:95 - Searching for filters in installed packs
2023-08-07 14:32:34,008 [INFO] LoadUrlFilesThread:185 - End of LoadServerUrlFiles without Thread
2023-08-07 14:32:34,030 [INFO] DetailPanel:341 - Set advertising image to /home/thales/STM32Cube/Repository//en.prom-stm32h5-mcu-finder.jpg
2023-08-07 14:32:38,861 [INFO] McuFinderGlobals:66 - Set McuFinderConnectedMode to true
2023-08-07 14:32:39,191 [INFO] ApiDb:448 - Save user favorites file /home/thales/.stm32cubeide/favorites.mcus.txt: 0 item(s)
2023-08-07 14:32:39,191 [INFO] ApiDb:452 - User favorites MCUs=[]
2023-08-07 14:35:24,194 [INFO] MainUpdater:2854 - connection check result : 10
2023-08-07 14:35:24,332 [INFO] McuFinderGlobals:66 - Set McuFinderConnectedMode to true
2023-08-07 14:35:24,333 [INFO] MultiScanPanel:200 - Auto-refresh data requested => check proxy status ongoing
2023-08-07 14:35:24,333 [INFO] FinderPluginLoader:95 - Searching for filters in installed packs
2023-08-07 14:35:25,477 [INFO] LoadUrlFilesThread:185 - End of LoadServerUrlFiles without Thread
2023-08-07 14:35:25,477 [INFO] DetailPanel:341 - Set advertising image to /home/thales/STM32Cube/Repository//en.prom-stm32h5-mcu-finder.jpg
2023-08-07 14:35:28,487 [INFO] MultiScanPanel:200 - Auto-refresh data requested => check proxy status ongoing
2023-08-07 14:35:28,612 [INFO] LoadUrlFilesThread:185 - End of LoadServerUrlFiles without Thread
2023-08-07 14:35:28,612 [INFO] DetailPanel:341 - Set advertising image to /home/thales/STM32Cube/Repository//en.prom-stm32h5-mcu-finder.jpg
2023-08-07 14:35:51,509 [INFO] McuFinderGlobals:66 - Set McuFinderConnectedMode to true
2023-08-07 14:35:51,511 [INFO] ApiDb:448 - Save user favorites file /home/thales/.stm32cubeide/favorites.mcus.txt: 0 item(s)
2023-08-07 14:35:51,511 [INFO] ApiDb:452 - User favorites MCUs=[]
2023-08-07 14:35:51,513 [INFO] ApiDb:448 - Save user favorites file /home/thales/.stm32cubeide/favorites.boards.txt: 1 item(s)
2023-08-07 14:35:51,513 [INFO] ApiDb:452 - User favorites Boards=[NUCLEO-F411RE]
