2023-08-03 15:12:26,172 [INFO] Activator:176 - 


2023-08-03 15:12:26,176 [INFO] Activator:177 - !SESSION log4j initialized
2023-08-03 15:12:28,701 [INFO] LogOutputStream:77 - [STDOUT_REDIRECT] 
2023-08-03 15:12:50,029 [ERROR] LogOutputStream:75 - [STDERR_REDIRECT] SLF4J: Failed to load class "org.slf4j.impl.StaticLoggerBinder".
2023-08-03 15:12:50,029 [ERROR] LogOutputStream:75 - [STDERR_REDIRECT] SLF4J: Defaulting to no-operation (NOP) logger implementation
2023-08-03 15:12:50,030 [ERROR] LogOutputStream:75 - [STDERR_REDIRECT] SLF4J: See http://www.slf4j.org/codes.html#StaticLoggerBinder for further details.
2023-08-03 15:12:51,066 [INFO] ApplicationProperties:184 - Using Application install path: /opt/st/stm32cubeide_1.12.1/plugins/com.st.stm32cube.common.mx_6.8.1.202304191431
2023-08-03 15:12:51,089 [INFO] DbMcusXml:78 - Set database path to: /opt/st/stm32cubeide_1.12.1/plugins/com.st.stm32cube.common.mx_6.8.1.202304191431//db//mcu/
2023-08-03 15:12:51,090 [INFO] ApiDb:274 - Set plugin database path to: /opt/st/stm32cubeide_1.12.1/plugins/com.st.stm32cube.common.mx_6.8.1.202304191431//db//plugins/boardmanager/
2023-08-03 15:12:51,093 [WARN] ApiDb:259 - Overriding images path with different value:  => /opt/st/stm32cubeide_1.12.1/plugins/com.st.stm32cube.common.mx_6.8.1.202304191431//db//plugins/mcufinder/images/
2023-08-03 15:12:51,110 [INFO] ApiDb:250 - Set database path to: /home/thales/.stmcufinder/plugins/mcufinder//mcu/
2023-08-03 15:12:51,112 [INFO] DbMcusAds:125 - Set database path to: /home/thales/.stmcufinder/plugins/mcufinder//mcu/
2023-08-03 15:12:51,142 [INFO] CrossReferenceDbSqlite:203 - Set database path to: /home/thales/.stmcufinder/plugins/mcufinder//mcu/cs/
2023-08-03 15:12:51,249 [INFO] RulesReader:64 - Compatibility file has been processed (293 Rules)
2023-08-03 15:12:51,307 [INFO] DbMcusXml:78 - Set database path to: /opt/st/stm32cubeide_1.12.1/plugins/com.st.stm32cube.common.mx_6.8.1.202304191431//db//mcu/
2023-08-03 15:12:51,307 [INFO] ApiDb:274 - Set plugin database path to: /opt/st/stm32cubeide_1.12.1/plugins/com.st.stm32cube.common.mx_6.8.1.202304191431//db//plugins/boardmanager/
2023-08-03 15:12:51,307 [INFO] ApiDb:261 - Set plugin images path to: /opt/st/stm32cubeide_1.12.1/plugins/com.st.stm32cube.common.mx_6.8.1.202304191431//db//plugins/mcufinder/images/
2023-08-03 15:12:51,307 [WARN] DbFile:41 - Overriding database path with different value: /home/thales/.stmcufinder/plugins/mcufinder/ => /home/thales/.stmcufinder/plugins/mcufinder
2023-08-03 15:12:51,307 [INFO] ApiDb:250 - Set database path to: /home/thales/.stmcufinder/plugins/mcufinder//mcu/
2023-08-03 15:12:51,307 [WARN] DbFile:41 - Overriding database path with different value: /home/thales/.stmcufinder/plugins/mcufinder/ => /home/thales/.stmcufinder/plugins/mcufinder
2023-08-03 15:12:51,307 [INFO] DbMcusAds:125 - Set database path to: /home/thales/.stmcufinder/plugins/mcufinder//mcu/
2023-08-03 15:12:51,308 [WARN] DbFile:41 - Overriding database path with different value: /home/thales/.stmcufinder/plugins/mcufinder/ => /home/thales/.stmcufinder/plugins/mcufinder
2023-08-03 15:12:51,308 [WARN] DbFile:41 - Overriding database path with different value: /home/thales/.stmcufinder/plugins/mcufinder/ => /home/thales/.stmcufinder/plugins/mcufinder
2023-08-03 15:12:51,308 [INFO] CrossReferenceDbSqlite:203 - Set database path to: /home/thales/.stmcufinder/plugins/mcufinder//mcu/cs/
2023-08-03 15:12:51,375 [INFO] MainPanel:253 - HeapMemory: 268435456
2023-08-03 15:12:51,474 [INFO] DbMcusXml:78 - Set database path to: /opt/st/stm32cubeide_1.12.1/plugins/com.st.stm32cube.common.mx_6.8.1.202304191431//db//mcu/
2023-08-03 15:12:51,475 [INFO] ApiDb:274 - Set plugin database path to: /opt/st/stm32cubeide_1.12.1/plugins/com.st.stm32cube.common.mx_6.8.1.202304191431//db//plugins/boardmanager/
2023-08-03 15:12:51,475 [INFO] ApiDb:261 - Set plugin images path to: /opt/st/stm32cubeide_1.12.1/plugins/com.st.stm32cube.common.mx_6.8.1.202304191431//db//plugins/mcufinder/images/
2023-08-03 15:12:51,475 [WARN] DbFile:41 - Overriding database path with different value: /home/thales/.stmcufinder/plugins/mcufinder/ => /home/thales/.stmcufinder/plugins/mcufinder
2023-08-03 15:12:51,475 [INFO] ApiDb:250 - Set database path to: /home/thales/.stmcufinder/plugins/mcufinder//mcu/
2023-08-03 15:12:51,475 [WARN] DbFile:41 - Overriding database path with different value: /home/thales/.stmcufinder/plugins/mcufinder/ => /home/thales/.stmcufinder/plugins/mcufinder
2023-08-03 15:12:51,475 [INFO] DbMcusAds:125 - Set database path to: /home/thales/.stmcufinder/plugins/mcufinder//mcu/
2023-08-03 15:12:51,476 [WARN] DbFile:41 - Overriding database path with different value: /home/thales/.stmcufinder/plugins/mcufinder/ => /home/thales/.stmcufinder/plugins/mcufinder
2023-08-03 15:12:51,476 [WARN] DbFile:41 - Overriding database path with different value: /home/thales/.stmcufinder/plugins/mcufinder/ => /home/thales/.stmcufinder/plugins/mcufinder
2023-08-03 15:12:51,476 [INFO] CrossReferenceDbSqlite:203 - Set database path to: /home/thales/.stmcufinder/plugins/mcufinder//mcu/cs/
2023-08-03 15:12:51,498 [INFO] ApplicationProperties:184 - Using Application install path: /opt/st/stm32cubeide_1.12.1/plugins/com.st.stm32cube.common.mx_6.8.1.202304191431
2023-08-03 15:12:51,499 [INFO] PluginManage:196 - Search for loadable plugins [exclusion list=, ]
2023-08-03 15:12:51,501 [INFO] PluginManage:310 - Check plugin analytics
2023-08-03 15:12:51,644 [INFO] AnalyticsPlugin:253 - Accepted Software Licenses: 
2023-08-03 15:12:51,644 [INFO] AnalyticsPlugin:255 - Accepted CMSIS Pack Licenses: 
2023-08-03 15:12:51,644 [INFO] AnalyticsPlugin:257 - Accepted Firmware Licenses: FW.F4.1.27.0
2023-08-03 15:12:51,652 [INFO] PluginManage:359 - Loaded plugin analytics (category:tool,tabindex:-1)
2023-08-03 15:12:51,652 [INFO] PluginManage:310 - Check plugin cadmodel
2023-08-03 15:12:51,702 [INFO] CADModel:105 - Init CAD model plugin
2023-08-03 15:12:51,702 [INFO] PluginManage:359 - Loaded plugin cadmodel (category:power,tabindex:5)
2023-08-03 15:12:51,702 [INFO] PluginManage:310 - Check plugin clock
2023-08-03 15:12:51,713 [INFO] PluginManage:359 - Loaded plugin clock (category:base,tabindex:2)
2023-08-03 15:12:51,713 [INFO] PluginManage:310 - Check plugin ddr
2023-08-03 15:12:51,716 [INFO] PluginManage:359 - Loaded plugin ddr (category:tool,tabindex:6)
2023-08-03 15:12:51,717 [INFO] PluginManage:310 - Check plugin filemanager
2023-08-03 15:12:51,856 [INFO] PluginManage:359 - Loaded plugin filemanager (category:base,tabindex:10)
2023-08-03 15:12:51,856 [INFO] PluginManage:310 - Check plugin ipmanager
2023-08-03 15:12:51,862 [INFO] PluginManage:359 - Loaded plugin ipmanager (category:base,tabindex:5)
2023-08-03 15:12:51,862 [INFO] PluginManage:310 - Check plugin lpbam
2023-08-03 15:12:51,871 [INFO] PluginManage:359 - Loaded plugin lpbam (category:base,tabindex:0)
2023-08-03 15:12:51,871 [INFO] PluginManage:310 - Check plugin pinoutandconfiguration
2023-08-03 15:12:51,878 [INFO] PluginManage:359 - Loaded plugin pinoutandconfiguration (category:base,tabindex:1)
2023-08-03 15:12:51,878 [INFO] PluginManage:310 - Check plugin pinoutconfig
2023-08-03 15:12:51,954 [WARN] SupportedApi:132 - Cannot load RTOS API schema: s4s-elt-must-match.1: The content of 'definitions' must match (annotation?, (simpleType | complexType)?, (unique | key | keyref)*)). A problem was found starting at: attribute.
2023-08-03 15:12:52,079 [INFO] PluginManage:359 - Loaded plugin pinoutconfig (category:base,tabindex:0)
2023-08-03 15:12:52,079 [INFO] PluginManage:310 - Check plugin power
2023-08-03 15:12:52,090 [INFO] PluginManage:359 - Loaded plugin power (category:power,tabindex:4)
2023-08-03 15:12:52,090 [INFO] PluginManage:310 - Check plugin projectmanager
2023-08-03 15:12:52,104 [INFO] PluginManage:359 - Loaded plugin projectmanager (category:projectmanager,tabindex:3)
2023-08-03 15:12:52,104 [INFO] PluginManage:310 - Check plugin thirdparty
2023-08-03 15:12:52,213 [INFO] PluginManage:359 - Loaded plugin thirdparty (category:base,tabindex:-1)
2023-08-03 15:12:52,213 [WARN] IntegrityCheckThread:84 - waiting for thirdparty lock release [integrity check]
2023-08-03 15:12:52,214 [INFO] PluginManage:310 - Check plugin tools
2023-08-03 15:12:52,214 [INFO] IntegrityCheckThread:86 - entering critical section [integrity check]
2023-08-03 15:12:52,216 [INFO] PluginManage:359 - Loaded plugin tools (category:base,tabindex:7)
2023-08-03 15:12:52,216 [INFO] ThirdPartyUpdaterWithRetryManager:70 - Updater plugin not ready yet. [1/15]
2023-08-03 15:12:52,216 [INFO] PluginManage:310 - Check plugin tutovideos
2023-08-03 15:12:52,383 [INFO] PluginManage:359 - Loaded plugin tutovideos (category:base,tabindex:-1)
2023-08-03 15:12:52,383 [INFO] PluginManage:310 - Check plugin updater
2023-08-03 15:12:52,402 [INFO] PluginManage:359 - Loaded plugin updater (category:base,tabindex:12)
2023-08-03 15:12:52,403 [INFO] PluginManage:283 - PluginManage : Loaded plugins [15]
2023-08-03 15:12:52,701 [INFO] PinOutPanel:1499 - setPackage(No Configuration,No Configuration)
2023-08-03 15:12:52,759 [INFO] CADModel:165 - CPN selected for project level
2023-08-03 15:12:52,759 [INFO] CADModel:114 - Register for checkConnection events
2023-08-03 15:12:52,772 [INFO] IPUIPlugin:80 - create IPUIPlugin
2023-08-03 15:12:52,772 [INFO] PluginManager:220 - loadIPPluginJar : add quadspi
2023-08-03 15:12:52,778 [INFO] IPUIPlugin:80 - create IPUIPlugin
2023-08-03 15:12:52,778 [INFO] PluginManager:220 - loadIPPluginJar : add gfxmmu
2023-08-03 15:12:52,783 [INFO] IPUIPlugin:80 - create IPUIPlugin
2023-08-03 15:12:52,783 [INFO] PluginManager:220 - loadIPPluginJar : add gpio
2023-08-03 15:12:52,787 [INFO] IPUIPlugin:80 - create IPUIPlugin
2023-08-03 15:12:52,788 [INFO] PluginManager:220 - loadIPPluginJar : add ipddr
2023-08-03 15:12:52,790 [INFO] IPUIPlugin:80 - create IPUIPlugin
2023-08-03 15:12:52,790 [INFO] PluginManager:220 - loadIPPluginJar : add dfsdm
2023-08-03 15:12:52,792 [INFO] IPUIPlugin:80 - create IPUIPlugin
2023-08-03 15:12:52,792 [INFO] PluginManager:220 - loadIPPluginJar : add ltdc
2023-08-03 15:12:52,796 [INFO] IPUIPlugin:80 - create IPUIPlugin
2023-08-03 15:12:52,797 [INFO] PluginManager:220 - loadIPPluginJar : add nvic
2023-08-03 15:12:52,799 [INFO] IPUIPlugin:80 - create IPUIPlugin
2023-08-03 15:12:52,799 [INFO] PluginManager:220 - loadIPPluginJar : add ts
2023-08-03 15:12:52,805 [INFO] IPUIPlugin:80 - create IPUIPlugin
2023-08-03 15:12:52,805 [INFO] PluginManager:220 - loadIPPluginJar : add gic
2023-08-03 15:12:52,808 [INFO] IPUIPlugin:80 - create IPUIPlugin
2023-08-03 15:12:52,808 [INFO] PluginManager:220 - loadIPPluginJar : add aes
2023-08-03 15:12:52,814 [INFO] IPUIPlugin:80 - create IPUIPlugin
2023-08-03 15:12:52,814 [INFO] PluginManager:220 - loadIPPluginJar : add opamp
2023-08-03 15:12:52,822 [INFO] IPUIPlugin:80 - create IPUIPlugin
2023-08-03 15:12:52,822 [INFO] PluginManager:220 - loadIPPluginJar : add adc
2023-08-03 15:12:52,826 [INFO] IPUIPlugin:80 - create IPUIPlugin
2023-08-03 15:12:52,826 [INFO] PluginManager:220 - loadIPPluginJar : add pdm2pcm
2023-08-03 15:12:52,832 [INFO] IPUIPlugin:80 - create IPUIPlugin
2023-08-03 15:12:52,832 [INFO] PluginManager:220 - loadIPPluginJar : add stm32_wpan
2023-08-03 15:12:52,834 [INFO] IPUIPlugin:80 - create IPUIPlugin
2023-08-03 15:12:52,835 [INFO] PluginManager:220 - loadIPPluginJar : add tracer_emb
2023-08-03 15:12:52,837 [INFO] IPUIPlugin:80 - create IPUIPlugin
2023-08-03 15:12:52,838 [INFO] PluginManager:220 - loadIPPluginJar : add i2s
2023-08-03 15:12:52,841 [INFO] IPUIPlugin:80 - create IPUIPlugin
2023-08-03 15:12:52,841 [INFO] PluginManager:220 - loadIPPluginJar : add i2c
2023-08-03 15:12:52,850 [INFO] IPUIPlugin:80 - create IPUIPlugin
2023-08-03 15:12:52,850 [INFO] PluginManager:220 - loadIPPluginJar : add linkedlist
2023-08-03 15:12:52,853 [INFO] IPUIPlugin:80 - create IPUIPlugin
2023-08-03 15:12:52,853 [INFO] PluginManager:220 - loadIPPluginJar : add hash
2023-08-03 15:12:52,857 [INFO] IPUIPlugin:80 - create IPUIPlugin
2023-08-03 15:12:52,857 [INFO] PluginManager:220 - loadIPPluginJar : add touchsensing
2023-08-03 15:12:52,860 [INFO] IPUIPlugin:80 - create IPUIPlugin
2023-08-03 15:12:52,860 [INFO] PluginManager:220 - loadIPPluginJar : add ucpd
2023-08-03 15:12:52,861 [INFO] IPUIPlugin:80 - create IPUIPlugin
2023-08-03 15:12:52,862 [INFO] PluginManager:220 - loadIPPluginJar : add fatfs
2023-08-03 15:12:52,865 [INFO] IPUIPlugin:80 - create IPUIPlugin
2023-08-03 15:12:52,865 [INFO] PluginManager:220 - loadIPPluginJar : add i3c
2023-08-03 15:12:52,867 [INFO] IPUIPlugin:80 - create IPUIPlugin
2023-08-03 15:12:52,867 [INFO] PluginManager:220 - loadIPPluginJar : add tsc
2023-08-03 15:12:52,875 [INFO] IPUIPlugin:80 - create IPUIPlugin
2023-08-03 15:12:52,875 [INFO] PluginManager:220 - loadIPPluginJar : add freertos
2023-08-03 15:12:52,884 [INFO] IPUIPlugin:80 - create IPUIPlugin
2023-08-03 15:12:52,888 [INFO] PluginManager:220 - loadIPPluginJar : add plateformsettings
2023-08-03 15:12:52,890 [INFO] IPUIPlugin:80 - create IPUIPlugin
2023-08-03 15:12:52,890 [INFO] PluginManager:220 - loadIPPluginJar : add comp
2023-08-03 15:12:52,893 [INFO] IPUIPlugin:80 - create IPUIPlugin
2023-08-03 15:12:52,894 [INFO] PluginManager:220 - loadIPPluginJar : add usbx
2023-08-03 15:12:52,897 [INFO] IPUIPlugin:80 - create IPUIPlugin
2023-08-03 15:12:52,897 [INFO] PluginManager:220 - loadIPPluginJar : add usart
2023-08-03 15:12:52,900 [INFO] IPUIPlugin:80 - create IPUIPlugin
2023-08-03 15:12:52,900 [INFO] PluginManager:220 - loadIPPluginJar : add can
2023-08-03 15:12:52,903 [INFO] IPUIPlugin:80 - create IPUIPlugin
2023-08-03 15:12:52,903 [INFO] PluginManager:220 - loadIPPluginJar : add gtzc
2023-08-03 15:12:52,906 [INFO] IPUIPlugin:80 - create IPUIPlugin
2023-08-03 15:12:52,906 [INFO] PluginManager:220 - loadIPPluginJar : add lorawan
2023-08-03 15:12:52,908 [INFO] IPUIPlugin:80 - create IPUIPlugin
2023-08-03 15:12:52,908 [INFO] PluginManager:220 - loadIPPluginJar : add genericplugin
2023-08-03 15:12:52,916 [INFO] IPUIPlugin:80 - create IPUIPlugin
2023-08-03 15:12:52,916 [INFO] PluginManager:220 - loadIPPluginJar : add mdma
2023-08-03 15:12:52,919 [INFO] IPUIPlugin:80 - create IPUIPlugin
2023-08-03 15:12:52,919 [INFO] PluginManager:220 - loadIPPluginJar : add cryp
2023-08-03 15:12:52,922 [INFO] IPUIPlugin:80 - create IPUIPlugin
2023-08-03 15:12:52,922 [INFO] PluginManager:220 - loadIPPluginJar : add spi
2023-08-03 15:12:52,925 [INFO] IPUIPlugin:80 - create IPUIPlugin
2023-08-03 15:12:52,925 [INFO] PluginManager:220 - loadIPPluginJar : add dma3
2023-08-03 15:12:52,928 [INFO] IPUIPlugin:80 - create IPUIPlugin
2023-08-03 15:12:52,929 [INFO] PluginManager:220 - loadIPPluginJar : add sai
2023-08-03 15:12:52,932 [INFO] IPUIPlugin:80 - create IPUIPlugin
2023-08-03 15:12:52,932 [INFO] PluginManager:220 - loadIPPluginJar : add openamp
2023-08-03 15:12:52,940 [INFO] IPUIPlugin:80 - create IPUIPlugin
2023-08-03 15:12:52,941 [INFO] PluginManager:220 - loadIPPluginJar : add dma
2023-08-03 15:12:52,945 [INFO] IPUIPlugin:80 - create IPUIPlugin
2023-08-03 15:12:52,945 [INFO] PluginManager:220 - loadIPPluginJar : add resmgrutility
2023-08-03 15:12:52,951 [INFO] IPUIPlugin:80 - create IPUIPlugin
2023-08-03 15:12:52,952 [INFO] PluginManager:220 - loadIPPluginJar : add fmc
2023-08-03 15:12:52,954 [INFO] IPUIPlugin:80 - create IPUIPlugin
2023-08-03 15:12:52,954 [INFO] PluginManager:220 - loadIPPluginJar : add tim
2023-08-03 15:12:53,074 [INFO] CADModel:165 - CPN selected for project level
2023-08-03 15:12:53,075 [INFO] CADModel:114 - Register for checkConnection events
2023-08-03 15:12:53,075 [FATAL] Updater:308 - Updater called before beeing initialized
2023-08-03 15:12:53,075 [ERROR] CADModel:125 - Updater not yet initialized, retry later 
2023-08-03 15:12:53,244 [INFO] CADModel:165 - CPN selected for project level
2023-08-03 15:12:53,244 [INFO] CADModel:114 - Register for checkConnection events
2023-08-03 15:12:53,244 [FATAL] Updater:308 - Updater called before beeing initialized
2023-08-03 15:12:53,244 [ERROR] CADModel:125 - Updater not yet initialized, retry later 
2023-08-03 15:12:53,249 [FATAL] Updater:308 - Updater called before beeing initialized
2023-08-03 15:12:53,352 [FATAL] Updater:308 - Updater called before beeing initialized
2023-08-03 15:12:53,361 [INFO] DbMcusAds:53 - JSON generation date=Tue Mar 07 04:50:55 AMT 2023 (1678179055114)
2023-08-03 15:12:53,361 [FATAL] Updater:308 - Updater called before beeing initialized
2023-08-03 15:12:53,444 [WARN] DetailPanel:346 - Failed to get advertising image, set to default
2023-08-03 15:12:53,669 [FATAL] Updater:308 - Updater called before beeing initialized
2023-08-03 15:12:53,672 [FATAL] Updater:308 - Updater called before beeing initialized
2023-08-03 15:12:53,672 [FATAL] Updater:308 - Updater called before beeing initialized
2023-08-03 15:12:53,672 [WARN] DetailPanel:346 - Failed to get advertising image, set to default
2023-08-03 15:12:53,674 [FATAL] Updater:308 - Updater called before beeing initialized
2023-08-03 15:12:53,731 [ERROR] Updater:1120 - MainUpdater not yet initialized. External WinMGr cannot be set.
2023-08-03 15:12:53,734 [INFO] Updater:1056 - Updater Version found : 6.8.1
2023-08-03 15:12:53,766 [INFO] ApplicationProperties:184 - Using Application install path: /opt/st/stm32cubeide_1.12.1/plugins/com.st.stm32cube.common.mx_6.8.1.202304191431
2023-08-03 15:12:53,947 [INFO] MainUpdater:2854 - connection check result : 10
2023-08-03 15:12:53,949 [INFO] MainUpdater:283 - Updater Check For Update Now.
2023-08-03 15:12:53,949 [INFO] MicroXplorer:498 - Change Database Version : DB.6.0.81
2023-08-03 15:12:54,167 [INFO] CheckServerUpdateThread:120 - End of CheckServer Thread
2023-08-03 15:12:54,362 [INFO] MainUpdater:2854 - connection check result : 10
2023-08-03 15:12:54,804 [INFO] ApiDb:581 - Connected to CubeFinder SQLite database (/home/thales/.stmcufinder/plugins/mcufinder/mcu/cube-finder-db.db)
2023-08-03 15:12:54,939 [INFO] ApiDb:668 - CubeFinder database Data Model version=2.1
2023-08-03 15:12:54,939 [INFO] ApiDb:669 - CubeFinder database Configuration version=3.0.37
2023-08-03 15:12:54,940 [INFO] ApiDb:670 - CubeFinder database generation date=2023-06-26 (1687786131)
2023-08-03 15:12:54,940 [INFO] ApiDb:671 - CubeFinder database FW Pack versions=[FP-ATR-ASTRA1_V2.0.0, FP-SNS-FLIGHT1_V5.0.1, FP-SNS-MOTENV1_V4.3.1, STM32Cube_FW_C0_V1.1.0, STM32Cube_FW_F4_V1.27.1, STM32Cube_FW_F7_V1.17.0, STM32Cube_FW_G0_V1.6.1, STM32Cube_FW_G4_V1.5.1, STM32Cube_FW_H5_V0.5.1, STM32Cube_FW_H5_V1.1.0, STM32Cube_FW_H7_V1.11.0, STM32Cube_FW_L0_V1.12.2, STM32Cube_FW_L5_V1.5.0, STM32Cube_FW_U5_V1.3.0, STM32Cube_FW_U5_V1.3.0RC4, STM32Cube_FW_WBA_V1.0.0RC1, STM32Cube_FW_WBA_V1.1.0, STM32Cube_FW_WBA_V1.1.0RC1, STM32Cube_FW_WB_V1.15.0RC1, STM32Cube_FW_WB_V1.16.0, STM32Cube_FW_WB_V1.16.0RC2, STM32Cube_FW_WB_V1.17.0, STM32Cube_FW_WL_V1.3.0, X-CUBE-ALGOBUILD_V1.3.0, X-CUBE-ALS_V1.0.1, X-CUBE-AZRTOS-F4_V1.1.0, X-CUBE-AZRTOS-F7_V1.1.0, X-CUBE-AZRTOS-G0_V1.1.0, X-CUBE-AZRTOS-G4_V2.0.0, X-CUBE-AZRTOS-H7_V3.1.0, X-CUBE-AZRTOS-L4_V1.0.0, X-CUBE-AZRTOS-L4_V2.0.0, X-CUBE-AZRTOS-L5_V1.1.0, X-CUBE-AZRTOS-WB_V1.1.0, X-CUBE-AZRTOS-WL_V2.0.0, X-CUBE-BLE1_V6.2.4, X-CUBE-BLE2_V3.3.0, X-CUBE-BLEMGR_V2.0.0, X-CUBE-EEPRMA1_V4.1.0, X-CUBE-FREERTOS_V1.0.1, X-CUBE-GNSS1_V6.0.0, X-CUBE-MEMS1_V9.1.0, X-CUBE-MEMS1_V9.4.0, X-CUBE-MEMS1_V9.6.0, X-CUBE-NFC4_V3.0.0, X-CUBE-NFC7_V1.0.0, X-CUBE-SFXS2LP1_V4.0.0, X-CUBE-SUBG2_V5.0.0]
2023-08-03 15:12:55,188 [INFO] DbBoardsSqlite:226 - include board P-NUCLEO-WB55-NUCLEO as a kit item of type 'Nucleo-64'
2023-08-03 15:12:55,189 [INFO] DbBoardsSqlite:226 - include board P-NUCLEO-WB55-USBDONGLE as a kit item of type 'Nucleo USB Dongle'
2023-08-03 15:12:55,191 [INFO] DbBoardsSqlite:226 - include board STEVAL-IDP005V1 as a kit item of type 'Evaluation Board'
2023-08-03 15:12:55,192 [INFO] DbBoardsSqlite:226 - include board STEVAL-IDP005V2 as a kit item of type 'Evaluation Board'
2023-08-03 15:12:55,420 [INFO] ApiDb:240 - Found 297 in-development CPN: [B-G473E-ZEST1S, B-WB1M-WPAN1, B-WL5M-SUBG1, NUCLEO-C031C6, NUCLEO-H503RB, NUCLEO-H563ZI, NUCLEO-U545RE-Q, NUCLEO-U5A5ZJ-Q, NUCLEO-WBA52CG, STEVAL-PROTEUS1, STEVAL-STWINBX1, STM320518-EVAL, STM32C0116-DK, STM32C011D6Y3TR, STM32C011D6Y6TR, STM32C011F4P3, STM32C011F4P6, STM32C011F4U3, STM32C011F4U6TR, STM32C011F6P3, STM32C011F6P6, STM32C011F6U3, STM32C011F6U6TR, STM32C011J4M3, STM32C011J4M6, STM32C011J6M3, STM32C011J6M6, STM32C0316-DK, STM32C031C4T3, STM32C031C4T6, STM32C031C4U3, STM32C031C4U6, STM32C031C6T3, STM32C031C6T6, STM32C031C6U3, STM32C031C6U6, STM32C031F4P3, STM32C031F4P6, STM32C031F6P3, STM32C031F6P6, STM32C031G4U3, STM32C031G4U6, STM32C031G6U3, STM32C031G6U6, STM32C031K4T3, STM32C031K4T6, STM32C031K4U3, STM32C031K4U6, STM32C031K6T3, STM32C031K6T6, STM32C031K6U3, STM32C031K6U6, STM32G071K8TXN, STM32G071K8UXN, STM32G081GBU6N, STM32G081KBT6N, STM32G081KBUXN, STM32G0B1CCT6N, STM32G0B1KCT6, STM32G0B1NEY6TR, STM32G0B1RCT6N, STM32G0C1CCT6, STM32G0C1CCT6N, STM32G0C1CCU6N, STM32G0C1CET6N, STM32G0C1CEU6N, STM32G0C1KCT6, STM32G0C1NEY6TR, STM32G0C1RCI6N, STM32G0C1RCT6N, STM32G0C1REI6N, STM32G0C1RET6N, STM32G0C1VCI6, STM32G0C1VEI6, STM32G471CCT6, STM32G471CCU6, STM32G471CET3, STM32G471CET6, STM32G471CEU3, STM32G471CEU6, STM32G471MCT6, STM32G471MET3, STM32G471MET6, STM32G471MEY6TR, STM32G471QCT6, STM32G471QET3, STM32G471RCT6, STM32G471RET3, STM32G471RET6, STM32G471VCH6, STM32G471VCI6, STM32G471VCT6, STM32G471VEH3, STM32G471VEH6, STM32G471VEI3, STM32G471VEI6, STM32G471VET3, STM32G471VET6, STM32G474CCT6, STM32H503CBT6, STM32H503CBU6, STM32H503EBY6TR, STM32H503KBU6, STM32H503RBT6, STM32H562AGI6, STM32H562AII6, STM32H562IGK6, STM32H562IGT6, STM32H562IIK6, STM32H562IIT6, STM32H562RGT6, STM32H562RGV6, STM32H562RIT6, STM32H562RIV6, STM32H562VGT6, STM32H562VIT6, STM32H562ZGT6, STM32H562ZIT6, STM32H563AGI6, STM32H563AII3Q, STM32H563AII6, STM32H563IGK6, STM32H563IGT6, STM32H563IIK3Q, STM32H563IIK6, STM32H563IIT3Q, STM32H563IIT6, STM32H563MIY3QTR, STM32H563RGT6, STM32H563RGV6, STM32H563RIT6, STM32H563RIV6, STM32H563VGT6, STM32H563VIT3Q, STM32H563VIT6, STM32H563ZGT6, STM32H563ZIT3Q, STM32H563ZIT6, STM32H573AII3Q, STM32H573AII6, STM32H573I-DK, STM32H573IIK3Q, STM32H573IIK6, STM32H573IIT3Q, STM32H573IIT6, STM32H573MIY3QTR, STM32H573RIT6, STM32H573RIV6, STM32H573VIT3Q, STM32H573VIT6, STM32H573ZIT3Q, STM32H573ZIT6, STM32L4R5QGI6STR, STM32MP131AAE3, STM32MP131AAF3, STM32MP131AAG3, STM32MP131CAE3, STM32MP131CAF3, STM32MP131CAG3, STM32MP131DAE7, STM32MP131DAF7, STM32MP131DAG7, STM32MP131FAE7, STM32MP131FAF7, STM32MP131FAG7, STM32MP133AAE3, STM32MP133AAF3, STM32MP133AAG3, STM32MP133CAE3, STM32MP133CAF3, STM32MP133CAG3, STM32MP133DAE7, STM32MP133DAF7, STM32MP133DAG7, STM32MP133FAE7, STM32MP133FAF7, STM32MP133FAG7, STM32MP135AAE3, STM32MP135AAF3, STM32MP135AAG3, STM32MP135CAE3, STM32MP135CAF3, STM32MP135CAG3, STM32MP135DAE7, STM32MP135DAF7, STM32MP135DAG7, STM32MP135F-DK, STM32MP135FAE7, STM32MP135FAF7, STM32MP135FAF7T, STM32MP135FAF7U, STM32MP135FAG7, STM32U535CBT6, STM32U535CBT6Q, STM32U535CBU6, STM32U535CBU6Q, STM32U535CCT6, STM32U535CCT6Q, STM32U535CCU6, STM32U535CCU6Q, STM32U535CET6, STM32U535CET6Q, STM32U535CEU6, STM32U535CEU6Q, STM32U535JEY6QTR, STM32U535NCY6QTR, STM32U535NEY6QTR, STM32U535RBI6, STM32U535RBI6Q, STM32U535RBT6, STM32U535RBT6Q, STM32U535RCI6, STM32U535RCI6Q, STM32U535RCT6, STM32U535RCT6Q, STM32U535REI6, STM32U535REI6Q, STM32U535RET6, STM32U535RET6Q, STM32U535VCI6, STM32U535VCI6Q, STM32U535VCT6, STM32U535VCT6Q, STM32U535VEI6, STM32U535VEI6Q, STM32U535VET6, STM32U535VET6Q, STM32U545CET6, STM32U545CET6Q, STM32U545CEU6, STM32U545CEU6Q, STM32U545JEY6QTR, STM32U545NEY6QTR, STM32U545REI6, STM32U545REI6Q, STM32U545RET6, STM32U545RET6Q, STM32U545VEI6, STM32U545VEI6Q, STM32U545VET6, STM32U545VET6Q, STM32U595AIH6, STM32U595AIH6Q, STM32U595AJH6, STM32U595AJH6Q, STM32U595QII6, STM32U595QII6Q, STM32U595QJI6, STM32U595QJI6Q, STM32U595RIT6, STM32U595RIT6Q, STM32U595RJT6, STM32U595RJT6Q, STM32U595VIT6, STM32U595VIT6Q, STM32U595VJT6, STM32U595VJT6Q, STM32U595ZIT6, STM32U595ZIT6Q, STM32U595ZIY6QTR, STM32U595ZJT6, STM32U595ZJT6Q, STM32U595ZJY6QTR, STM32U599BJY6QTR, STM32U599NIH6Q, STM32U599NJH6Q, STM32U599VIT6Q, STM32U599VJT6, STM32U599VJT6Q, STM32U599ZIT6Q, STM32U599ZIY6QTR, STM32U599ZJT6Q, STM32U599ZJY6QTR, STM32U5A5AJH6, STM32U5A5AJH6Q, STM32U5A5QJI6, STM32U5A5QJI6Q, STM32U5A5RJT6, STM32U5A5RJT6Q, STM32U5A5VJT6, STM32U5A5VJT6Q, STM32U5A5ZJT6, STM32U5A5ZJT6Q, STM32U5A5ZJY6QTR, STM32U5A9BJY6QTR, STM32U5A9J-DK, STM32U5A9NJH6Q, STM32U5A9VJT6Q, STM32U5A9ZJT6Q, STM32U5A9ZJY6QTR, STM32WB1MMCH6, STM32WBA52CEU6, STM32WBA52CEU6T, STM32WBA52CGU6, STM32WBA52CGU6T, STM32WL5MOCH6, STM32WL5MOCH6TR]
2023-08-03 15:12:55,445 [INFO] ApiDb:668 - CubeFinder database Data Model version=2.1
2023-08-03 15:12:55,446 [INFO] ApiDb:669 - CubeFinder database Configuration version=3.0.37
2023-08-03 15:12:55,446 [INFO] ApiDb:670 - CubeFinder database generation date=2023-06-26 (1687786131)
2023-08-03 15:12:55,446 [INFO] ApiDb:671 - CubeFinder database FW Pack versions=[FP-ATR-ASTRA1_V2.0.0, FP-SNS-FLIGHT1_V5.0.1, FP-SNS-MOTENV1_V4.3.1, STM32Cube_FW_C0_V1.1.0, STM32Cube_FW_F4_V1.27.1, STM32Cube_FW_F7_V1.17.0, STM32Cube_FW_G0_V1.6.1, STM32Cube_FW_G4_V1.5.1, STM32Cube_FW_H5_V0.5.1, STM32Cube_FW_H5_V1.1.0, STM32Cube_FW_H7_V1.11.0, STM32Cube_FW_L0_V1.12.2, STM32Cube_FW_L5_V1.5.0, STM32Cube_FW_U5_V1.3.0, STM32Cube_FW_U5_V1.3.0RC4, STM32Cube_FW_WBA_V1.0.0RC1, STM32Cube_FW_WBA_V1.1.0, STM32Cube_FW_WBA_V1.1.0RC1, STM32Cube_FW_WB_V1.15.0RC1, STM32Cube_FW_WB_V1.16.0, STM32Cube_FW_WB_V1.16.0RC2, STM32Cube_FW_WB_V1.17.0, STM32Cube_FW_WL_V1.3.0, X-CUBE-ALGOBUILD_V1.3.0, X-CUBE-ALS_V1.0.1, X-CUBE-AZRTOS-F4_V1.1.0, X-CUBE-AZRTOS-F7_V1.1.0, X-CUBE-AZRTOS-G0_V1.1.0, X-CUBE-AZRTOS-G4_V2.0.0, X-CUBE-AZRTOS-H7_V3.1.0, X-CUBE-AZRTOS-L4_V1.0.0, X-CUBE-AZRTOS-L4_V2.0.0, X-CUBE-AZRTOS-L5_V1.1.0, X-CUBE-AZRTOS-WB_V1.1.0, X-CUBE-AZRTOS-WL_V2.0.0, X-CUBE-BLE1_V6.2.4, X-CUBE-BLE2_V3.3.0, X-CUBE-BLEMGR_V2.0.0, X-CUBE-EEPRMA1_V4.1.0, X-CUBE-FREERTOS_V1.0.1, X-CUBE-GNSS1_V6.0.0, X-CUBE-MEMS1_V9.1.0, X-CUBE-MEMS1_V9.4.0, X-CUBE-MEMS1_V9.6.0, X-CUBE-NFC4_V3.0.0, X-CUBE-NFC7_V1.0.0, X-CUBE-SFXS2LP1_V4.0.0, X-CUBE-SUBG2_V5.0.0]
2023-08-03 15:12:55,548 [WARN] PackLoader:240 - Cannot read IP mode file for STMicroelectronics.X-CUBE-SMBUS.2.1.0
2023-08-03 15:12:55,677 [WARN] PackLoader:240 - Cannot read IP mode file for STMicroelectronics.X-CUBE-AZRTOS-F7.1.1.0
2023-08-03 15:12:55,746 [WARN] PackLoader:240 - Cannot read IP mode file for STMicroelectronics.FP-SNS-MOTENV1.4.3.2
2023-08-03 15:12:55,765 [ERROR] RealEvaluatedCondition:428 - Found unsupported composite condition: GROUP='STM32_MetaDataManager' CLASS='Data Exchange'
2023-08-03 15:12:55,765 [ERROR] RealEvaluatedCondition:428 - Found unsupported composite condition: CLASS='Data Exchange' GROUP='STM32_MetaDataManager'
2023-08-03 15:12:55,771 [WARN] PackLoader:240 - Cannot read IP mode file for STMicroelectronics.FP-SNS-MOTENV1.4.3.1
2023-08-03 15:12:55,790 [WARN] PackLoader:240 - Cannot read IP mode file for STMicroelectronics.FP-SNS-FLIGHT1.5.0.1
2023-08-03 15:12:55,843 [WARN] PackLoader:240 - Cannot read IP mode file for STMicroelectronics.X-CUBE-BLE1.6.2.4
2023-08-03 15:12:55,854 [WARN] PackLoader:240 - Cannot read IP mode file for STMicroelectronics.FP-SNS-FLIGHT1.5.0.2
2023-08-03 15:12:55,871 [WARN] PackLoader:240 - Cannot read IP mode file for STMicroelectronics.X-CUBE-DISPLAY.3.0.0
2023-08-03 15:12:55,899 [WARN] PackLoader:240 - Cannot read IP mode file for STMicroelectronics.X-CUBE-TOUCHGFX.4.22.0
2023-08-03 15:12:55,914 [WARN] PackLoader:240 - Cannot read IP mode file for WES.I-CUBE-Cesium.1.3.0
2023-08-03 15:12:55,923 [WARN] PackLoader:240 - Cannot read IP mode file for STMicroelectronics.X-CUBE-BLE2.3.3.0
2023-08-03 15:12:55,929 [WARN] PackLoader:240 - Cannot read IP mode file for STMicroelectronics.X-CUBE-TOUCHGFX.4.21.4
2023-08-03 15:12:55,945 [WARN] PackLoader:240 - Cannot read IP mode file for STMicroelectronics.X-CUBE-ALGOBUILD.1.3.0
2023-08-03 15:12:55,993 [WARN] PackLoader:240 - Cannot read IP mode file for STMicroelectronics.X-CUBE-AZRTOS-G0.1.1.0
2023-08-03 15:12:56,013 [WARN] PackLoader:240 - Cannot read IP mode file for STMicroelectronics.X-CUBE-NFC4.3.0.0
2023-08-03 15:12:56,022 [WARN] PackLoader:240 - Cannot read IP mode file for STMicroelectronics.FP-ATR-SIGFOX1.3.2.0
2023-08-03 15:12:56,128 [WARN] PackLoader:240 - Cannot read IP mode file for SEGGER.I-CUBE-embOS.1.3.1
2023-08-03 15:12:56,302 [WARN] PackLoader:240 - Cannot read IP mode file for STMicroelectronics.X-CUBE-GNSS1.6.0.0
2023-08-03 15:12:56,368 [WARN] PackLoader:240 - Cannot read IP mode file for STMicroelectronics.X-CUBE-AZRTOS-F4.1.1.0
2023-08-03 15:12:56,426 [WARN] PackLoader:240 - Cannot read IP mode file for wolfSSL.I-CUBE-wolfSSL.5.6.0
2023-08-03 15:12:56,529 [WARN] PackLoader:240 - Cannot read IP mode file for STMicroelectronics.X-CUBE-MEMS1.9.6.0
2023-08-03 15:12:57,015 [WARN] PackLoader:240 - Cannot read IP mode file for emotas.I-CUBE-CANOPEN.1.1.3
2023-08-03 15:12:57,037 [WARN] PackLoader:240 - Cannot read IP mode file for STMicroelectronics.X-CUBE-BLEMGR.2.0.0
2023-08-03 15:12:57,098 [WARN] ConditionMgr:438 - getConditionDescription Invalid condition id : UX DEVICE CLASS RTOS Condition cause : null
2023-08-03 15:12:57,099 [WARN] ConditionMgr:438 - getConditionDescription Invalid condition id : UX DEVICE CLASS RTOS Condition cause : null
2023-08-03 15:12:57,109 [WARN] PackLoader:240 - Cannot read IP mode file for STMicroelectronics.X-CUBE-AZRTOS-H7.3.1.0
2023-08-03 15:12:57,113 [WARN] ConditionMgr:1039 - genDependencies : Invalid condition id : UX DEVICE CLASS RTOS Condition cause : null
2023-08-03 15:12:57,113 [WARN] ConditionMgr:1039 - genDependencies : Invalid condition id : UX DEVICE CLASS RTOS Condition cause : null
2023-08-03 15:12:57,116 [WARN] ConditionMgr:1039 - genDependencies : Invalid condition id : UX DEVICE CLASS RTOS Condition cause : null
2023-08-03 15:12:57,118 [WARN] ConditionMgr:1039 - genDependencies : Invalid condition id : UX DEVICE CLASS RTOS Condition cause : null
2023-08-03 15:12:57,119 [WARN] ConditionMgr:1039 - genDependencies : Invalid condition id : UX DEVICE CLASS RTOS Condition cause : null
2023-08-03 15:12:57,163 [WARN] PackLoader:240 - Cannot read IP mode file for STMicroelectronics.X-CUBE-NFC7.1.0.1
2023-08-03 15:12:57,177 [WARN] PackLoader:240 - Cannot read IP mode file for STMicroelectronics.X-CUBE-NFC7.1.0.0
2023-08-03 15:12:57,193 [WARN] PackLoader:240 - Cannot read IP mode file for STMicroelectronics.X-CUBE-EEPRMA1.4.1.0
2023-08-03 15:12:57,299 [WARN] ConditionMgr:438 - getConditionDescription Invalid condition id : LAN8742 Phy interface Condition cause : null
2023-08-03 15:12:57,301 [WARN] PackLoader:240 - Cannot read IP mode file for STMicroelectronics.X-CUBE-AZRTOS-L4.2.0.0
2023-08-03 15:12:57,305 [WARN] ConditionMgr:1039 - genDependencies : Invalid condition id : LAN8742 Phy interface Condition cause : null
2023-08-03 15:12:57,306 [WARN] ConditionMgr:1039 - genDependencies : Invalid condition id : LAN8742 Phy interface Condition cause : null
2023-08-03 15:12:57,309 [WARN] ConditionMgr:1039 - genDependencies : Invalid condition id : LAN8742 Phy interface Condition cause : null
2023-08-03 15:12:57,328 [WARN] PackLoader:240 - Cannot read IP mode file for STMicroelectronics.X-CUBE-SFXS2LP1.4.0.0
2023-08-03 15:12:57,341 [WARN] PackLoader:240 - Cannot read IP mode file for STMicroelectronics.X-CUBE-ISPU.1.1.0
2023-08-03 15:12:57,351 [WARN] PackLoader:240 - Cannot read IP mode file for STMicroelectronics.X-CUBE-FREERTOS.1.0.1
2023-08-03 15:12:57,379 [WARN] PackLoader:240 - Cannot read IP mode file for STMicroelectronics.X-CUBE-AZRTOS-L5.1.1.0
2023-08-03 15:12:57,389 [WARN] PackLoader:240 - Cannot read IP mode file for STMicroelectronics.X-CUBE-AI.8.0.1
2023-08-03 15:12:57,405 [WARN] PackLoader:240 - Cannot read IP mode file for STMicroelectronics.X-CUBE-SUBG2.5.0.0
2023-08-03 15:12:57,432 [WARN] PackLoader:240 - Cannot read IP mode file for STMicroelectronics.X-CUBE-TOF1.3.3.1
2023-08-03 15:12:57,481 [WARN] PackLoader:240 - Cannot read IP mode file for STMicroelectronics.X-CUBE-AZRTOS-G4.2.0.0
2023-08-03 15:12:57,501 [WARN] PackLoader:240 - Cannot read IP mode file for STMicroelectronics.X-CUBE-TOF1.3.3.0
2023-08-03 15:12:57,562 [WARN] PackLoader:240 - Cannot read IP mode file for portGmbH.I-Cube-SoM-uGOAL.1.1.0
2023-08-03 15:12:57,570 [WARN] PackLoader:240 - Cannot read IP mode file for STMicroelectronics.X-CUBE-ALS.1.0.1
2023-08-03 15:12:57,604 [WARN] PackLoader:240 - Cannot read IP mode file for STMicroelectronics.X-CUBE-AZRTOS-WB.1.1.0
2023-08-03 15:12:57,612 [WARN] PackLoader:240 - Cannot read IP mode file for STMicroelectronics.FP-ATR-ASTRA1.2.0.0
2023-08-03 15:12:57,614 [INFO] ThirdParty:978 - Integrity check success = true
2023-08-03 15:12:57,614 [INFO] IntegrityCheckThread:100 - exiting critical section [integrity check]
2023-08-03 15:12:57,614 [INFO] IntegrityCheckThread:103 - End integrity checks thread
2023-08-03 15:13:01,478 [INFO] ApiDb:240 - Found 297 in-development CPN: [B-G473E-ZEST1S, B-WB1M-WPAN1, B-WL5M-SUBG1, NUCLEO-C031C6, NUCLEO-H503RB, NUCLEO-H563ZI, NUCLEO-U545RE-Q, NUCLEO-U5A5ZJ-Q, NUCLEO-WBA52CG, STEVAL-PROTEUS1, STEVAL-STWINBX1, STM320518-EVAL, STM32C0116-DK, STM32C011D6Y3TR, STM32C011D6Y6TR, STM32C011F4P3, STM32C011F4P6, STM32C011F4U3, STM32C011F4U6TR, STM32C011F6P3, STM32C011F6P6, STM32C011F6U3, STM32C011F6U6TR, STM32C011J4M3, STM32C011J4M6, STM32C011J6M3, STM32C011J6M6, STM32C0316-DK, STM32C031C4T3, STM32C031C4T6, STM32C031C4U3, STM32C031C4U6, STM32C031C6T3, STM32C031C6T6, STM32C031C6U3, STM32C031C6U6, STM32C031F4P3, STM32C031F4P6, STM32C031F6P3, STM32C031F6P6, STM32C031G4U3, STM32C031G4U6, STM32C031G6U3, STM32C031G6U6, STM32C031K4T3, STM32C031K4T6, STM32C031K4U3, STM32C031K4U6, STM32C031K6T3, STM32C031K6T6, STM32C031K6U3, STM32C031K6U6, STM32G071K8TXN, STM32G071K8UXN, STM32G081GBU6N, STM32G081KBT6N, STM32G081KBUXN, STM32G0B1CCT6N, STM32G0B1KCT6, STM32G0B1NEY6TR, STM32G0B1RCT6N, STM32G0C1CCT6, STM32G0C1CCT6N, STM32G0C1CCU6N, STM32G0C1CET6N, STM32G0C1CEU6N, STM32G0C1KCT6, STM32G0C1NEY6TR, STM32G0C1RCI6N, STM32G0C1RCT6N, STM32G0C1REI6N, STM32G0C1RET6N, STM32G0C1VCI6, STM32G0C1VEI6, STM32G471CCT6, STM32G471CCU6, STM32G471CET3, STM32G471CET6, STM32G471CEU3, STM32G471CEU6, STM32G471MCT6, STM32G471MET3, STM32G471MET6, STM32G471MEY6TR, STM32G471QCT6, STM32G471QET3, STM32G471RCT6, STM32G471RET3, STM32G471RET6, STM32G471VCH6, STM32G471VCI6, STM32G471VCT6, STM32G471VEH3, STM32G471VEH6, STM32G471VEI3, STM32G471VEI6, STM32G471VET3, STM32G471VET6, STM32G474CCT6, STM32H503CBT6, STM32H503CBU6, STM32H503EBY6TR, STM32H503KBU6, STM32H503RBT6, STM32H562AGI6, STM32H562AII6, STM32H562IGK6, STM32H562IGT6, STM32H562IIK6, STM32H562IIT6, STM32H562RGT6, STM32H562RGV6, STM32H562RIT6, STM32H562RIV6, STM32H562VGT6, STM32H562VIT6, STM32H562ZGT6, STM32H562ZIT6, STM32H563AGI6, STM32H563AII3Q, STM32H563AII6, STM32H563IGK6, STM32H563IGT6, STM32H563IIK3Q, STM32H563IIK6, STM32H563IIT3Q, STM32H563IIT6, STM32H563MIY3QTR, STM32H563RGT6, STM32H563RGV6, STM32H563RIT6, STM32H563RIV6, STM32H563VGT6, STM32H563VIT3Q, STM32H563VIT6, STM32H563ZGT6, STM32H563ZIT3Q, STM32H563ZIT6, STM32H573AII3Q, STM32H573AII6, STM32H573I-DK, STM32H573IIK3Q, STM32H573IIK6, STM32H573IIT3Q, STM32H573IIT6, STM32H573MIY3QTR, STM32H573RIT6, STM32H573RIV6, STM32H573VIT3Q, STM32H573VIT6, STM32H573ZIT3Q, STM32H573ZIT6, STM32L4R5QGI6STR, STM32MP131AAE3, STM32MP131AAF3, STM32MP131AAG3, STM32MP131CAE3, STM32MP131CAF3, STM32MP131CAG3, STM32MP131DAE7, STM32MP131DAF7, STM32MP131DAG7, STM32MP131FAE7, STM32MP131FAF7, STM32MP131FAG7, STM32MP133AAE3, STM32MP133AAF3, STM32MP133AAG3, STM32MP133CAE3, STM32MP133CAF3, STM32MP133CAG3, STM32MP133DAE7, STM32MP133DAF7, STM32MP133DAG7, STM32MP133FAE7, STM32MP133FAF7, STM32MP133FAG7, STM32MP135AAE3, STM32MP135AAF3, STM32MP135AAG3, STM32MP135CAE3, STM32MP135CAF3, STM32MP135CAG3, STM32MP135DAE7, STM32MP135DAF7, STM32MP135DAG7, STM32MP135F-DK, STM32MP135FAE7, STM32MP135FAF7, STM32MP135FAF7T, STM32MP135FAF7U, STM32MP135FAG7, STM32U535CBT6, STM32U535CBT6Q, STM32U535CBU6, STM32U535CBU6Q, STM32U535CCT6, STM32U535CCT6Q, STM32U535CCU6, STM32U535CCU6Q, STM32U535CET6, STM32U535CET6Q, STM32U535CEU6, STM32U535CEU6Q, STM32U535JEY6QTR, STM32U535NCY6QTR, STM32U535NEY6QTR, STM32U535RBI6, STM32U535RBI6Q, STM32U535RBT6, STM32U535RBT6Q, STM32U535RCI6, STM32U535RCI6Q, STM32U535RCT6, STM32U535RCT6Q, STM32U535REI6, STM32U535REI6Q, STM32U535RET6, STM32U535RET6Q, STM32U535VCI6, STM32U535VCI6Q, STM32U535VCT6, STM32U535VCT6Q, STM32U535VEI6, STM32U535VEI6Q, STM32U535VET6, STM32U535VET6Q, STM32U545CET6, STM32U545CET6Q, STM32U545CEU6, STM32U545CEU6Q, STM32U545JEY6QTR, STM32U545NEY6QTR, STM32U545REI6, STM32U545REI6Q, STM32U545RET6, STM32U545RET6Q, STM32U545VEI6, STM32U545VEI6Q, STM32U545VET6, STM32U545VET6Q, STM32U595AIH6, STM32U595AIH6Q, STM32U595AJH6, STM32U595AJH6Q, STM32U595QII6, STM32U595QII6Q, STM32U595QJI6, STM32U595QJI6Q, STM32U595RIT6, STM32U595RIT6Q, STM32U595RJT6, STM32U595RJT6Q, STM32U595VIT6, STM32U595VIT6Q, STM32U595VJT6, STM32U595VJT6Q, STM32U595ZIT6, STM32U595ZIT6Q, STM32U595ZIY6QTR, STM32U595ZJT6, STM32U595ZJT6Q, STM32U595ZJY6QTR, STM32U599BJY6QTR, STM32U599NIH6Q, STM32U599NJH6Q, STM32U599VIT6Q, STM32U599VJT6, STM32U599VJT6Q, STM32U599ZIT6Q, STM32U599ZIY6QTR, STM32U599ZJT6Q, STM32U599ZJY6QTR, STM32U5A5AJH6, STM32U5A5AJH6Q, STM32U5A5QJI6, STM32U5A5QJI6Q, STM32U5A5RJT6, STM32U5A5RJT6Q, STM32U5A5VJT6, STM32U5A5VJT6Q, STM32U5A5ZJT6, STM32U5A5ZJT6Q, STM32U5A5ZJY6QTR, STM32U5A9BJY6QTR, STM32U5A9J-DK, STM32U5A9NJH6Q, STM32U5A9VJT6Q, STM32U5A9ZJT6Q, STM32U5A9ZJY6QTR, STM32WB1MMCH6, STM32WBA52CEU6, STM32WBA52CEU6T, STM32WBA52CGU6, STM32WBA52CGU6T, STM32WL5MOCH6, STM32WL5MOCH6TR]
2023-08-03 15:13:01,483 [INFO] DbMcus:216 - Found 3825 MCUs, 3825 are supported
2023-08-03 15:13:01,486 [INFO] ApiDb:423 - Load user favorites file /home/thales/.stm32cubeide/favorites.mcus.txt: 0 item(s)
2023-08-03 15:13:01,487 [INFO] ApiDb:427 - User favorites MCUs=[]
2023-08-03 15:13:01,487 [INFO] DbMcus:222 - Set 0 / 0 favorites MCUs
2023-08-03 15:13:02,138 [INFO] BoardInfo:880 - No configuration file found for board P-NUCLEO-WB55
2023-08-03 15:13:02,138 [INFO] DbBoards:157 - Kit is not supported: P-NUCLEO-WB55
2023-08-03 15:13:02,145 [INFO] BoardInfo:880 - No configuration file found for board STEVAL-BFA001V1B
2023-08-03 15:13:02,145 [INFO] DbBoards:157 - Kit is not supported: STEVAL-BFA001V1B
2023-08-03 15:13:02,147 [INFO] BoardInfo:880 - No configuration file found for board STEVAL-BFA001V2B
2023-08-03 15:13:02,147 [INFO] DbBoards:157 - Kit is not supported: STEVAL-BFA001V2B
2023-08-03 15:13:02,156 [INFO] BoardInfo:880 - No configuration file found for board STEVAL-SMARTAG2
2023-08-03 15:13:02,156 [INFO] DbBoards:157 - Board is not supported: STEVAL-SMARTAG2
2023-08-03 15:13:02,353 [INFO] DbBoards:161 - Found 188 boards, 184 are supported
2023-08-03 15:13:02,360 [INFO] ApiDb:423 - Load user favorites file /home/thales/.stm32cubeide/favorites.boards.txt: 1 item(s)
2023-08-03 15:13:02,361 [INFO] ApiDb:427 - User favorites Boards=[NUCLEO-F411RE]
2023-08-03 15:13:02,362 [INFO] DbBoards:190 - Set 1 / 1 favorites Boards
2023-08-03 15:13:02,362 [INFO] McuFinderGlobals:66 - Set McuFinderConnectedMode to true
2023-08-03 15:13:02,379 [INFO] MultiScanPanel:200 - Auto-refresh data requested => check proxy status ongoing
2023-08-03 15:13:02,384 [INFO] FinderPluginLoader:95 - Searching for filters in installed packs
2023-08-03 15:13:05,734 [INFO] LoadUrlFilesThread:185 - End of LoadServerUrlFiles without Thread
2023-08-03 15:13:05,752 [INFO] DetailPanel:341 - Set advertising image to /home/thales/STM32Cube/Repository//en.prom-stm32h5-mcu-finder.jpg
2023-08-03 15:13:49,238 [INFO] MultiScanPanel:200 - Auto-refresh data requested => check proxy status ongoing
2023-08-03 15:13:49,363 [INFO] LoadUrlFilesThread:185 - End of LoadServerUrlFiles without Thread
2023-08-03 15:13:49,363 [INFO] DetailPanel:341 - Set advertising image to /home/thales/STM32Cube/Repository//en.prom-stm32h5-mcu-finder.jpg
2023-08-03 15:14:18,293 [INFO] McuFinderGlobals:66 - Set McuFinderConnectedMode to true
2023-08-03 15:14:18,299 [INFO] ApiDb:448 - Save user favorites file /home/thales/.stm32cubeide/favorites.mcus.txt: 0 item(s)
2023-08-03 15:14:18,300 [INFO] ApiDb:452 - User favorites MCUs=[]
2023-08-03 15:14:18,303 [INFO] ApiDb:448 - Save user favorites file /home/thales/.stm32cubeide/favorites.boards.txt: 1 item(s)
2023-08-03 15:14:18,303 [INFO] ApiDb:452 - User favorites Boards=[NUCLEO-F411RE]
